<?xml version="1.0" encoding="UTF-8"?>
<coverage generated="1525441549456" clover="3.2.0">
  <project timestamp="1525441549457" name="All files">
    <metrics statements="202" coveredstatements="59" conditionals="4001" coveredconditionals="79" methods="809" coveredmethods="51" elements="5012" coveredelements="189" complexity="0" loc="202" ncloc="202" packages="17" files="22" classes="22">
      <package name="react-task">
        <metrics statements="18" coveredstatements="0" conditionals="6" coveredconditionals="0" methods="3" coveredmethods="0"/>
        <file name="app.js" path="C:\Users\Lizaveta_Sasinovich\Desktop\Cources\react-task\app.js">
          <metrics statements="8" coveredstatements="0" conditionals="0" coveredconditionals="0" methods="2" coveredmethods="0"/>
          <line num="1" count="0" type="stmt"/>
          <line num="2" count="0" type="stmt"/>
          <line num="4" count="0" type="stmt"/>
          <line num="6" count="0" type="stmt"/>
          <line num="8" count="0" type="stmt"/>
          <line num="9" count="0" type="stmt"/>
          <line num="12" count="0" type="stmt"/>
          <line num="13" count="0" type="stmt"/>
        </file>
        <file name="webpack.config.js" path="C:\Users\Lizaveta_Sasinovich\Desktop\Cources\react-task\webpack.config.js">
          <metrics statements="10" coveredstatements="0" conditionals="6" coveredconditionals="0" methods="1" coveredmethods="0"/>
          <line num="1" count="0" type="stmt"/>
          <line num="2" count="0" type="stmt"/>
          <line num="3" count="0" type="stmt"/>
          <line num="4" count="0" type="stmt"/>
          <line num="6" count="0" type="cond" truecount="0" falsecount="2"/>
          <line num="8" count="0" type="stmt"/>
          <line num="10" count="0" type="stmt"/>
          <line num="69" count="0" type="cond" truecount="0" falsecount="2"/>
          <line num="70" count="0" type="stmt"/>
          <line num="86" count="0" type="stmt"/>
        </file>
      </package>
      <package name="react-task.client">
        <metrics statements="0" coveredstatements="0" conditionals="0" coveredconditionals="0" methods="0" coveredmethods="0"/>
        <file name="index.js" path="C:\Users\Lizaveta_Sasinovich\Desktop\Cources\react-task\client\index.js">
          <metrics statements="0" coveredstatements="0" conditionals="0" coveredconditionals="0" methods="0" coveredmethods="0"/>
        </file>
      </package>
      <package name="react-task.client.components.empty-results">
        <metrics statements="2" coveredstatements="2" conditionals="0" coveredconditionals="0" methods="1" coveredmethods="1"/>
        <file name="empty-results.jsx" path="C:\Users\Lizaveta_Sasinovich\Desktop\Cources\react-task\client\components\empty-results\empty-results.jsx">
          <metrics statements="2" coveredstatements="2" conditionals="0" coveredconditionals="0" methods="1" coveredmethods="1"/>
          <line num="1" count="3" type="stmt"/>
          <line num="5" count="3" type="stmt"/>
        </file>
      </package>
      <package name="react-task.client.components.film-item">
        <metrics statements="4" coveredstatements="4" conditionals="0" coveredconditionals="0" methods="1" coveredmethods="1"/>
        <file name="film-item.jsx" path="C:\Users\Lizaveta_Sasinovich\Desktop\Cources\react-task\client\components\film-item\film-item.jsx">
          <metrics statements="4" coveredstatements="4" conditionals="0" coveredconditionals="0" methods="1" coveredmethods="1"/>
          <line num="1" count="3" type="stmt"/>
          <line num="6" count="3" type="stmt"/>
          <line num="19" count="3" type="stmt"/>
          <line num="26" count="3" type="stmt"/>
        </file>
      </package>
      <package name="react-task.client.components.footer">
        <metrics statements="2" coveredstatements="2" conditionals="0" coveredconditionals="0" methods="1" coveredmethods="1"/>
        <file name="footer.jsx" path="C:\Users\Lizaveta_Sasinovich\Desktop\Cources\react-task\client\components\footer\footer.jsx">
          <metrics statements="2" coveredstatements="2" conditionals="0" coveredconditionals="0" methods="1" coveredmethods="1"/>
          <line num="1" count="1" type="stmt"/>
          <line num="6" count="1" type="stmt"/>
        </file>
      </package>
      <package name="react-task.client.components.full-film-item">
        <metrics statements="4" coveredstatements="4" conditionals="0" coveredconditionals="0" methods="1" coveredmethods="1"/>
        <file name="full-film-item.jsx" path="C:\Users\Lizaveta_Sasinovich\Desktop\Cources\react-task\client\components\full-film-item\full-film-item.jsx">
          <metrics statements="4" coveredstatements="4" conditionals="0" coveredconditionals="0" methods="1" coveredmethods="1"/>
          <line num="1" count="3" type="stmt"/>
          <line num="6" count="3" type="stmt"/>
          <line num="21" count="3" type="stmt"/>
          <line num="32" count="3" type="stmt"/>
        </file>
      </package>
      <package name="react-task.client.components.header">
        <metrics statements="15" coveredstatements="15" conditionals="30" coveredconditionals="17" methods="15" coveredmethods="15"/>
        <file name="header.jsx" path="C:\Users\Lizaveta_Sasinovich\Desktop\Cources\react-task\client\components\header\header.jsx">
          <metrics statements="15" coveredstatements="15" conditionals="30" coveredconditionals="17" methods="15" coveredmethods="15"/>
          <line num="1" count="14" type="cond" truecount="5" falsecount="3"/>
          <line num="6" count="8" type="cond" truecount="10" falsecount="9"/>
          <line num="8" count="2" type="stmt"/>
          <line num="9" count="8" type="cond" truecount="1" falsecount="1"/>
          <line num="23" count="2" type="stmt"/>
          <line num="26" count="1" type="stmt"/>
          <line num="33" count="1" type="stmt"/>
          <line num="40" count="1" type="stmt"/>
          <line num="44" count="1" type="stmt"/>
          <line num="48" count="1" type="stmt"/>
          <line num="52" count="1" type="stmt"/>
          <line num="59" count="11" type="stmt"/>
          <line num="92" count="2" type="stmt"/>
          <line num="96" count="2" type="stmt"/>
          <line num="100" count="2" type="stmt"/>
        </file>
      </package>
      <package name="react-task.client.components.nextflixroulette">
        <metrics statements="2" coveredstatements="2" conditionals="0" coveredconditionals="0" methods="1" coveredmethods="1"/>
        <file name="nextflixroulette.jsx" path="C:\Users\Lizaveta_Sasinovich\Desktop\Cources\react-task\client\components\nextflixroulette\nextflixroulette.jsx">
          <metrics statements="2" coveredstatements="2" conditionals="0" coveredconditionals="0" methods="1" coveredmethods="1"/>
          <line num="1" count="4" type="stmt"/>
          <line num="6" count="4" type="stmt"/>
        </file>
      </package>
      <package name="react-task.client.components.results-bar">
        <metrics statements="13" coveredstatements="9" conditionals="33" coveredconditionals="16" methods="10" coveredmethods="9"/>
        <file name="results-bar.jsx" path="C:\Users\Lizaveta_Sasinovich\Desktop\Cources\react-task\client\components\results-bar\results-bar.jsx">
          <metrics statements="13" coveredstatements="9" conditionals="33" coveredconditionals="16" methods="10" coveredmethods="9"/>
          <line num="1" count="6" type="cond" truecount="5" falsecount="3"/>
          <line num="5" count="3" type="cond" truecount="10" falsecount="9"/>
          <line num="7" count="3" type="stmt"/>
          <line num="8" count="2" type="cond" truecount="1" falsecount="1"/>
          <line num="17" count="3" type="stmt"/>
          <line num="20" count="0" type="cond" truecount="0" falsecount="2"/>
          <line num="21" count="0" type="cond" truecount="0" falsecount="2"/>
          <line num="22" count="0" type="stmt"/>
          <line num="27" count="0" type="stmt"/>
          <line num="36" count="2" type="stmt"/>
          <line num="46" count="3" type="stmt"/>
          <line num="49" count="3" type="stmt"/>
          <line num="53" count="3" type="stmt"/>
        </file>
      </package>
      <package name="react-task.client.components.results-body">
        <metrics statements="7" coveredstatements="7" conditionals="30" coveredconditionals="17" methods="10" coveredmethods="10"/>
        <file name="results-body.jsx" path="C:\Users\Lizaveta_Sasinovich\Desktop\Cources\react-task\client\components\results-body\results-body.jsx">
          <metrics statements="7" coveredstatements="7" conditionals="30" coveredconditionals="17" methods="10" coveredmethods="10"/>
          <line num="1" count="2" type="cond" truecount="5" falsecount="3"/>
          <line num="8" count="2" type="cond" truecount="10" falsecount="9"/>
          <line num="10" count="2" type="cond" truecount="1" falsecount="1"/>
          <line num="12" count="2" type="stmt"/>
          <line num="14" count="2" type="cond" truecount="1" falsecount="0"/>
          <line num="24" count="2" type="stmt"/>
          <line num="31" count="2" type="stmt"/>
        </file>
      </package>
      <package name="react-task.client.components.results-body-error-boundary">
        <metrics statements="12" coveredstatements="6" conditionals="31" coveredconditionals="11" methods="10" coveredmethods="5"/>
        <file name="results-body-error-boundary.jsx" path="C:\Users\Lizaveta_Sasinovich\Desktop\Cources\react-task\client\components\results-body-error-boundary\results-body-error-boundary.jsx">
          <metrics statements="12" coveredstatements="6" conditionals="31" coveredconditionals="11" methods="10" coveredmethods="5"/>
          <line num="1" count="4" type="cond" truecount="5" falsecount="3"/>
          <line num="4" count="2" type="cond" truecount="6" falsecount="13"/>
          <line num="6" count="2" type="stmt"/>
          <line num="7" count="0" type="cond" truecount="0" falsecount="2"/>
          <line num="10" count="2" type="stmt"/>
          <line num="13" count="0" type="stmt"/>
          <line num="14" count="0" type="stmt"/>
          <line num="18" count="0" type="cond" truecount="0" falsecount="2"/>
          <line num="19" count="0" type="stmt"/>
          <line num="21" count="0" type="stmt"/>
          <line num="22" count="2" type="stmt"/>
          <line num="25" count="2" type="stmt"/>
        </file>
      </package>
      <package name="react-task.client.components.search-container">
        <metrics statements="3" coveredstatements="3" conditionals="27" coveredconditionals="15" methods="6" coveredmethods="6"/>
        <file name="search-container.jsx" path="C:\Users\Lizaveta_Sasinovich\Desktop\Cources\react-task\client\components\search-container\search-container.jsx">
          <metrics statements="3" coveredstatements="3" conditionals="27" coveredconditionals="15" methods="6" coveredmethods="6"/>
          <line num="1" count="1" type="cond" truecount="5" falsecount="3"/>
          <line num="7" count="4" type="cond" truecount="10" falsecount="9"/>
          <line num="9" count="1" type="stmt"/>
        </file>
      </package>
      <package name="react-task.client.constants">
        <metrics statements="1" coveredstatements="0" conditionals="0" coveredconditionals="0" methods="0" coveredmethods="0"/>
        <file name="app-constants.js" path="C:\Users\Lizaveta_Sasinovich\Desktop\Cources\react-task\client\constants\app-constants.js">
          <metrics statements="1" coveredstatements="0" conditionals="0" coveredconditionals="0" methods="0" coveredmethods="0"/>
          <line num="1" count="0" type="stmt"/>
        </file>
      </package>
      <package name="react-task.client.pages.core">
        <metrics statements="5" coveredstatements="0" conditionals="29" coveredconditionals="0" methods="9" coveredmethods="0"/>
        <file name="core.jsx" path="C:\Users\Lizaveta_Sasinovich\Desktop\Cources\react-task\client\pages\core\core.jsx">
          <metrics statements="5" coveredstatements="0" conditionals="29" coveredconditionals="0" methods="9" coveredmethods="0"/>
          <line num="1" count="0" type="cond" truecount="0" falsecount="8"/>
          <line num="6" count="0" type="cond" truecount="0" falsecount="19"/>
          <line num="8" count="0" type="cond" truecount="0" falsecount="2"/>
          <line num="10" count="0" type="stmt"/>
          <line num="16" count="0" type="stmt"/>
        </file>
      </package>
      <package name="react-task.coverage.lcov-report">
        <metrics statements="105" coveredstatements="0" conditionals="321" coveredconditionals="0" methods="52" coveredmethods="0"/>
        <file name="block-navigation.js" path="C:\Users\Lizaveta_Sasinovich\Desktop\Cources\react-task\coverage\lcov-report\block-navigation.js">
          <metrics statements="27" coveredstatements="0" conditionals="15" coveredconditionals="0" methods="6" coveredmethods="0"/>
          <line num="1" count="0" type="stmt"/>
          <line num="3" count="0" type="stmt"/>
          <line num="6" count="0" type="stmt"/>
          <line num="9" count="0" type="stmt"/>
          <line num="12" count="0" type="stmt"/>
          <line num="17" count="0" type="stmt"/>
          <line num="18" count="0" type="stmt"/>
          <line num="22" count="0" type="stmt"/>
          <line num="23" count="0" type="stmt"/>
          <line num="24" count="0" type="stmt"/>
          <line num="29" count="0" type="stmt"/>
          <line num="30" count="0" type="cond" truecount="0" falsecount="4"/>
          <line num="31" count="0" type="stmt"/>
          <line num="32" count="0" type="cond" truecount="0" falsecount="2"/>
          <line num="33" count="0" type="stmt"/>
          <line num="36" count="0" type="stmt"/>
          <line num="40" count="0" type="stmt"/>
          <line num="42" count="0" type="cond" truecount="0" falsecount="4"/>
          <line num="43" count="0" type="stmt"/>
          <line num="46" count="0" type="stmt"/>
          <line num="49" count="0" type="stmt"/>
          <line num="50" count="0" type="cond" truecount="0" falsecount="5"/>
          <line num="53" count="0" type="stmt"/>
          <line num="54" count="0" type="stmt"/>
          <line num="58" count="0" type="stmt"/>
          <line num="59" count="0" type="stmt"/>
          <line num="63" count="0" type="stmt"/>
        </file>
        <file name="prettify.js" path="C:\Users\Lizaveta_Sasinovich\Desktop\Cources\react-task\coverage\lcov-report\prettify.js">
          <metrics statements="1" coveredstatements="0" conditionals="284" coveredconditionals="0" methods="29" coveredmethods="0"/>
          <line num="1" count="0" type="cond" truecount="0" falsecount="284"/>
        </file>
        <file name="sorter.js" path="C:\Users\Lizaveta_Sasinovich\Desktop\Cources\react-task\coverage\lcov-report\sorter.js">
          <metrics statements="77" coveredstatements="0" conditionals="22" coveredconditionals="0" methods="17" coveredmethods="0"/>
          <line num="1" count="0" type="stmt"/>
          <line num="4" count="0" type="stmt"/>
          <line num="10" count="0" type="stmt"/>
          <line num="12" count="0" type="stmt"/>
          <line num="14" count="0" type="stmt"/>
          <line num="16" count="0" type="stmt"/>
          <line num="20" count="0" type="stmt"/>
          <line num="22" count="0" type="stmt"/>
          <line num="26" count="0" type="stmt"/>
          <line num="27" count="0" type="stmt"/>
          <line num="28" count="0" type="stmt"/>
          <line num="33" count="0" type="stmt"/>
          <line num="34" count="0" type="cond" truecount="0" falsecount="2"/>
          <line num="35" count="0" type="stmt"/>
          <line num="36" count="0" type="stmt"/>
          <line num="39" count="0" type="stmt"/>
          <line num="44" count="0" type="stmt"/>
          <line num="47" count="0" type="stmt"/>
          <line num="50" count="0" type="stmt"/>
          <line num="51" count="0" type="stmt"/>
          <line num="52" count="0" type="stmt"/>
          <line num="53" count="0" type="stmt"/>
          <line num="54" count="0" type="cond" truecount="0" falsecount="2"/>
          <line num="55" count="0" type="stmt"/>
          <line num="57" count="0" type="stmt"/>
          <line num="59" count="0" type="stmt"/>
          <line num="63" count="0" type="stmt"/>
          <line num="66" count="0" type="stmt"/>
          <line num="67" count="0" type="stmt"/>
          <line num="72" count="0" type="stmt"/>
          <line num="73" count="0" type="stmt"/>
          <line num="74" count="0" type="stmt"/>
          <line num="75" count="0" type="stmt"/>
          <line num="76" count="0" type="cond" truecount="0" falsecount="4"/>
          <line num="78" count="0" type="stmt"/>
          <line num="79" count="0" type="stmt"/>
          <line num="80" count="0" type="stmt"/>
          <line num="81" count="0" type="stmt"/>
          <line num="84" count="0" type="cond" truecount="0" falsecount="2"/>
          <line num="85" count="0" type="stmt"/>
          <line num="86" count="0" type="stmt"/>
          <line num="90" count="0" type="stmt"/>
          <line num="91" count="0" type="stmt"/>
          <line num="92" count="0" type="stmt"/>
          <line num="95" count="0" type="stmt"/>
          <line num="97" count="0" type="stmt"/>
          <line num="98" count="0" type="stmt"/>
          <line num="103" count="0" type="stmt"/>
          <line num="104" count="0" type="stmt"/>
          <line num="106" count="0" type="stmt"/>
          <line num="107" count="0" type="stmt"/>
          <line num="111" count="0" type="cond" truecount="0" falsecount="2"/>
          <line num="117" count="0" type="stmt"/>
          <line num="118" count="0" type="stmt"/>
          <line num="120" count="0" type="stmt"/>
          <line num="121" count="0" type="stmt"/>
          <line num="123" count="0" type="cond" truecount="0" falsecount="2"/>
          <line num="124" count="0" type="stmt"/>
          <line num="126" count="0" type="stmt"/>
          <line num="127" count="0" type="stmt"/>
          <line num="128" count="0" type="stmt"/>
          <line num="129" count="0" type="stmt"/>
          <line num="130" count="0" type="stmt"/>
          <line num="133" count="0" type="stmt"/>
          <line num="134" count="0" type="cond" truecount="0" falsecount="2"/>
          <line num="137" count="0" type="stmt"/>
          <line num="138" count="0" type="cond" truecount="0" falsecount="2"/>
          <line num="139" count="0" type="stmt"/>
          <line num="141" count="0" type="stmt"/>
          <line num="147" count="0" type="stmt"/>
          <line num="148" count="0" type="cond" truecount="0" falsecount="2"/>
          <line num="149" count="0" type="stmt"/>
          <line num="151" count="0" type="stmt"/>
          <line num="152" count="0" type="stmt"/>
          <line num="153" count="0" type="stmt"/>
          <line num="154" count="0" type="stmt"/>
          <line num="158" count="0" type="stmt"/>
        </file>
      </package>
      <package name="react-task.dist">
        <metrics statements="4" coveredstatements="0" conditionals="3490" coveredconditionals="0" methods="688" coveredmethods="0"/>
        <file name="index.js" path="C:\Users\Lizaveta_Sasinovich\Desktop\Cources\react-task\dist\index.js">
          <metrics statements="4" coveredstatements="0" conditionals="3490" coveredconditionals="0" methods="688" coveredmethods="0"/>
          <line num="1" count="0" type="cond" truecount="0" falsecount="200"/>
          <line num="6" count="0" type="cond" truecount="0" falsecount="334"/>
          <line num="14" count="0" type="cond" truecount="0" falsecount="2815"/>
          <line num="22" count="0" type="cond" truecount="0" falsecount="141"/>
        </file>
      </package>
      <package name="react-task.jest">
        <metrics statements="5" coveredstatements="5" conditionals="4" coveredconditionals="3" methods="1" coveredmethods="1"/>
        <file name="fileMock.js" path="C:\Users\Lizaveta_Sasinovich\Desktop\Cources\react-task\jest\fileMock.js">
          <metrics statements="1" coveredstatements="1" conditionals="0" coveredconditionals="0" methods="0" coveredmethods="0"/>
          <line num="1" count="1" type="stmt"/>
        </file>
        <file name="setupTests.js" path="C:\Users\Lizaveta_Sasinovich\Desktop\Cources\react-task\jest\setupTests.js">
          <metrics statements="3" coveredstatements="3" conditionals="4" coveredconditionals="3" methods="1" coveredmethods="1"/>
          <line num="2" count="20" type="cond" truecount="3" falsecount="1"/>
          <line num="7" count="10" type="stmt"/>
          <line num="8" count="10" type="stmt"/>
        </file>
        <file name="styleMock.js" path="C:\Users\Lizaveta_Sasinovich\Desktop\Cources\react-task\jest\styleMock.js">
          <metrics statements="1" coveredstatements="1" conditionals="0" coveredconditionals="0" methods="0" coveredmethods="0"/>
          <line num="1" count="9" type="stmt"/>
        </file>
      </package>
    </metrics>
  </project>
</coverage>
