TN:
SF:C:\Users\Lizaveta_Sasinovich\Desktop\Cources\react-task\app.js
FN:8,(anonymous_0)
FN:12,(anonymous_1)
FNF:2
FNH:0
FNDA:0,(anonymous_0)
FNDA:0,(anonymous_1)
DA:1,0
DA:2,0
DA:4,0
DA:6,0
DA:8,0
DA:9,0
DA:12,0
DA:13,0
LF:8
LH:0
BRF:0
BRH:0
end_of_record
TN:
SF:C:\Users\Lizaveta_Sasinovich\Desktop\Cources\react-task\webpack.config.js
FN:8,(anonymous_0)
FNF:1
FNH:0
FNDA:0,(anonymous_0)
DA:1,0
DA:2,0
DA:3,0
DA:4,0
DA:6,0
DA:8,0
DA:10,0
DA:69,0
DA:70,0
DA:86,0
LF:10
LH:0
BRDA:6,0,0,0
BRDA:6,0,1,0
BRDA:58,1,0,0
BRDA:58,1,1,0
BRDA:69,2,0,0
BRDA:69,2,1,0
BRF:6
BRH:0
end_of_record
TN:
SF:C:\Users\Lizaveta_Sasinovich\Desktop\Cources\react-task\client\index.js
FNF:0
FNH:0
LF:0
LH:0
BRF:0
BRH:0
end_of_record
TN:
SF:C:\Users\Lizaveta_Sasinovich\Desktop\Cources\react-task\client\components\empty-results\empty-results.jsx
FN:5,EmptyResults
FNF:1
FNH:1
FNDA:1,EmptyResults
DA:1,3
DA:5,3
LF:2
LH:2
BRF:0
BRH:0
end_of_record
TN:
SF:C:\Users\Lizaveta_Sasinovich\Desktop\Cources\react-task\client\components\film-item\film-item.jsx
FN:6,FilmItem
FNF:1
FNH:1
FNDA:1,FilmItem
DA:1,3
DA:6,3
DA:19,3
DA:26,3
LF:4
LH:4
BRF:0
BRH:0
end_of_record
TN:
SF:C:\Users\Lizaveta_Sasinovich\Desktop\Cources\react-task\client\components\footer\footer.jsx
FN:6,Footer
FNF:1
FNH:1
FNDA:1,Footer
DA:1,1
DA:6,1
LF:2
LH:2
BRF:0
BRH:0
end_of_record
TN:
SF:C:\Users\Lizaveta_Sasinovich\Desktop\Cources\react-task\client\components\full-film-item\full-film-item.jsx
FN:6,FullFilmItem
FNF:1
FNH:1
FNDA:1,FullFilmItem
DA:1,3
DA:6,3
DA:21,3
DA:32,3
LF:4
LH:4
BRF:0
BRH:0
end_of_record
TN:
SF:C:\Users\Lizaveta_Sasinovich\Desktop\Cources\react-task\client\components\header\header.jsx
FN:1,(anonymous_0)
FN:1,defineProperties
FN:1,(anonymous_2)
FN:6,_classCallCheck
FN:6,_possibleConstructorReturn
FN:6,_inherits
FN:8,(anonymous_6)
FN:9,Header
FN:23,updateInputValue
FN:30,resetInputValue
FN:37,searchHendler
FN:41,titleHendler
FN:45,genreHendler
FN:49,returnToMainPage
FN:56,render
FNF:15
FNH:15
FNDA:2,(anonymous_0)
FNDA:2,defineProperties
FNDA:2,(anonymous_2)
FNDA:8,_classCallCheck
FNDA:8,_possibleConstructorReturn
FNDA:2,_inherits
FNDA:2,(anonymous_6)
FNDA:8,Header
FNDA:1,updateInputValue
FNDA:1,resetInputValue
FNDA:1,searchHendler
FNDA:1,titleHendler
FNDA:1,genreHendler
FNDA:1,returnToMainPage
FNDA:11,render
DA:1,14
DA:6,8
DA:8,2
DA:9,8
DA:23,2
DA:26,1
DA:33,1
DA:40,1
DA:44,1
DA:48,1
DA:52,1
DA:59,11
DA:92,2
DA:96,2
DA:100,2
LF:15
LH:15
BRDA:1,0,0,14
BRDA:1,0,1,14
BRDA:1,1,0,14
BRDA:1,1,1,0
BRDA:1,2,0,2
BRDA:1,2,1,0
BRDA:1,3,0,0
BRDA:1,3,1,2
BRDA:6,4,0,0
BRDA:6,4,1,8
BRDA:6,5,0,0
BRDA:6,5,1,8
BRDA:6,6,0,0
BRDA:6,6,1,8
BRDA:6,7,0,8
BRDA:6,7,1,0
BRDA:6,7,2,0
BRDA:6,8,0,0
BRDA:6,8,1,2
BRDA:6,9,0,2
BRDA:6,9,1,0
BRDA:6,10,0,2
BRDA:6,10,1,2
BRDA:6,11,0,2
BRDA:6,11,1,0
BRDA:6,12,0,2
BRDA:6,12,1,0
BRDA:9,13,0,8
BRDA:9,13,1,0
BRDA:63,14,0,11
BRF:30
BRH:17
end_of_record
TN:
SF:C:\Users\Lizaveta_Sasinovich\Desktop\Cources\react-task\client\components\nextflixroulette\nextflixroulette.jsx
FN:6,Nextflixroulette
FNF:1
FNH:1
FNDA:1,Nextflixroulette
DA:1,4
DA:6,4
LF:2
LH:2
BRF:0
BRH:0
end_of_record
TN:
SF:C:\Users\Lizaveta_Sasinovich\Desktop\Cources\react-task\client\components\results-bar\results-bar.jsx
FN:1,(anonymous_0)
FN:1,defineProperties
FN:1,(anonymous_2)
FN:5,_classCallCheck
FN:5,_possibleConstructorReturn
FN:5,_inherits
FN:7,(anonymous_6)
FN:8,ResultsBar
FN:17,switchSort
FN:33,render
FNF:10
FNH:9
FNDA:3,(anonymous_0)
FNDA:3,defineProperties
FNDA:3,(anonymous_2)
FNDA:2,_classCallCheck
FNDA:2,_possibleConstructorReturn
FNDA:3,_inherits
FNDA:3,(anonymous_6)
FNDA:2,ResultsBar
FNDA:0,switchSort
FNDA:2,render
DA:1,6
DA:5,3
DA:7,3
DA:8,2
DA:17,3
DA:20,0
DA:21,0
DA:22,0
DA:27,0
DA:36,2
DA:46,3
DA:49,3
DA:53,3
LF:13
LH:9
BRDA:1,0,0,6
BRDA:1,0,1,6
BRDA:1,1,0,6
BRDA:1,1,1,0
BRDA:1,2,0,3
BRDA:1,2,1,0
BRDA:1,3,0,0
BRDA:1,3,1,3
BRDA:5,4,0,0
BRDA:5,4,1,2
BRDA:5,5,0,0
BRDA:5,5,1,2
BRDA:5,6,0,0
BRDA:5,6,1,2
BRDA:5,7,0,2
BRDA:5,7,1,0
BRDA:5,7,2,0
BRDA:5,8,0,0
BRDA:5,8,1,3
BRDA:5,9,0,3
BRDA:5,9,1,0
BRDA:5,10,0,3
BRDA:5,10,1,3
BRDA:5,11,0,3
BRDA:5,11,1,0
BRDA:5,12,0,3
BRDA:5,12,1,0
BRDA:8,13,0,2
BRDA:8,13,1,0
BRDA:20,14,0,0
BRDA:20,14,1,0
BRDA:21,15,0,0
BRDA:21,15,1,0
BRF:33
BRH:16
end_of_record
TN:
SF:C:\Users\Lizaveta_Sasinovich\Desktop\Cources\react-task\client\components\results-body\results-body.jsx
FN:1,(anonymous_0)
FN:1,defineProperties
FN:1,(anonymous_2)
FN:8,_classCallCheck
FN:8,_possibleConstructorReturn
FN:8,_inherits
FN:10,(anonymous_6)
FN:10,ResultsBody
FN:10,render
FN:14,(anonymous_9)
FNF:10
FNH:10
FNDA:2,(anonymous_0)
FNDA:2,defineProperties
FNDA:2,(anonymous_2)
FNDA:2,_classCallCheck
FNDA:2,_possibleConstructorReturn
FNDA:2,_inherits
FNDA:2,(anonymous_6)
FNDA:2,ResultsBody
FNDA:2,render
FNDA:9,(anonymous_9)
DA:1,2
DA:8,2
DA:10,2
DA:12,2
DA:14,2
DA:24,2
DA:31,2
LF:7
LH:7
BRDA:1,0,0,2
BRDA:1,0,1,2
BRDA:1,1,0,2
BRDA:1,1,1,0
BRDA:1,2,0,2
BRDA:1,2,1,0
BRDA:1,3,0,0
BRDA:1,3,1,2
BRDA:8,4,0,0
BRDA:8,4,1,2
BRDA:8,5,0,0
BRDA:8,5,1,2
BRDA:8,6,0,0
BRDA:8,6,1,2
BRDA:8,7,0,2
BRDA:8,7,1,0
BRDA:8,7,2,0
BRDA:8,8,0,0
BRDA:8,8,1,2
BRDA:8,9,0,2
BRDA:8,9,1,0
BRDA:8,10,0,2
BRDA:8,10,1,2
BRDA:8,11,0,2
BRDA:8,11,1,0
BRDA:8,12,0,2
BRDA:8,12,1,0
BRDA:10,13,0,2
BRDA:10,13,1,0
BRDA:14,14,0,1
BRF:30
BRH:17
end_of_record
TN:
SF:C:\Users\Lizaveta_Sasinovich\Desktop\Cources\react-task\client\components\results-body-error-boundary\results-body-error-boundary.jsx
FN:1,(anonymous_0)
FN:1,defineProperties
FN:1,(anonymous_2)
FN:4,_classCallCheck
FN:4,_possibleConstructorReturn
FN:4,_inherits
FN:6,(anonymous_6)
FN:7,ResultsBodyErrorBoundary
FN:10,componentDidCatch
FN:15,render
FNF:10
FNH:5
FNDA:2,(anonymous_0)
FNDA:2,defineProperties
FNDA:2,(anonymous_2)
FNDA:0,_classCallCheck
FNDA:0,_possibleConstructorReturn
FNDA:2,_inherits
FNDA:2,(anonymous_6)
FNDA:0,ResultsBodyErrorBoundary
FNDA:0,componentDidCatch
FNDA:0,render
DA:1,4
DA:4,2
DA:6,2
DA:7,0
DA:10,2
DA:13,0
DA:14,0
DA:18,0
DA:19,0
DA:21,0
DA:22,2
DA:25,2
LF:12
LH:6
BRDA:1,0,0,4
BRDA:1,0,1,4
BRDA:1,1,0,4
BRDA:1,1,1,0
BRDA:1,2,0,2
BRDA:1,2,1,0
BRDA:1,3,0,0
BRDA:1,3,1,2
BRDA:4,4,0,0
BRDA:4,4,1,0
BRDA:4,5,0,0
BRDA:4,5,1,0
BRDA:4,6,0,0
BRDA:4,6,1,0
BRDA:4,7,0,0
BRDA:4,7,1,0
BRDA:4,7,2,0
BRDA:4,8,0,0
BRDA:4,8,1,2
BRDA:4,9,0,2
BRDA:4,9,1,0
BRDA:4,10,0,2
BRDA:4,10,1,2
BRDA:4,11,0,2
BRDA:4,11,1,0
BRDA:4,12,0,2
BRDA:4,12,1,0
BRDA:7,13,0,0
BRDA:7,13,1,0
BRDA:18,14,0,0
BRDA:18,14,1,0
BRF:31
BRH:11
end_of_record
TN:
SF:C:\Users\Lizaveta_Sasinovich\Desktop\Cources\react-task\client\components\search-container\search-container.jsx
FN:1,(anonymous_0)
FN:1,defineProperties
FN:1,(anonymous_2)
FN:7,_classCallCheck
FN:7,_possibleConstructorReturn
FN:7,_inherits
FNF:6
FNH:6
FNDA:1,(anonymous_0)
FNDA:1,defineProperties
FNDA:1,(anonymous_2)
FNDA:4,_classCallCheck
FNDA:4,_possibleConstructorReturn
FNDA:1,_inherits
DA:1,1
DA:7,4
DA:9,1
LF:3
LH:3
BRDA:1,0,0,1
BRDA:1,0,1,1
BRDA:1,1,0,1
BRDA:1,1,1,0
BRDA:1,2,0,1
BRDA:1,2,1,0
BRDA:1,3,0,0
BRDA:1,3,1,1
BRDA:7,4,0,0
BRDA:7,4,1,4
BRDA:7,5,0,0
BRDA:7,5,1,4
BRDA:7,6,0,0
BRDA:7,6,1,4
BRDA:7,7,0,4
BRDA:7,7,1,0
BRDA:7,7,2,0
BRDA:7,8,0,0
BRDA:7,8,1,1
BRDA:7,9,0,1
BRDA:7,9,1,0
BRDA:7,10,0,1
BRDA:7,10,1,1
BRDA:7,11,0,1
BRDA:7,11,1,0
BRDA:7,12,0,1
BRDA:7,12,1,0
BRF:27
BRH:15
end_of_record
TN:
SF:C:\Users\Lizaveta_Sasinovich\Desktop\Cources\react-task\client\constants\app-constants.js
FNF:0
FNH:0
DA:1,0
LF:1
LH:0
BRF:0
BRH:0
end_of_record
TN:
SF:C:\Users\Lizaveta_Sasinovich\Desktop\Cources\react-task\client\pages\core\core.jsx
FN:1,(anonymous_0)
FN:1,defineProperties
FN:1,(anonymous_2)
FN:6,_classCallCheck
FN:6,_possibleConstructorReturn
FN:6,_inherits
FN:8,(anonymous_6)
FN:8,Core
FN:8,render
FNF:9
FNH:0
FNDA:0,(anonymous_0)
FNDA:0,defineProperties
FNDA:0,(anonymous_2)
FNDA:0,_classCallCheck
FNDA:0,_possibleConstructorReturn
FNDA:0,_inherits
FNDA:0,(anonymous_6)
FNDA:0,Core
FNDA:0,render
DA:1,0
DA:6,0
DA:8,0
DA:10,0
DA:16,0
LF:5
LH:0
BRDA:1,0,0,0
BRDA:1,0,1,0
BRDA:1,1,0,0
BRDA:1,1,1,0
BRDA:1,2,0,0
BRDA:1,2,1,0
BRDA:1,3,0,0
BRDA:1,3,1,0
BRDA:6,4,0,0
BRDA:6,4,1,0
BRDA:6,5,0,0
BRDA:6,5,1,0
BRDA:6,6,0,0
BRDA:6,6,1,0
BRDA:6,7,0,0
BRDA:6,7,1,0
BRDA:6,7,2,0
BRDA:6,8,0,0
BRDA:6,8,1,0
BRDA:6,9,0,0
BRDA:6,9,1,0
BRDA:6,10,0,0
BRDA:6,10,1,0
BRDA:6,11,0,0
BRDA:6,11,1,0
BRDA:6,12,0,0
BRDA:6,12,1,0
BRDA:8,13,0,0
BRDA:8,13,1,0
BRF:29
BRH:0
end_of_record
TN:
SF:C:\Users\Lizaveta_Sasinovich\Desktop\Cources\react-task\coverage\lcov-report\block-navigation.js
FN:1,init
FN:16,toggleClass
FN:21,makeCurrent
FN:28,goToPrevious
FN:39,goToNext
FN:49,jump
FNF:6
FNH:0
FNDA:0,init
FNDA:0,toggleClass
FNDA:0,makeCurrent
FNDA:0,goToPrevious
FNDA:0,goToNext
FNDA:0,jump
DA:1,0
DA:3,0
DA:6,0
DA:9,0
DA:12,0
DA:17,0
DA:18,0
DA:22,0
DA:23,0
DA:24,0
DA:29,0
DA:30,0
DA:31,0
DA:32,0
DA:33,0
DA:36,0
DA:40,0
DA:42,0
DA:43,0
DA:46,0
DA:49,0
DA:50,0
DA:53,0
DA:54,0
DA:58,0
DA:59,0
DA:63,0
LF:27
LH:0
BRDA:30,0,0,0
BRDA:30,0,1,0
BRDA:30,1,0,0
BRDA:30,1,1,0
BRDA:32,2,0,0
BRDA:32,2,1,0
BRDA:42,3,0,0
BRDA:42,3,1,0
BRDA:42,4,0,0
BRDA:42,4,1,0
BRDA:50,5,0,0
BRDA:50,5,1,0
BRDA:50,5,2,0
BRDA:50,5,3,0
BRDA:50,5,4,0
BRF:15
BRH:0
end_of_record
TN:
SF:C:\Users\Lizaveta_Sasinovich\Desktop\Cources\react-task\coverage\lcov-report\prettify.js
FN:1,(anonymous_0)
FN:1,k
FN:1,ab
FN:1,T
FN:1,X
FN:1,(anonymous_5)
FN:1,W
FN:1,(anonymous_7)
FN:1,a
FN:1,aa
FN:1,B
FN:1,o
FN:1,g
FN:1,(anonymous_13)
FN:1,W
FN:1,i
FN:1,Q
FN:1,ae
FN:1,ad
FN:1,ai
FN:1,D
FN:1,c
FN:1,q
FN:1,d
FN:1,y
FN:1,b
FN:1,Y
FN:1,now
FN:1,U
FNF:29
FNH:0
FNDA:0,(anonymous_0)
FNDA:0,k
FNDA:0,ab
FNDA:0,T
FNDA:0,X
FNDA:0,(anonymous_5)
FNDA:0,W
FNDA:0,(anonymous_7)
FNDA:0,a
FNDA:0,aa
FNDA:0,B
FNDA:0,o
FNDA:0,g
FNDA:0,(anonymous_13)
FNDA:0,W
FNDA:0,i
FNDA:0,Q
FNDA:0,ae
FNDA:0,ad
FNDA:0,ai
FNDA:0,D
FNDA:0,c
FNDA:0,q
FNDA:0,d
FNDA:0,y
FNDA:0,b
FNDA:0,Y
FNDA:0,now
FNDA:0,U
DA:1,0
LF:1
LH:0
BRDA:1,0,0,0
BRDA:1,0,1,0
BRDA:1,1,0,0
BRDA:1,1,1,0
BRDA:1,2,0,0
BRDA:1,2,1,0
BRDA:1,3,0,0
BRDA:1,3,1,0
BRDA:1,4,0,0
BRDA:1,4,1,0
BRDA:1,5,0,0
BRDA:1,5,1,0
BRDA:1,6,0,0
BRDA:1,6,1,0
BRDA:1,7,0,0
BRDA:1,7,1,0
BRDA:1,8,0,0
BRDA:1,8,1,0
BRDA:1,9,0,0
BRDA:1,9,1,0
BRDA:1,10,0,0
BRDA:1,10,1,0
BRDA:1,11,0,0
BRDA:1,11,1,0
BRDA:1,11,2,0
BRDA:1,11,3,0
BRDA:1,12,0,0
BRDA:1,12,1,0
BRDA:1,13,0,0
BRDA:1,13,1,0
BRDA:1,14,0,0
BRDA:1,14,1,0
BRDA:1,15,0,0
BRDA:1,15,1,0
BRDA:1,16,0,0
BRDA:1,16,1,0
BRDA:1,17,0,0
BRDA:1,17,1,0
BRDA:1,18,0,0
BRDA:1,18,1,0
BRDA:1,19,0,0
BRDA:1,19,1,0
BRDA:1,20,0,0
BRDA:1,20,1,0
BRDA:1,21,0,0
BRDA:1,21,1,0
BRDA:1,22,0,0
BRDA:1,22,1,0
BRDA:1,23,0,0
BRDA:1,23,1,0
BRDA:1,24,0,0
BRDA:1,24,1,0
BRDA:1,25,0,0
BRDA:1,25,1,0
BRDA:1,26,0,0
BRDA:1,26,1,0
BRDA:1,27,0,0
BRDA:1,27,1,0
BRDA:1,28,0,0
BRDA:1,28,1,0
BRDA:1,29,0,0
BRDA:1,29,1,0
BRDA:1,30,0,0
BRDA:1,30,1,0
BRDA:1,31,0,0
BRDA:1,31,1,0
BRDA:1,32,0,0
BRDA:1,32,1,0
BRDA:1,33,0,0
BRDA:1,33,1,0
BRDA:1,34,0,0
BRDA:1,34,1,0
BRDA:1,35,0,0
BRDA:1,35,1,0
BRDA:1,36,0,0
BRDA:1,36,1,0
BRDA:1,37,0,0
BRDA:1,37,1,0
BRDA:1,38,0,0
BRDA:1,38,1,0
BRDA:1,39,0,0
BRDA:1,39,1,0
BRDA:1,40,0,0
BRDA:1,40,1,0
BRDA:1,41,0,0
BRDA:1,41,1,0
BRDA:1,42,0,0
BRDA:1,42,1,0
BRDA:1,43,0,0
BRDA:1,43,1,0
BRDA:1,44,0,0
BRDA:1,44,1,0
BRDA:1,45,0,0
BRDA:1,45,1,0
BRDA:1,46,0,0
BRDA:1,46,1,0
BRDA:1,47,0,0
BRDA:1,47,1,0
BRDA:1,48,0,0
BRDA:1,48,1,0
BRDA:1,49,0,0
BRDA:1,49,1,0
BRDA:1,49,2,0
BRDA:1,50,0,0
BRDA:1,50,1,0
BRDA:1,51,0,0
BRDA:1,51,1,0
BRDA:1,52,0,0
BRDA:1,52,1,0
BRDA:1,53,0,0
BRDA:1,53,1,0
BRDA:1,54,0,0
BRDA:1,54,1,0
BRDA:1,55,0,0
BRDA:1,55,1,0
BRDA:1,56,0,0
BRDA:1,56,1,0
BRDA:1,57,0,0
BRDA:1,57,1,0
BRDA:1,58,0,0
BRDA:1,58,1,0
BRDA:1,59,0,0
BRDA:1,59,1,0
BRDA:1,60,0,0
BRDA:1,60,1,0
BRDA:1,61,0,0
BRDA:1,61,1,0
BRDA:1,62,0,0
BRDA:1,62,1,0
BRDA:1,63,0,0
BRDA:1,63,1,0
BRDA:1,64,0,0
BRDA:1,64,1,0
BRDA:1,65,0,0
BRDA:1,65,1,0
BRDA:1,66,0,0
BRDA:1,66,1,0
BRDA:1,67,0,0
BRDA:1,67,1,0
BRDA:1,68,0,0
BRDA:1,68,1,0
BRDA:1,69,0,0
BRDA:1,69,1,0
BRDA:1,70,0,0
BRDA:1,70,1,0
BRDA:1,71,0,0
BRDA:1,71,1,0
BRDA:1,72,0,0
BRDA:1,72,1,0
BRDA:1,73,0,0
BRDA:1,73,1,0
BRDA:1,74,0,0
BRDA:1,74,1,0
BRDA:1,75,0,0
BRDA:1,75,1,0
BRDA:1,76,0,0
BRDA:1,76,1,0
BRDA:1,77,0,0
BRDA:1,77,1,0
BRDA:1,78,0,0
BRDA:1,78,1,0
BRDA:1,79,0,0
BRDA:1,79,1,0
BRDA:1,80,0,0
BRDA:1,80,1,0
BRDA:1,81,0,0
BRDA:1,81,1,0
BRDA:1,82,0,0
BRDA:1,82,1,0
BRDA:1,83,0,0
BRDA:1,83,1,0
BRDA:1,84,0,0
BRDA:1,84,1,0
BRDA:1,85,0,0
BRDA:1,85,1,0
BRDA:1,86,0,0
BRDA:1,86,1,0
BRDA:1,87,0,0
BRDA:1,87,1,0
BRDA:1,88,0,0
BRDA:1,88,1,0
BRDA:1,88,2,0
BRDA:1,89,0,0
BRDA:1,89,1,0
BRDA:1,90,0,0
BRDA:1,90,1,0
BRDA:1,91,0,0
BRDA:1,91,1,0
BRDA:1,92,0,0
BRDA:1,92,1,0
BRDA:1,93,0,0
BRDA:1,93,1,0
BRDA:1,94,0,0
BRDA:1,94,1,0
BRDA:1,95,0,0
BRDA:1,95,1,0
BRDA:1,96,0,0
BRDA:1,96,1,0
BRDA:1,97,0,0
BRDA:1,97,1,0
BRDA:1,98,0,0
BRDA:1,98,1,0
BRDA:1,99,0,0
BRDA:1,99,1,0
BRDA:1,100,0,0
BRDA:1,100,1,0
BRDA:1,101,0,0
BRDA:1,101,1,0
BRDA:1,102,0,0
BRDA:1,102,1,0
BRDA:1,103,0,0
BRDA:1,103,1,0
BRDA:1,104,0,0
BRDA:1,104,1,0
BRDA:1,105,0,0
BRDA:1,105,1,0
BRDA:1,106,0,0
BRDA:1,106,1,0
BRDA:1,107,0,0
BRDA:1,107,1,0
BRDA:1,108,0,0
BRDA:1,108,1,0
BRDA:1,109,0,0
BRDA:1,109,1,0
BRDA:1,110,0,0
BRDA:1,110,1,0
BRDA:1,111,0,0
BRDA:1,111,1,0
BRDA:1,112,0,0
BRDA:1,112,1,0
BRDA:1,113,0,0
BRDA:1,113,1,0
BRDA:1,114,0,0
BRDA:1,114,1,0
BRDA:1,115,0,0
BRDA:1,115,1,0
BRDA:1,116,0,0
BRDA:1,116,1,0
BRDA:1,117,0,0
BRDA:1,117,1,0
BRDA:1,118,0,0
BRDA:1,118,1,0
BRDA:1,119,0,0
BRDA:1,119,1,0
BRDA:1,120,0,0
BRDA:1,120,1,0
BRDA:1,121,0,0
BRDA:1,121,1,0
BRDA:1,122,0,0
BRDA:1,122,1,0
BRDA:1,123,0,0
BRDA:1,123,1,0
BRDA:1,124,0,0
BRDA:1,124,1,0
BRDA:1,125,0,0
BRDA:1,125,1,0
BRDA:1,126,0,0
BRDA:1,126,1,0
BRDA:1,127,0,0
BRDA:1,127,1,0
BRDA:1,127,2,0
BRDA:1,128,0,0
BRDA:1,128,1,0
BRDA:1,129,0,0
BRDA:1,129,1,0
BRDA:1,130,0,0
BRDA:1,130,1,0
BRDA:1,130,2,0
BRDA:1,130,3,0
BRDA:1,130,4,0
BRDA:1,131,0,0
BRDA:1,131,1,0
BRDA:1,132,0,0
BRDA:1,132,1,0
BRDA:1,133,0,0
BRDA:1,133,1,0
BRDA:1,134,0,0
BRDA:1,134,1,0
BRDA:1,135,0,0
BRDA:1,135,1,0
BRDA:1,136,0,0
BRDA:1,136,1,0
BRDA:1,137,0,0
BRDA:1,137,1,0
BRF:284
BRH:0
end_of_record
TN:
SF:C:\Users\Lizaveta_Sasinovich\Desktop\Cources\react-task\coverage\lcov-report\sorter.js
FN:1,(anonymous_0)
FN:10,getTable
FN:12,getTableHeader
FN:14,getTableBody
FN:16,getNthColumn
FN:19,loadColumns
FN:43,loadRowData
FN:62,loadData
FN:71,sortByIndex
FN:73,sorter
FN:85,finalSorter
FN:102,removeSortIndicators
FN:110,addSortIndicators
FN:114,enableUI
FN:117,ithSorter
FN:120,(anonymous_15)
FN:147,(anonymous_16)
FNF:17
FNH:0
FNDA:0,(anonymous_0)
FNDA:0,getTable
FNDA:0,getTableHeader
FNDA:0,getTableBody
FNDA:0,getNthColumn
FNDA:0,loadColumns
FNDA:0,loadRowData
FNDA:0,loadData
FNDA:0,sortByIndex
FNDA:0,sorter
FNDA:0,finalSorter
FNDA:0,removeSortIndicators
FNDA:0,addSortIndicators
FNDA:0,enableUI
FNDA:0,ithSorter
FNDA:0,(anonymous_15)
FNDA:0,(anonymous_16)
DA:1,0
DA:4,0
DA:10,0
DA:12,0
DA:14,0
DA:16,0
DA:20,0
DA:22,0
DA:26,0
DA:27,0
DA:28,0
DA:33,0
DA:34,0
DA:35,0
DA:36,0
DA:39,0
DA:44,0
DA:47,0
DA:50,0
DA:51,0
DA:52,0
DA:53,0
DA:54,0
DA:55,0
DA:57,0
DA:59,0
DA:63,0
DA:66,0
DA:67,0
DA:72,0
DA:73,0
DA:74,0
DA:75,0
DA:76,0
DA:78,0
DA:79,0
DA:80,0
DA:81,0
DA:84,0
DA:85,0
DA:86,0
DA:90,0
DA:91,0
DA:92,0
DA:95,0
DA:97,0
DA:98,0
DA:103,0
DA:104,0
DA:106,0
DA:107,0
DA:111,0
DA:117,0
DA:118,0
DA:120,0
DA:121,0
DA:123,0
DA:124,0
DA:126,0
DA:127,0
DA:128,0
DA:129,0
DA:130,0
DA:133,0
DA:134,0
DA:137,0
DA:138,0
DA:139,0
DA:141,0
DA:147,0
DA:148,0
DA:149,0
DA:151,0
DA:152,0
DA:153,0
DA:154,0
DA:158,0
LF:77
LH:0
BRDA:31,0,0,0
BRDA:31,0,1,0
BRDA:34,1,0,0
BRDA:34,1,1,0
BRDA:54,2,0,0
BRDA:54,2,1,0
BRDA:76,3,0,0
BRDA:76,3,1,0
BRDA:76,4,0,0
BRDA:76,4,1,0
BRDA:84,5,0,0
BRDA:84,5,1,0
BRDA:111,6,0,0
BRDA:111,6,1,0
BRDA:123,7,0,0
BRDA:123,7,1,0
BRDA:134,8,0,0
BRDA:134,8,1,0
BRDA:138,9,0,0
BRDA:138,9,1,0
BRDA:148,10,0,0
BRDA:148,10,1,0
BRF:22
BRH:0
end_of_record
TN:
SF:C:\Users\Lizaveta_Sasinovich\Desktop\Cources\react-task\dist\index.js
FN:1,(anonymous_0)
FN:1,(anonymous_1)
FN:1,(anonymous_2)
FN:1,n
FN:1,(anonymous_4)
FN:1,(anonymous_5)
FN:1,(anonymous_6)
FN:1,(anonymous_7)
FN:1,(anonymous_8)
FN:1,(anonymous_9)
FN:1,(anonymous_10)
FN:1,r
FN:1,(anonymous_12)
FN:1,(anonymous_13)
FN:1,(anonymous_14)
FN:1,(anonymous_15)
FN:1,p
FN:1,d
FN:1,m
FN:1,h
FN:1,g
FN:1,v
FN:1,(anonymous_22)
FN:1,y
FN:1,(anonymous_24)
FN:1,(anonymous_25)
FN:1,(anonymous_26)
FN:1,o
FN:1,(anonymous_28)
FN:1,o
FN:1,(anonymous_30)
FN:1,(anonymous_31)
FN:1,(anonymous_32)
FN:1,(anonymous_33)
FN:1,w
FN:1,(anonymous_35)
FN:1,(anonymous_36)
FN:1,(anonymous_37)
FN:1,(anonymous_38)
FN:1,(anonymous_39)
FN:1,(anonymous_40)
FN:1,(anonymous_41)
FN:1,(anonymous_42)
FN:1,(anonymous_43)
FN:1,e
FN:1,(anonymous_45)
FN:1,(anonymous_46)
FN:1,o
FN:1,(anonymous_48)
FN:1,(anonymous_49)
FN:1,r
FN:1,(anonymous_51)
FN:1,o
FN:1,(anonymous_53)
FN:1,(anonymous_54)
FN:1,(anonymous_55)
FN:1,r
FN:1,(anonymous_57)
FN:1,(anonymous_58)
FN:1,(anonymous_59)
FN:1,(anonymous_60)
FN:1,e
FN:1,(anonymous_62)
FN:1,a
FN:1,(anonymous_64)
FN:1,t
FN:1,(anonymous_66)
FN:1,(anonymous_67)
FN:1,(anonymous_68)
FN:1,value
FN:1,value
FN:1,(anonymous_71)
FN:1,(anonymous_72)
FN:6,(anonymous_73)
FN:6,(anonymous_74)
FN:6,(anonymous_75)
FN:6,(anonymous_76)
FN:6,(anonymous_77)
FN:6,(anonymous_78)
FN:6,(anonymous_79)
FN:6,(anonymous_80)
FN:6,(anonymous_81)
FN:6,(anonymous_82)
FN:6,(anonymous_83)
FN:6,(anonymous_84)
FN:6,(anonymous_85)
FN:6,(anonymous_86)
FN:6,(anonymous_87)
FN:6,(anonymous_88)
FN:6,(anonymous_89)
FN:6,(anonymous_90)
FN:6,(anonymous_91)
FN:6,(anonymous_92)
FN:6,(anonymous_93)
FN:6,i
FN:6,(anonymous_95)
FN:6,(anonymous_96)
FN:6,(anonymous_97)
FN:6,e
FN:6,(anonymous_99)
FN:6,(anonymous_100)
FN:6,t
FN:6,(anonymous_102)
FN:6,(anonymous_103)
FN:6,(anonymous_104)
FN:6,value
FN:6,value
FN:6,value
FN:6,value
FN:6,value
FN:6,value
FN:6,value
FN:6,(anonymous_112)
FN:6,(anonymous_113)
FN:6,(anonymous_114)
FN:6,(anonymous_115)
FN:6,(anonymous_116)
FN:6,(anonymous_117)
FN:6,e
FN:6,(anonymous_119)
FN:6,a
FN:6,(anonymous_121)
FN:6,t
FN:6,(anonymous_123)
FN:6,(anonymous_124)
FN:6,(anonymous_125)
FN:6,value
FN:6,value
FN:6,(anonymous_128)
FN:6,(anonymous_129)
FN:6,(anonymous_130)
FN:6,(anonymous_131)
FN:6,(anonymous_132)
FN:6,(anonymous_133)
FN:6,(anonymous_134)
FN:6,i
FN:6,(anonymous_136)
FN:6,(anonymous_137)
FN:6,(anonymous_138)
FN:6,e
FN:6,(anonymous_140)
FN:6,u
FN:6,(anonymous_142)
FN:6,t
FN:6,(anonymous_144)
FN:6,(anonymous_145)
FN:6,(anonymous_146)
FN:6,value
FN:6,(anonymous_148)
FN:6,(anonymous_149)
FN:6,(anonymous_150)
FN:6,(anonymous_151)
FN:6,(anonymous_152)
FN:6,(anonymous_153)
FN:6,e
FN:6,t
FN:6,(anonymous_156)
FN:6,(anonymous_157)
FN:6,e
FN:6,(anonymous_159)
FN:6,u
FN:6,(anonymous_161)
FN:6,t
FN:6,(anonymous_163)
FN:6,(anonymous_164)
FN:6,(anonymous_165)
FN:6,value
FN:6,(anonymous_167)
FN:6,(anonymous_168)
FN:6,(anonymous_169)
FN:6,(anonymous_170)
FN:6,(anonymous_171)
FN:6,(anonymous_172)
FN:6,(anonymous_173)
FN:6,(anonymous_174)
FN:6,(anonymous_175)
FN:6,(anonymous_176)
FN:6,(anonymous_177)
FN:6,(anonymous_178)
FN:6,(anonymous_179)
FN:6,e
FN:6,(anonymous_181)
FN:6,(anonymous_182)
FN:6,t
FN:6,(anonymous_184)
FN:6,(anonymous_185)
FN:6,(anonymous_186)
FN:6,value
FN:6,(anonymous_188)
FN:6,(anonymous_189)
FN:6,(anonymous_190)
FN:6,(anonymous_191)
FN:6,(anonymous_192)
FN:6,e
FN:6,(anonymous_194)
FN:6,o
FN:6,(anonymous_196)
FN:6,(anonymous_197)
FN:6,(anonymous_198)
FN:6,(anonymous_199)
FN:6,(anonymous_200)
FN:14,p
FN:14,invokeGuardedCallback
FN:14,(anonymous_203)
FN:14,invokeGuardedCallbackAndCatchFirstError
FN:14,rethrowCaughtError
FN:14,(anonymous_206)
FN:14,hasCaughtError
FN:14,clearCaughtError
FN:14,g
FN:14,v
FN:14,C
FN:14,k
FN:14,P
FN:14,N
FN:14,O
FN:14,R
FN:14,M
FN:14,z
FN:14,F
FN:14,D
FN:14,j
FN:14,B
FN:14,W
FN:14,K
FN:14,precacheFiberNode
FN:14,getInstanceFromNode
FN:14,updateFiberProps
FN:14,Q
FN:14,q
FN:14,G
FN:14,Y
FN:14,X
FN:14,J
FN:14,Z
FN:14,ee
FN:14,te
FN:14,accumulateTwoPhaseDispatchesSkipTarget
FN:14,accumulateDirectDispatches
FN:14,oe
FN:14,ae
FN:14,le
FN:14,timeStamp
FN:14,se
FN:14,fe
FN:14,pe
FN:14,de
FN:14,preventDefault
FN:14,stopPropagation
FN:14,persist
FN:14,destructor
FN:14,(anonymous_251)
FN:14,t
FN:14,n
FN:14,Ee
FN:14,_e
FN:14,extractEvents
FN:14,(anonymous_257)
FN:14,(anonymous_258)
FN:14,injectFiberControlledHostComponent
FN:14,Re
FN:14,Me
FN:14,ze
FN:14,Ue
FN:14,De
FN:14,je
FN:14,Le
FN:14,He
FN:14,Be
FN:14,We
FN:14,Ke
FN:14,$e
FN:14,Qe
FN:14,(anonymous_273)
FN:14,get
FN:14,set
FN:14,getValue
FN:14,setValue
FN:14,stopTracking
FN:14,qe
FN:14,ut
FN:14,ct
FN:14,st
FN:14,mt
FN:14,(anonymous_284)
FN:14,(anonymous_285)
FN:14,(anonymous_286)
FN:14,(anonymous_287)
FN:14,(anonymous_288)
FN:14,(anonymous_289)
FN:14,(anonymous_290)
FN:14,(anonymous_291)
FN:14,(anonymous_292)
FN:14,vt
FN:14,yt
FN:14,(anonymous_295)
FN:14,(anonymous_296)
FN:14,(anonymous_297)
FN:14,bt
FN:14,xt
FN:14,wt
FN:14,Ct
FN:14,kt
FN:14,Et
FN:14,_t
FN:14,(anonymous_305)
FN:14,(anonymous_306)
FN:14,(anonymous_307)
FN:14,St
FN:14,Ot
FN:14,It
FN:14,Rt
FN:14,zt
FN:14,Ut
FN:14,Ft
FN:14,Dt
FN:14,jt
FN:14,Lt
FN:14,extractEvents
FN:14,Bt
FN:14,Wt
FN:14,relatedTarget
FN:14,extractEvents
FN:14,qt
FN:14,Gt
FN:14,Yt
FN:14,Xt
FN:14,Jt
FN:14,clipboardData
FN:14,nn
FN:14,key
FN:14,charCode
FN:14,keyCode
FN:14,which
FN:14,deltaX
FN:14,deltaY
FN:14,dn
FN:14,(anonymous_337)
FN:14,(anonymous_338)
FN:14,isInteractiveTopLevelEventType
FN:14,extractEvents
FN:14,vn
FN:14,bn
FN:14,xn
FN:14,wn
FN:14,Cn
FN:14,kn
FN:14,isEnabled
FN:14,_n
FN:14,Nn
FN:14,Un
FN:14,Fn
FN:14,Dn
FN:14,jn
FN:14,Kn
FN:14,extractEvents
FN:14,Qn
FN:14,qn
FN:14,Gn
FN:14,Yn
FN:14,Xn
FN:14,Jn
FN:14,tr
FN:14,(anonymous_363)
FN:14,nr
FN:14,rr
FN:14,or
FN:14,ir
FN:14,ur
FN:14,cr
FN:14,sr
FN:14,fr
FN:14,pr
FN:14,mr
FN:14,t
FN:14,hr
FN:14,gr
FN:14,t
FN:14,n
FN:14,r
FN:14,o
FN:14,i
FN:14,a
FN:14,l
FN:14,u
FN:14,c
FN:14,s
FN:14,f
FN:14,d
FN:14,m
FN:14,h
FN:14,(anonymous_391)
FN:14,g
FN:14,(anonymous_393)
FN:14,(anonymous_394)
FN:14,br
FN:14,u
FN:14,s
FN:14,d
FN:14,m
FN:14,h
FN:14,g
FN:14,v
FN:14,(anonymous_403)
FN:14,i
FN:14,l
FN:14,u
FN:14,s
FN:14,enqueueSetState
FN:14,enqueueReplaceState
FN:14,enqueueForceUpdate
FN:14,constructClassInstance
FN:14,mountClassInstance
FN:14,resumeMountClassInstance
FN:14,updateClassInstance
FN:14,(anonymous_415)
FN:14,(anonymous_416)
FN:14,beginWork
FN:14,(anonymous_418)
FN:14,xr
FN:14,Cr
FN:14,t
FN:14,n
FN:14,r
FN:14,o
FN:14,i
FN:14,l
FN:14,u
FN:14,c
FN:14,s
FN:14,d
FN:14,m
FN:14,h
FN:14,g
FN:14,v
FN:14,y
FN:14,b
FN:14,x
FN:14,w
FN:14,C
FN:14,k
FN:14,E
FN:14,_
FN:14,(anonymous_443)
FN:14,createCursor
FN:14,isEmpty
FN:14,pop
FN:14,push
FN:14,checkThatStackIsEmpty
FN:14,resetStackAfterFatalErrorInDev
FN:14,(anonymous_450)
FN:14,n
FN:14,getHostContext
FN:14,getRootHostContainer
FN:14,popHostContainer
FN:14,popHostContext
FN:14,pushHostContainer
FN:14,pushHostContext
FN:14,(anonymous_458)
FN:14,t
FN:14,n
FN:14,r
FN:14,getUnmaskedContext
FN:14,getMaskedContext
FN:14,hasContextChanged
FN:14,isContextConsumer
FN:14,popContextProvider
FN:14,popTopLevelContextObject
FN:14,pushTopLevelContextObject
FN:14,pushContextProvider
FN:14,invalidateContextProvider
FN:14,findCurrentUnmaskedContext
FN:14,(anonymous_472)
FN:14,pushProvider
FN:14,popProvider
FN:14,(anonymous_475)
FN:14,t
FN:14,n
FN:14,r
FN:14,enterHydrationState
FN:14,resetHydrationState
FN:14,tryToClaimNextHydratableInstance
FN:14,prepareToHydrateHostInstance
FN:14,prepareToHydrateHostTextInstance
FN:14,popHydrationState
FN:14,enterHydrationState
FN:14,resetHydrationState
FN:14,tryToClaimNextHydratableInstance
FN:14,prepareToHydrateHostInstance
FN:14,prepareToHydrateHostTextInstance
FN:14,popHydrationState
FN:14,(anonymous_491)
FN:14,i
FN:14,k
FN:14,E
FN:14,_
FN:14,completeWork
FN:14,(anonymous_497)
FN:14,throwException
FN:14,unwindWork
FN:14,unwindInterruptedWork
FN:14,(anonymous_501)
FN:14,i
FN:14,a
FN:14,l
FN:14,u
FN:14,c
FN:14,commitBeforeMutationLifeCycles
FN:14,commitResetTextContent
FN:14,commitPlacement
FN:14,commitDeletion
FN:14,commitWork
FN:14,commitLifeCycles
FN:14,commitErrorLogging
FN:14,commitAttachRef
FN:14,commitDetachRef
FN:14,(anonymous_516)
FN:14,flushRoot
FN:14,batchedUpdates
FN:14,unbatchedUpdates
FN:14,flushSync
FN:14,flushControlled
FN:14,deferredUpdates
FN:14,interactiveUpdates
FN:14,flushInteractiveUpdates
FN:14,computeUniqueAsyncExpiration
FN:14,kr
FN:14,t
FN:14,createContainer
FN:14,updateContainer
FN:14,updateContainerAtExpirationTime
FN:14,getPublicRootInstance
FN:14,findHostInstance
FN:14,findHostInstanceWithNoPortals
FN:14,(anonymous_534)
FN:14,injectIntoDevTools
FN:14,(anonymous_536)
FN:14,(anonymous_537)
FN:14,(anonymous_538)
FN:14,findHostInstanceByFiber
FN:14,findFiberByHostInstance
FN:14,(anonymous_541)
FN:14,(anonymous_542)
FN:14,timeRemaining
FN:14,timeRemaining
FN:14,(anonymous_545)
FN:14,Ar
FN:14,Nr
FN:14,Or
FN:14,Nr
FN:14,(anonymous_550)
FN:14,timeRemaining
FN:14,Or
FN:14,Hr
FN:14,(anonymous_554)
FN:14,(anonymous_555)
FN:14,Vr
FN:14,Br
FN:14,Wr
FN:14,Kr
FN:14,$r
FN:14,Qr
FN:14,Gr
FN:14,Yr
FN:14,Xr
FN:14,(anonymous_565)
FN:14,(anonymous_566)
FN:14,eo
FN:14,ro
FN:14,(anonymous_569)
FN:14,(anonymous_570)
FN:14,io
FN:14,ao
FN:14,uo
FN:14,co
FN:14,so
FN:14,fo
FN:14,po
FN:14,mo
FN:14,ho
FN:14,go
FN:14,warnForUnmatchedText
FN:14,warnForDeletedHydratableElement
FN:14,warnForDeletedHydratableText
FN:14,warnForInsertedHydratedElement
FN:14,warnForInsertedHydratedText
FN:14,restoreControlledState
FN:14,xo
FN:14,wo
FN:14,Co
FN:14,ko
FN:14,Eo
FN:14,(anonymous_592)
FN:14,(anonymous_593)
FN:14,(anonymous_594)
FN:14,(anonymous_595)
FN:14,(anonymous_596)
FN:14,(anonymous_597)
FN:14,(anonymous_598)
FN:14,(anonymous_599)
FN:14,(anonymous_600)
FN:14,(anonymous_601)
FN:14,getRootHostContext
FN:14,getChildHostContext
FN:14,getPublicInstance
FN:14,prepareForCommit
FN:14,resetAfterCommit
FN:14,createInstance
FN:14,appendInitialChild
FN:14,finalizeInitialChildren
FN:14,prepareUpdate
FN:14,shouldSetTextContent
FN:14,shouldDeprioritizeSubtree
FN:14,createTextInstance
FN:14,commitMount
FN:14,commitUpdate
FN:14,resetTextContent
FN:14,commitTextUpdate
FN:14,appendChild
FN:14,appendChildToContainer
FN:14,insertBefore
FN:14,insertInContainerBefore
FN:14,removeChild
FN:14,removeChildFromContainer
FN:14,canHydrateInstance
FN:14,canHydrateTextInstance
FN:14,getNextHydratableSibling
FN:14,getFirstHydratableChild
FN:14,hydrateInstance
FN:14,hydrateTextInstance
FN:14,didNotMatchHydratedContainerTextInstance
FN:14,didNotMatchHydratedTextInstance
FN:14,didNotHydrateContainerInstance
FN:14,didNotHydrateInstance
FN:14,didNotFindHydratableContainerInstance
FN:14,didNotFindHydratableContainerTextInstance
FN:14,didNotFindHydratableInstance
FN:14,didNotFindHydratableTextInstance
FN:14,So
FN:14,o
FN:14,(anonymous_640)
FN:14,o
FN:14,(anonymous_642)
FN:14,Po
FN:14,(anonymous_644)
FN:14,findDOMNode
FN:14,hydrate
FN:14,render
FN:14,unstable_renderSubtreeIntoContainer
FN:14,unmountComponentAtNode
FN:14,(anonymous_650)
FN:14,(anonymous_651)
FN:14,unstable_createPortal
FN:14,unstable_createRoot
FN:14,(anonymous_654)
FN:22,v
FN:22,isMounted
FN:22,enqueueForceUpdate
FN:22,enqueueReplaceState
FN:22,enqueueSetState
FN:22,b
FN:22,x
FN:22,w
FN:22,(anonymous_663)
FN:22,(anonymous_664)
FN:22,T
FN:22,S
FN:22,O
FN:22,I
FN:22,R
FN:22,M
FN:22,(anonymous_671)
FN:22,(anonymous_672)
FN:22,z
FN:22,U
FN:22,F
FN:22,map
FN:22,forEach
FN:22,count
FN:22,toArray
FN:22,only
FN:22,createRef
FN:22,createContext
FN:22,forwardRef
FN:22,cloneElement
FN:22,createFactory
FN:22,(anonymous_686)
FN:22,a
FNF:688
FNH:0
FNDA:0,(anonymous_0)
FNDA:0,(anonymous_1)
FNDA:0,(anonymous_2)
FNDA:0,n
FNDA:0,(anonymous_4)
FNDA:0,(anonymous_5)
FNDA:0,(anonymous_6)
FNDA:0,(anonymous_7)
FNDA:0,(anonymous_8)
FNDA:0,(anonymous_9)
FNDA:0,(anonymous_10)
FNDA:0,r
FNDA:0,(anonymous_12)
FNDA:0,(anonymous_13)
FNDA:0,(anonymous_14)
FNDA:0,(anonymous_15)
FNDA:0,p
FNDA:0,d
FNDA:0,m
FNDA:0,h
FNDA:0,g
FNDA:0,v
FNDA:0,(anonymous_22)
FNDA:0,y
FNDA:0,(anonymous_24)
FNDA:0,(anonymous_25)
FNDA:0,(anonymous_26)
FNDA:0,o
FNDA:0,(anonymous_28)
FNDA:0,o
FNDA:0,(anonymous_30)
FNDA:0,(anonymous_31)
FNDA:0,(anonymous_32)
FNDA:0,(anonymous_33)
FNDA:0,w
FNDA:0,(anonymous_35)
FNDA:0,(anonymous_36)
FNDA:0,(anonymous_37)
FNDA:0,(anonymous_38)
FNDA:0,(anonymous_39)
FNDA:0,(anonymous_40)
FNDA:0,(anonymous_41)
FNDA:0,(anonymous_42)
FNDA:0,(anonymous_43)
FNDA:0,e
FNDA:0,(anonymous_45)
FNDA:0,(anonymous_46)
FNDA:0,o
FNDA:0,(anonymous_48)
FNDA:0,(anonymous_49)
FNDA:0,r
FNDA:0,(anonymous_51)
FNDA:0,o
FNDA:0,(anonymous_53)
FNDA:0,(anonymous_54)
FNDA:0,(anonymous_55)
FNDA:0,r
FNDA:0,(anonymous_57)
FNDA:0,(anonymous_58)
FNDA:0,(anonymous_59)
FNDA:0,(anonymous_60)
FNDA:0,e
FNDA:0,(anonymous_62)
FNDA:0,a
FNDA:0,(anonymous_64)
FNDA:0,t
FNDA:0,(anonymous_66)
FNDA:0,(anonymous_67)
FNDA:0,(anonymous_68)
FNDA:0,value
FNDA:0,value
FNDA:0,(anonymous_71)
FNDA:0,(anonymous_72)
FNDA:0,(anonymous_73)
FNDA:0,(anonymous_74)
FNDA:0,(anonymous_75)
FNDA:0,(anonymous_76)
FNDA:0,(anonymous_77)
FNDA:0,(anonymous_78)
FNDA:0,(anonymous_79)
FNDA:0,(anonymous_80)
FNDA:0,(anonymous_81)
FNDA:0,(anonymous_82)
FNDA:0,(anonymous_83)
FNDA:0,(anonymous_84)
FNDA:0,(anonymous_85)
FNDA:0,(anonymous_86)
FNDA:0,(anonymous_87)
FNDA:0,(anonymous_88)
FNDA:0,(anonymous_89)
FNDA:0,(anonymous_90)
FNDA:0,(anonymous_91)
FNDA:0,(anonymous_92)
FNDA:0,(anonymous_93)
FNDA:0,i
FNDA:0,(anonymous_95)
FNDA:0,(anonymous_96)
FNDA:0,(anonymous_97)
FNDA:0,e
FNDA:0,(anonymous_99)
FNDA:0,(anonymous_100)
FNDA:0,t
FNDA:0,(anonymous_102)
FNDA:0,(anonymous_103)
FNDA:0,(anonymous_104)
FNDA:0,value
FNDA:0,value
FNDA:0,value
FNDA:0,value
FNDA:0,value
FNDA:0,value
FNDA:0,value
FNDA:0,(anonymous_112)
FNDA:0,(anonymous_113)
FNDA:0,(anonymous_114)
FNDA:0,(anonymous_115)
FNDA:0,(anonymous_116)
FNDA:0,(anonymous_117)
FNDA:0,e
FNDA:0,(anonymous_119)
FNDA:0,a
FNDA:0,(anonymous_121)
FNDA:0,t
FNDA:0,(anonymous_123)
FNDA:0,(anonymous_124)
FNDA:0,(anonymous_125)
FNDA:0,value
FNDA:0,value
FNDA:0,(anonymous_128)
FNDA:0,(anonymous_129)
FNDA:0,(anonymous_130)
FNDA:0,(anonymous_131)
FNDA:0,(anonymous_132)
FNDA:0,(anonymous_133)
FNDA:0,(anonymous_134)
FNDA:0,i
FNDA:0,(anonymous_136)
FNDA:0,(anonymous_137)
FNDA:0,(anonymous_138)
FNDA:0,e
FNDA:0,(anonymous_140)
FNDA:0,u
FNDA:0,(anonymous_142)
FNDA:0,t
FNDA:0,(anonymous_144)
FNDA:0,(anonymous_145)
FNDA:0,(anonymous_146)
FNDA:0,value
FNDA:0,(anonymous_148)
FNDA:0,(anonymous_149)
FNDA:0,(anonymous_150)
FNDA:0,(anonymous_151)
FNDA:0,(anonymous_152)
FNDA:0,(anonymous_153)
FNDA:0,e
FNDA:0,t
FNDA:0,(anonymous_156)
FNDA:0,(anonymous_157)
FNDA:0,e
FNDA:0,(anonymous_159)
FNDA:0,u
FNDA:0,(anonymous_161)
FNDA:0,t
FNDA:0,(anonymous_163)
FNDA:0,(anonymous_164)
FNDA:0,(anonymous_165)
FNDA:0,value
FNDA:0,(anonymous_167)
FNDA:0,(anonymous_168)
FNDA:0,(anonymous_169)
FNDA:0,(anonymous_170)
FNDA:0,(anonymous_171)
FNDA:0,(anonymous_172)
FNDA:0,(anonymous_173)
FNDA:0,(anonymous_174)
FNDA:0,(anonymous_175)
FNDA:0,(anonymous_176)
FNDA:0,(anonymous_177)
FNDA:0,(anonymous_178)
FNDA:0,(anonymous_179)
FNDA:0,e
FNDA:0,(anonymous_181)
FNDA:0,(anonymous_182)
FNDA:0,t
FNDA:0,(anonymous_184)
FNDA:0,(anonymous_185)
FNDA:0,(anonymous_186)
FNDA:0,value
FNDA:0,(anonymous_188)
FNDA:0,(anonymous_189)
FNDA:0,(anonymous_190)
FNDA:0,(anonymous_191)
FNDA:0,(anonymous_192)
FNDA:0,e
FNDA:0,(anonymous_194)
FNDA:0,o
FNDA:0,(anonymous_196)
FNDA:0,(anonymous_197)
FNDA:0,(anonymous_198)
FNDA:0,(anonymous_199)
FNDA:0,(anonymous_200)
FNDA:0,p
FNDA:0,invokeGuardedCallback
FNDA:0,(anonymous_203)
FNDA:0,invokeGuardedCallbackAndCatchFirstError
FNDA:0,rethrowCaughtError
FNDA:0,(anonymous_206)
FNDA:0,hasCaughtError
FNDA:0,clearCaughtError
FNDA:0,g
FNDA:0,v
FNDA:0,C
FNDA:0,k
FNDA:0,P
FNDA:0,N
FNDA:0,O
FNDA:0,R
FNDA:0,M
FNDA:0,z
FNDA:0,F
FNDA:0,D
FNDA:0,j
FNDA:0,B
FNDA:0,W
FNDA:0,K
FNDA:0,precacheFiberNode
FNDA:0,getInstanceFromNode
FNDA:0,updateFiberProps
FNDA:0,Q
FNDA:0,q
FNDA:0,G
FNDA:0,Y
FNDA:0,X
FNDA:0,J
FNDA:0,Z
FNDA:0,ee
FNDA:0,te
FNDA:0,accumulateTwoPhaseDispatchesSkipTarget
FNDA:0,accumulateDirectDispatches
FNDA:0,oe
FNDA:0,ae
FNDA:0,le
FNDA:0,timeStamp
FNDA:0,se
FNDA:0,fe
FNDA:0,pe
FNDA:0,de
FNDA:0,preventDefault
FNDA:0,stopPropagation
FNDA:0,persist
FNDA:0,destructor
FNDA:0,(anonymous_251)
FNDA:0,t
FNDA:0,n
FNDA:0,Ee
FNDA:0,_e
FNDA:0,extractEvents
FNDA:0,(anonymous_257)
FNDA:0,(anonymous_258)
FNDA:0,injectFiberControlledHostComponent
FNDA:0,Re
FNDA:0,Me
FNDA:0,ze
FNDA:0,Ue
FNDA:0,De
FNDA:0,je
FNDA:0,Le
FNDA:0,He
FNDA:0,Be
FNDA:0,We
FNDA:0,Ke
FNDA:0,$e
FNDA:0,Qe
FNDA:0,(anonymous_273)
FNDA:0,get
FNDA:0,set
FNDA:0,getValue
FNDA:0,setValue
FNDA:0,stopTracking
FNDA:0,qe
FNDA:0,ut
FNDA:0,ct
FNDA:0,st
FNDA:0,mt
FNDA:0,(anonymous_284)
FNDA:0,(anonymous_285)
FNDA:0,(anonymous_286)
FNDA:0,(anonymous_287)
FNDA:0,(anonymous_288)
FNDA:0,(anonymous_289)
FNDA:0,(anonymous_290)
FNDA:0,(anonymous_291)
FNDA:0,(anonymous_292)
FNDA:0,vt
FNDA:0,yt
FNDA:0,(anonymous_295)
FNDA:0,(anonymous_296)
FNDA:0,(anonymous_297)
FNDA:0,bt
FNDA:0,xt
FNDA:0,wt
FNDA:0,Ct
FNDA:0,kt
FNDA:0,Et
FNDA:0,_t
FNDA:0,(anonymous_305)
FNDA:0,(anonymous_306)
FNDA:0,(anonymous_307)
FNDA:0,St
FNDA:0,Ot
FNDA:0,It
FNDA:0,Rt
FNDA:0,zt
FNDA:0,Ut
FNDA:0,Ft
FNDA:0,Dt
FNDA:0,jt
FNDA:0,Lt
FNDA:0,extractEvents
FNDA:0,Bt
FNDA:0,Wt
FNDA:0,relatedTarget
FNDA:0,extractEvents
FNDA:0,qt
FNDA:0,Gt
FNDA:0,Yt
FNDA:0,Xt
FNDA:0,Jt
FNDA:0,clipboardData
FNDA:0,nn
FNDA:0,key
FNDA:0,charCode
FNDA:0,keyCode
FNDA:0,which
FNDA:0,deltaX
FNDA:0,deltaY
FNDA:0,dn
FNDA:0,(anonymous_337)
FNDA:0,(anonymous_338)
FNDA:0,isInteractiveTopLevelEventType
FNDA:0,extractEvents
FNDA:0,vn
FNDA:0,bn
FNDA:0,xn
FNDA:0,wn
FNDA:0,Cn
FNDA:0,kn
FNDA:0,isEnabled
FNDA:0,_n
FNDA:0,Nn
FNDA:0,Un
FNDA:0,Fn
FNDA:0,Dn
FNDA:0,jn
FNDA:0,Kn
FNDA:0,extractEvents
FNDA:0,Qn
FNDA:0,qn
FNDA:0,Gn
FNDA:0,Yn
FNDA:0,Xn
FNDA:0,Jn
FNDA:0,tr
FNDA:0,(anonymous_363)
FNDA:0,nr
FNDA:0,rr
FNDA:0,or
FNDA:0,ir
FNDA:0,ur
FNDA:0,cr
FNDA:0,sr
FNDA:0,fr
FNDA:0,pr
FNDA:0,mr
FNDA:0,t
FNDA:0,hr
FNDA:0,gr
FNDA:0,t
FNDA:0,n
FNDA:0,r
FNDA:0,o
FNDA:0,i
FNDA:0,a
FNDA:0,l
FNDA:0,u
FNDA:0,c
FNDA:0,s
FNDA:0,f
FNDA:0,d
FNDA:0,m
FNDA:0,h
FNDA:0,(anonymous_391)
FNDA:0,g
FNDA:0,(anonymous_393)
FNDA:0,(anonymous_394)
FNDA:0,br
FNDA:0,u
FNDA:0,s
FNDA:0,d
FNDA:0,m
FNDA:0,h
FNDA:0,g
FNDA:0,v
FNDA:0,(anonymous_403)
FNDA:0,i
FNDA:0,l
FNDA:0,u
FNDA:0,s
FNDA:0,enqueueSetState
FNDA:0,enqueueReplaceState
FNDA:0,enqueueForceUpdate
FNDA:0,constructClassInstance
FNDA:0,mountClassInstance
FNDA:0,resumeMountClassInstance
FNDA:0,updateClassInstance
FNDA:0,(anonymous_415)
FNDA:0,(anonymous_416)
FNDA:0,beginWork
FNDA:0,(anonymous_418)
FNDA:0,xr
FNDA:0,Cr
FNDA:0,t
FNDA:0,n
FNDA:0,r
FNDA:0,o
FNDA:0,i
FNDA:0,l
FNDA:0,u
FNDA:0,c
FNDA:0,s
FNDA:0,d
FNDA:0,m
FNDA:0,h
FNDA:0,g
FNDA:0,v
FNDA:0,y
FNDA:0,b
FNDA:0,x
FNDA:0,w
FNDA:0,C
FNDA:0,k
FNDA:0,E
FNDA:0,_
FNDA:0,(anonymous_443)
FNDA:0,createCursor
FNDA:0,isEmpty
FNDA:0,pop
FNDA:0,push
FNDA:0,checkThatStackIsEmpty
FNDA:0,resetStackAfterFatalErrorInDev
FNDA:0,(anonymous_450)
FNDA:0,n
FNDA:0,getHostContext
FNDA:0,getRootHostContainer
FNDA:0,popHostContainer
FNDA:0,popHostContext
FNDA:0,pushHostContainer
FNDA:0,pushHostContext
FNDA:0,(anonymous_458)
FNDA:0,t
FNDA:0,n
FNDA:0,r
FNDA:0,getUnmaskedContext
FNDA:0,getMaskedContext
FNDA:0,hasContextChanged
FNDA:0,isContextConsumer
FNDA:0,popContextProvider
FNDA:0,popTopLevelContextObject
FNDA:0,pushTopLevelContextObject
FNDA:0,pushContextProvider
FNDA:0,invalidateContextProvider
FNDA:0,findCurrentUnmaskedContext
FNDA:0,(anonymous_472)
FNDA:0,pushProvider
FNDA:0,popProvider
FNDA:0,(anonymous_475)
FNDA:0,t
FNDA:0,n
FNDA:0,r
FNDA:0,enterHydrationState
FNDA:0,resetHydrationState
FNDA:0,tryToClaimNextHydratableInstance
FNDA:0,prepareToHydrateHostInstance
FNDA:0,prepareToHydrateHostTextInstance
FNDA:0,popHydrationState
FNDA:0,enterHydrationState
FNDA:0,resetHydrationState
FNDA:0,tryToClaimNextHydratableInstance
FNDA:0,prepareToHydrateHostInstance
FNDA:0,prepareToHydrateHostTextInstance
FNDA:0,popHydrationState
FNDA:0,(anonymous_491)
FNDA:0,i
FNDA:0,k
FNDA:0,E
FNDA:0,_
FNDA:0,completeWork
FNDA:0,(anonymous_497)
FNDA:0,throwException
FNDA:0,unwindWork
FNDA:0,unwindInterruptedWork
FNDA:0,(anonymous_501)
FNDA:0,i
FNDA:0,a
FNDA:0,l
FNDA:0,u
FNDA:0,c
FNDA:0,commitBeforeMutationLifeCycles
FNDA:0,commitResetTextContent
FNDA:0,commitPlacement
FNDA:0,commitDeletion
FNDA:0,commitWork
FNDA:0,commitLifeCycles
FNDA:0,commitErrorLogging
FNDA:0,commitAttachRef
FNDA:0,commitDetachRef
FNDA:0,(anonymous_516)
FNDA:0,flushRoot
FNDA:0,batchedUpdates
FNDA:0,unbatchedUpdates
FNDA:0,flushSync
FNDA:0,flushControlled
FNDA:0,deferredUpdates
FNDA:0,interactiveUpdates
FNDA:0,flushInteractiveUpdates
FNDA:0,computeUniqueAsyncExpiration
FNDA:0,kr
FNDA:0,t
FNDA:0,createContainer
FNDA:0,updateContainer
FNDA:0,updateContainerAtExpirationTime
FNDA:0,getPublicRootInstance
FNDA:0,findHostInstance
FNDA:0,findHostInstanceWithNoPortals
FNDA:0,(anonymous_534)
FNDA:0,injectIntoDevTools
FNDA:0,(anonymous_536)
FNDA:0,(anonymous_537)
FNDA:0,(anonymous_538)
FNDA:0,findHostInstanceByFiber
FNDA:0,findFiberByHostInstance
FNDA:0,(anonymous_541)
FNDA:0,(anonymous_542)
FNDA:0,timeRemaining
FNDA:0,timeRemaining
FNDA:0,(anonymous_545)
FNDA:0,Ar
FNDA:0,Nr
FNDA:0,Or
FNDA:0,Nr
FNDA:0,(anonymous_550)
FNDA:0,timeRemaining
FNDA:0,Or
FNDA:0,Hr
FNDA:0,(anonymous_554)
FNDA:0,(anonymous_555)
FNDA:0,Vr
FNDA:0,Br
FNDA:0,Wr
FNDA:0,Kr
FNDA:0,$r
FNDA:0,Qr
FNDA:0,Gr
FNDA:0,Yr
FNDA:0,Xr
FNDA:0,(anonymous_565)
FNDA:0,(anonymous_566)
FNDA:0,eo
FNDA:0,ro
FNDA:0,(anonymous_569)
FNDA:0,(anonymous_570)
FNDA:0,io
FNDA:0,ao
FNDA:0,uo
FNDA:0,co
FNDA:0,so
FNDA:0,fo
FNDA:0,po
FNDA:0,mo
FNDA:0,ho
FNDA:0,go
FNDA:0,warnForUnmatchedText
FNDA:0,warnForDeletedHydratableElement
FNDA:0,warnForDeletedHydratableText
FNDA:0,warnForInsertedHydratedElement
FNDA:0,warnForInsertedHydratedText
FNDA:0,restoreControlledState
FNDA:0,xo
FNDA:0,wo
FNDA:0,Co
FNDA:0,ko
FNDA:0,Eo
FNDA:0,(anonymous_592)
FNDA:0,(anonymous_593)
FNDA:0,(anonymous_594)
FNDA:0,(anonymous_595)
FNDA:0,(anonymous_596)
FNDA:0,(anonymous_597)
FNDA:0,(anonymous_598)
FNDA:0,(anonymous_599)
FNDA:0,(anonymous_600)
FNDA:0,(anonymous_601)
FNDA:0,getRootHostContext
FNDA:0,getChildHostContext
FNDA:0,getPublicInstance
FNDA:0,prepareForCommit
FNDA:0,resetAfterCommit
FNDA:0,createInstance
FNDA:0,appendInitialChild
FNDA:0,finalizeInitialChildren
FNDA:0,prepareUpdate
FNDA:0,shouldSetTextContent
FNDA:0,shouldDeprioritizeSubtree
FNDA:0,createTextInstance
FNDA:0,commitMount
FNDA:0,commitUpdate
FNDA:0,resetTextContent
FNDA:0,commitTextUpdate
FNDA:0,appendChild
FNDA:0,appendChildToContainer
FNDA:0,insertBefore
FNDA:0,insertInContainerBefore
FNDA:0,removeChild
FNDA:0,removeChildFromContainer
FNDA:0,canHydrateInstance
FNDA:0,canHydrateTextInstance
FNDA:0,getNextHydratableSibling
FNDA:0,getFirstHydratableChild
FNDA:0,hydrateInstance
FNDA:0,hydrateTextInstance
FNDA:0,didNotMatchHydratedContainerTextInstance
FNDA:0,didNotMatchHydratedTextInstance
FNDA:0,didNotHydrateContainerInstance
FNDA:0,didNotHydrateInstance
FNDA:0,didNotFindHydratableContainerInstance
FNDA:0,didNotFindHydratableContainerTextInstance
FNDA:0,didNotFindHydratableInstance
FNDA:0,didNotFindHydratableTextInstance
FNDA:0,So
FNDA:0,o
FNDA:0,(anonymous_640)
FNDA:0,o
FNDA:0,(anonymous_642)
FNDA:0,Po
FNDA:0,(anonymous_644)
FNDA:0,findDOMNode
FNDA:0,hydrate
FNDA:0,render
FNDA:0,unstable_renderSubtreeIntoContainer
FNDA:0,unmountComponentAtNode
FNDA:0,(anonymous_650)
FNDA:0,(anonymous_651)
FNDA:0,unstable_createPortal
FNDA:0,unstable_createRoot
FNDA:0,(anonymous_654)
FNDA:0,v
FNDA:0,isMounted
FNDA:0,enqueueForceUpdate
FNDA:0,enqueueReplaceState
FNDA:0,enqueueSetState
FNDA:0,b
FNDA:0,x
FNDA:0,w
FNDA:0,(anonymous_663)
FNDA:0,(anonymous_664)
FNDA:0,T
FNDA:0,S
FNDA:0,O
FNDA:0,I
FNDA:0,R
FNDA:0,M
FNDA:0,(anonymous_671)
FNDA:0,(anonymous_672)
FNDA:0,z
FNDA:0,U
FNDA:0,F
FNDA:0,map
FNDA:0,forEach
FNDA:0,count
FNDA:0,toArray
FNDA:0,only
FNDA:0,createRef
FNDA:0,createContext
FNDA:0,forwardRef
FNDA:0,cloneElement
FNDA:0,createFactory
FNDA:0,(anonymous_686)
FNDA:0,a
DA:1,0
DA:6,0
DA:14,0
DA:22,0
LF:4
LH:0
BRDA:1,0,0,0
BRDA:1,0,1,0
BRDA:1,1,0,0
BRDA:1,1,1,0
BRDA:1,2,0,0
BRDA:1,2,1,0
BRDA:1,3,0,0
BRDA:1,3,1,0
BRDA:1,3,2,0
BRDA:1,3,3,0
BRDA:1,4,0,0
BRDA:1,4,1,0
BRDA:1,5,0,0
BRDA:1,5,1,0
BRDA:1,6,0,0
BRDA:1,6,1,0
BRDA:1,7,0,0
BRDA:1,7,1,0
BRDA:1,8,0,0
BRDA:1,8,1,0
BRDA:1,8,2,0
BRDA:1,8,3,0
BRDA:1,9,0,0
BRDA:1,9,1,0
BRDA:1,10,0,0
BRDA:1,10,1,0
BRDA:1,11,0,0
BRDA:1,11,1,0
BRDA:1,12,0,0
BRDA:1,12,1,0
BRDA:1,13,0,0
BRDA:1,13,1,0
BRDA:1,14,0,0
BRDA:1,14,1,0
BRDA:1,15,0,0
BRDA:1,15,1,0
BRDA:1,16,0,0
BRDA:1,16,1,0
BRDA:1,17,0,0
BRDA:1,17,1,0
BRDA:1,18,0,0
BRDA:1,18,1,0
BRDA:1,19,0,0
BRDA:1,19,1,0
BRDA:1,20,0,0
BRDA:1,20,1,0
BRDA:1,21,0,0
BRDA:1,21,1,0
BRDA:1,22,0,0
BRDA:1,22,1,0
BRDA:1,23,0,0
BRDA:1,23,1,0
BRDA:1,24,0,0
BRDA:1,24,1,0
BRDA:1,25,0,0
BRDA:1,25,1,0
BRDA:1,26,0,0
BRDA:1,26,1,0
BRDA:1,27,0,0
BRDA:1,27,1,0
BRDA:1,28,0,0
BRDA:1,28,1,0
BRDA:1,29,0,0
BRDA:1,29,1,0
BRDA:1,30,0,0
BRDA:1,30,1,0
BRDA:1,31,0,0
BRDA:1,31,1,0
BRDA:1,32,0,0
BRDA:1,32,1,0
BRDA:1,33,0,0
BRDA:1,33,1,0
BRDA:1,33,2,0
BRDA:1,33,3,0
BRDA:1,33,4,0
BRDA:1,33,5,0
BRDA:1,34,0,0
BRDA:1,34,1,0
BRDA:1,35,0,0
BRDA:1,35,1,0
BRDA:1,36,0,0
BRDA:1,36,1,0
BRDA:1,36,2,0
BRDA:1,37,0,0
BRDA:1,37,1,0
BRDA:1,38,0,0
BRDA:1,38,1,0
BRDA:1,39,0,0
BRDA:1,39,1,0
BRDA:1,40,0,0
BRDA:1,40,1,0
BRDA:1,41,0,0
BRDA:1,41,1,0
BRDA:1,42,0,0
BRDA:1,42,1,0
BRDA:1,43,0,0
BRDA:1,43,1,0
BRDA:1,44,0,0
BRDA:1,44,1,0
BRDA:1,44,2,0
BRDA:1,45,0,0
BRDA:1,45,1,0
BRDA:1,46,0,0
BRDA:1,46,1,0
BRDA:1,46,2,0
BRDA:1,47,0,0
BRDA:1,47,1,0
BRDA:1,48,0,0
BRDA:1,48,1,0
BRDA:1,49,0,0
BRDA:1,49,1,0
BRDA:1,49,2,0
BRDA:1,50,0,0
BRDA:1,50,1,0
BRDA:1,51,0,0
BRDA:1,51,1,0
BRDA:1,52,0,0
BRDA:1,52,1,0
BRDA:1,53,0,0
BRDA:1,53,1,0
BRDA:1,54,0,0
BRDA:1,54,1,0
BRDA:1,55,0,0
BRDA:1,55,1,0
BRDA:1,56,0,0
BRDA:1,56,1,0
BRDA:1,57,0,0
BRDA:1,57,1,0
BRDA:1,58,0,0
BRDA:1,58,1,0
BRDA:1,59,0,0
BRDA:1,59,1,0
BRDA:1,60,0,0
BRDA:1,60,1,0
BRDA:1,61,0,0
BRDA:1,61,1,0
BRDA:1,62,0,0
BRDA:1,62,1,0
BRDA:1,63,0,0
BRDA:1,63,1,0
BRDA:1,64,0,0
BRDA:1,64,1,0
BRDA:1,65,0,0
BRDA:1,65,1,0
BRDA:1,65,2,0
BRDA:1,66,0,0
BRDA:1,66,1,0
BRDA:1,67,0,0
BRDA:1,67,1,0
BRDA:1,68,0,0
BRDA:1,68,1,0
BRDA:1,69,0,0
BRDA:1,69,1,0
BRDA:1,70,0,0
BRDA:1,70,1,0
BRDA:1,71,0,0
BRDA:1,71,1,0
BRDA:1,72,0,0
BRDA:1,72,1,0
BRDA:1,73,0,0
BRDA:1,73,1,0
BRDA:1,74,0,0
BRDA:1,74,1,0
BRDA:1,75,0,0
BRDA:1,75,1,0
BRDA:1,76,0,0
BRDA:1,76,1,0
BRDA:1,77,0,0
BRDA:1,77,1,0
BRDA:1,78,0,0
BRDA:1,78,1,0
BRDA:1,79,0,0
BRDA:1,79,1,0
BRDA:1,80,0,0
BRDA:1,80,1,0
BRDA:1,81,0,0
BRDA:1,81,1,0
BRDA:1,82,0,0
BRDA:1,82,1,0
BRDA:1,83,0,0
BRDA:1,83,1,0
BRDA:1,84,0,0
BRDA:1,84,1,0
BRDA:1,84,2,0
BRDA:1,85,0,0
BRDA:1,85,1,0
BRDA:1,86,0,0
BRDA:1,86,1,0
BRDA:1,87,0,0
BRDA:1,87,1,0
BRDA:1,88,0,0
BRDA:1,88,1,0
BRDA:1,89,0,0
BRDA:1,89,1,0
BRDA:1,90,0,0
BRDA:1,90,1,0
BRDA:1,91,0,0
BRDA:1,91,1,0
BRDA:1,92,0,0
BRDA:1,92,1,0
BRDA:6,93,0,0
BRDA:6,93,1,0
BRDA:6,94,0,0
BRDA:6,94,1,0
BRDA:6,95,0,0
BRDA:6,95,1,0
BRDA:6,96,0,0
BRDA:6,96,1,0
BRDA:6,97,0,0
BRDA:6,97,1,0
BRDA:6,98,0,0
BRDA:6,98,1,0
BRDA:6,99,0,0
BRDA:6,99,1,0
BRDA:6,100,0,0
BRDA:6,100,1,0
BRDA:6,101,0,0
BRDA:6,101,1,0
BRDA:6,102,0,0
BRDA:6,102,1,0
BRDA:6,103,0,0
BRDA:6,103,1,0
BRDA:6,104,0,0
BRDA:6,104,1,0
BRDA:6,105,0,0
BRDA:6,105,1,0
BRDA:6,106,0,0
BRDA:6,106,1,0
BRDA:6,107,0,0
BRDA:6,107,1,0
BRDA:6,108,0,0
BRDA:6,108,1,0
BRDA:6,109,0,0
BRDA:6,109,1,0
BRDA:6,110,0,0
BRDA:6,110,1,0
BRDA:6,111,0,0
BRDA:6,111,1,0
BRDA:6,112,0,0
BRDA:6,112,1,0
BRDA:6,113,0,0
BRDA:6,113,1,0
BRDA:6,114,0,0
BRDA:6,114,1,0
BRDA:6,115,0,0
BRDA:6,115,1,0
BRDA:6,116,0,0
BRDA:6,116,1,0
BRDA:6,117,0,0
BRDA:6,117,1,0
BRDA:6,118,0,0
BRDA:6,118,1,0
BRDA:6,119,0,0
BRDA:6,119,1,0
BRDA:6,120,0,0
BRDA:6,120,1,0
BRDA:6,121,0,0
BRDA:6,121,1,0
BRDA:6,122,0,0
BRDA:6,122,1,0
BRDA:6,123,0,0
BRDA:6,123,1,0
BRDA:6,124,0,0
BRDA:6,124,1,0
BRDA:6,124,2,0
BRDA:6,125,0,0
BRDA:6,125,1,0
BRDA:6,126,0,0
BRDA:6,126,1,0
BRDA:6,127,0,0
BRDA:6,127,1,0
BRDA:6,128,0,0
BRDA:6,128,1,0
BRDA:6,129,0,0
BRDA:6,129,1,0
BRDA:6,130,0,0
BRDA:6,130,1,0
BRDA:6,131,0,0
BRDA:6,131,1,0
BRDA:6,132,0,0
BRDA:6,132,1,0
BRDA:6,133,0,0
BRDA:6,133,1,0
BRDA:6,134,0,0
BRDA:6,134,1,0
BRDA:6,135,0,0
BRDA:6,135,1,0
BRDA:6,136,0,0
BRDA:6,136,1,0
BRDA:6,137,0,0
BRDA:6,137,1,0
BRDA:6,138,0,0
BRDA:6,138,1,0
BRDA:6,139,0,0
BRDA:6,139,1,0
BRDA:6,140,0,0
BRDA:6,140,1,0
BRDA:6,141,0,0
BRDA:6,141,1,0
BRDA:6,142,0,0
BRDA:6,142,1,0
BRDA:6,143,0,0
BRDA:6,143,1,0
BRDA:6,144,0,0
BRDA:6,144,1,0
BRDA:6,145,0,0
BRDA:6,145,1,0
BRDA:6,146,0,0
BRDA:6,146,1,0
BRDA:6,146,2,0
BRDA:6,147,0,0
BRDA:6,147,1,0
BRDA:6,148,0,0
BRDA:6,148,1,0
BRDA:6,149,0,0
BRDA:6,149,1,0
BRDA:6,150,0,0
BRDA:6,150,1,0
BRDA:6,151,0,0
BRDA:6,151,1,0
BRDA:6,152,0,0
BRDA:6,152,1,0
BRDA:6,153,0,0
BRDA:6,153,1,0
BRDA:6,154,0,0
BRDA:6,154,1,0
BRDA:6,155,0,0
BRDA:6,155,1,0
BRDA:6,156,0,0
BRDA:6,156,1,0
BRDA:6,157,0,0
BRDA:6,157,1,0
BRDA:6,158,0,0
BRDA:6,158,1,0
BRDA:6,159,0,0
BRDA:6,159,1,0
BRDA:6,160,0,0
BRDA:6,160,1,0
BRDA:6,161,0,0
BRDA:6,161,1,0
BRDA:6,162,0,0
BRDA:6,162,1,0
BRDA:6,163,0,0
BRDA:6,163,1,0
BRDA:6,164,0,0
BRDA:6,164,1,0
BRDA:6,165,0,0
BRDA:6,165,1,0
BRDA:6,166,0,0
BRDA:6,166,1,0
BRDA:6,167,0,0
BRDA:6,167,1,0
BRDA:6,168,0,0
BRDA:6,168,1,0
BRDA:6,169,0,0
BRDA:6,169,1,0
BRDA:6,170,0,0
BRDA:6,170,1,0
BRDA:6,171,0,0
BRDA:6,171,1,0
BRDA:6,171,2,0
BRDA:6,172,0,0
BRDA:6,172,1,0
BRDA:6,173,0,0
BRDA:6,173,1,0
BRDA:6,174,0,0
BRDA:6,174,1,0
BRDA:6,175,0,0
BRDA:6,175,1,0
BRDA:6,176,0,0
BRDA:6,176,1,0
BRDA:6,177,0,0
BRDA:6,177,1,0
BRDA:6,178,0,0
BRDA:6,178,1,0
BRDA:6,179,0,0
BRDA:6,179,1,0
BRDA:6,180,0,0
BRDA:6,180,1,0
BRDA:6,181,0,0
BRDA:6,181,1,0
BRDA:6,182,0,0
BRDA:6,182,1,0
BRDA:6,183,0,0
BRDA:6,183,1,0
BRDA:6,184,0,0
BRDA:6,184,1,0
BRDA:6,185,0,0
BRDA:6,185,1,0
BRDA:6,186,0,0
BRDA:6,186,1,0
BRDA:6,187,0,0
BRDA:6,187,1,0
BRDA:6,188,0,0
BRDA:6,188,1,0
BRDA:6,189,0,0
BRDA:6,189,1,0
BRDA:6,190,0,0
BRDA:6,190,1,0
BRDA:6,191,0,0
BRDA:6,191,1,0
BRDA:6,191,2,0
BRDA:6,192,0,0
BRDA:6,192,1,0
BRDA:6,193,0,0
BRDA:6,193,1,0
BRDA:6,194,0,0
BRDA:6,194,1,0
BRDA:6,195,0,0
BRDA:6,195,1,0
BRDA:6,196,0,0
BRDA:6,196,1,0
BRDA:6,197,0,0
BRDA:6,197,1,0
BRDA:6,198,0,0
BRDA:6,198,1,0
BRDA:6,199,0,0
BRDA:6,199,1,0
BRDA:6,200,0,0
BRDA:6,200,1,0
BRDA:6,201,0,0
BRDA:6,201,1,0
BRDA:6,202,0,0
BRDA:6,202,1,0
BRDA:6,203,0,0
BRDA:6,203,1,0
BRDA:6,204,0,0
BRDA:6,204,1,0
BRDA:6,205,0,0
BRDA:6,205,1,0
BRDA:6,206,0,0
BRDA:6,206,1,0
BRDA:6,207,0,0
BRDA:6,207,1,0
BRDA:6,208,0,0
BRDA:6,208,1,0
BRDA:6,209,0,0
BRDA:6,209,1,0
BRDA:6,210,0,0
BRDA:6,210,1,0
BRDA:6,211,0,0
BRDA:6,211,1,0
BRDA:6,212,0,0
BRDA:6,212,1,0
BRDA:6,213,0,0
BRDA:6,213,1,0
BRDA:6,214,0,0
BRDA:6,214,1,0
BRDA:6,215,0,0
BRDA:6,215,1,0
BRDA:6,216,0,0
BRDA:6,216,1,0
BRDA:6,217,0,0
BRDA:6,217,1,0
BRDA:6,218,0,0
BRDA:6,218,1,0
BRDA:6,219,0,0
BRDA:6,219,1,0
BRDA:6,220,0,0
BRDA:6,220,1,0
BRDA:6,220,2,0
BRDA:6,221,0,0
BRDA:6,221,1,0
BRDA:6,222,0,0
BRDA:6,222,1,0
BRDA:6,223,0,0
BRDA:6,223,1,0
BRDA:6,224,0,0
BRDA:6,224,1,0
BRDA:6,225,0,0
BRDA:6,225,1,0
BRDA:6,226,0,0
BRDA:6,226,1,0
BRDA:6,227,0,0
BRDA:6,227,1,0
BRDA:6,228,0,0
BRDA:6,228,1,0
BRDA:6,229,0,0
BRDA:6,229,1,0
BRDA:6,230,0,0
BRDA:6,230,1,0
BRDA:6,231,0,0
BRDA:6,231,1,0
BRDA:6,232,0,0
BRDA:6,232,1,0
BRDA:6,232,2,0
BRDA:6,233,0,0
BRDA:6,233,1,0
BRDA:6,234,0,0
BRDA:6,234,1,0
BRDA:6,234,2,0
BRDA:6,234,3,0
BRDA:6,235,0,0
BRDA:6,235,1,0
BRDA:6,236,0,0
BRDA:6,236,1,0
BRDA:6,237,0,0
BRDA:6,237,1,0
BRDA:6,238,0,0
BRDA:6,238,1,0
BRDA:6,239,0,0
BRDA:6,239,1,0
BRDA:6,240,0,0
BRDA:6,240,1,0
BRDA:6,240,2,0
BRDA:6,241,0,0
BRDA:6,241,1,0
BRDA:6,242,0,0
BRDA:6,242,1,0
BRDA:6,243,0,0
BRDA:6,243,1,0
BRDA:6,244,0,0
BRDA:6,244,1,0
BRDA:6,244,2,0
BRDA:6,244,3,0
BRDA:6,245,0,0
BRDA:6,245,1,0
BRDA:6,246,0,0
BRDA:6,246,1,0
BRDA:6,247,0,0
BRDA:6,247,1,0
BRDA:6,248,0,0
BRDA:6,248,1,0
BRDA:6,249,0,0
BRDA:6,249,1,0
BRDA:6,250,0,0
BRDA:6,250,1,0
BRDA:6,250,2,0
BRDA:6,251,0,0
BRDA:6,251,1,0
BRDA:6,252,0,0
BRDA:6,252,1,0
BRDA:6,253,0,0
BRDA:6,253,1,0
BRDA:14,254,0,0
BRDA:14,254,1,0
BRDA:14,255,0,0
BRDA:14,255,1,0
BRDA:14,256,0,0
BRDA:14,256,1,0
BRDA:14,257,0,0
BRDA:14,257,1,0
BRDA:14,258,0,0
BRDA:14,258,1,0
BRDA:14,259,0,0
BRDA:14,259,1,0
BRDA:14,260,0,0
BRDA:14,260,1,0
BRDA:14,261,0,0
BRDA:14,261,1,0
BRDA:14,262,0,0
BRDA:14,262,1,0
BRDA:14,263,0,0
BRDA:14,263,1,0
BRDA:14,264,0,0
BRDA:14,264,1,0
BRDA:14,265,0,0
BRDA:14,265,1,0
BRDA:14,266,0,0
BRDA:14,266,1,0
BRDA:14,267,0,0
BRDA:14,267,1,0
BRDA:14,268,0,0
BRDA:14,268,1,0
BRDA:14,269,0,0
BRDA:14,269,1,0
BRDA:14,270,0,0
BRDA:14,270,1,0
BRDA:14,271,0,0
BRDA:14,271,1,0
BRDA:14,272,0,0
BRDA:14,272,1,0
BRDA:14,273,0,0
BRDA:14,273,1,0
BRDA:14,274,0,0
BRDA:14,274,1,0
BRDA:14,275,0,0
BRDA:14,275,1,0
BRDA:14,276,0,0
BRDA:14,276,1,0
BRDA:14,277,0,0
BRDA:14,277,1,0
BRDA:14,278,0,0
BRDA:14,278,1,0
BRDA:14,279,0,0
BRDA:14,279,1,0
BRDA:14,280,0,0
BRDA:14,280,1,0
BRDA:14,281,0,0
BRDA:14,281,1,0
BRDA:14,282,0,0
BRDA:14,282,1,0
BRDA:14,283,0,0
BRDA:14,283,1,0
BRDA:14,284,0,0
BRDA:14,284,1,0
BRDA:14,285,0,0
BRDA:14,285,1,0
BRDA:14,285,2,0
BRDA:14,285,3,0
BRDA:14,285,4,0
BRDA:14,285,5,0
BRDA:14,285,6,0
BRDA:14,285,7,0
BRDA:14,285,8,0
BRDA:14,285,9,0
BRDA:14,285,10,0
BRDA:14,286,0,0
BRDA:14,286,1,0
BRDA:14,287,0,0
BRDA:14,287,1,0
BRDA:14,287,2,0
BRDA:14,287,3,0
BRDA:14,288,0,0
BRDA:14,288,1,0
BRDA:14,289,0,0
BRDA:14,289,1,0
BRDA:14,289,2,0
BRDA:14,290,0,0
BRDA:14,290,1,0
BRDA:14,291,0,0
BRDA:14,291,1,0
BRDA:14,292,0,0
BRDA:14,292,1,0
BRDA:14,293,0,0
BRDA:14,293,1,0
BRDA:14,294,0,0
BRDA:14,294,1,0
BRDA:14,294,2,0
BRDA:14,295,0,0
BRDA:14,295,1,0
BRDA:14,296,0,0
BRDA:14,296,1,0
BRDA:14,297,0,0
BRDA:14,297,1,0
BRDA:14,298,0,0
BRDA:14,298,1,0
BRDA:14,299,0,0
BRDA:14,299,1,0
BRDA:14,300,0,0
BRDA:14,300,1,0
BRDA:14,301,0,0
BRDA:14,301,1,0
BRDA:14,302,0,0
BRDA:14,302,1,0
BRDA:14,303,0,0
BRDA:14,303,1,0
BRDA:14,303,2,0
BRDA:14,304,0,0
BRDA:14,304,1,0
BRDA:14,305,0,0
BRDA:14,305,1,0
BRDA:14,306,0,0
BRDA:14,306,1,0
BRDA:14,307,0,0
BRDA:14,307,1,0
BRDA:14,307,2,0
BRDA:14,308,0,0
BRDA:14,308,1,0
BRDA:14,309,0,0
BRDA:14,309,1,0
BRDA:14,310,0,0
BRDA:14,310,1,0
BRDA:14,311,0,0
BRDA:14,311,1,0
BRDA:14,311,2,0
BRDA:14,311,3,0
BRDA:14,311,4,0
BRDA:14,312,0,0
BRDA:14,312,1,0
BRDA:14,312,2,0
BRDA:14,313,0,0
BRDA:14,313,1,0
BRDA:14,314,0,0
BRDA:14,314,1,0
BRDA:14,315,0,0
BRDA:14,315,1,0
BRDA:14,316,0,0
BRDA:14,316,1,0
BRDA:14,317,0,0
BRDA:14,317,1,0
BRDA:14,317,2,0
BRDA:14,317,3,0
BRDA:14,318,0,0
BRDA:14,318,1,0
BRDA:14,318,2,0
BRDA:14,318,3,0
BRDA:14,319,0,0
BRDA:14,319,1,0
BRDA:14,319,2,0
BRDA:14,320,0,0
BRDA:14,320,1,0
BRDA:14,321,0,0
BRDA:14,321,1,0
BRDA:14,322,0,0
BRDA:14,322,1,0
BRDA:14,323,0,0
BRDA:14,323,1,0
BRDA:14,324,0,0
BRDA:14,324,1,0
BRDA:14,325,0,0
BRDA:14,325,1,0
BRDA:14,326,0,0
BRDA:14,326,1,0
BRDA:14,327,0,0
BRDA:14,327,1,0
BRDA:14,328,0,0
BRDA:14,328,1,0
BRDA:14,329,0,0
BRDA:14,329,1,0
BRDA:14,330,0,0
BRDA:14,330,1,0
BRDA:14,331,0,0
BRDA:14,331,1,0
BRDA:14,332,0,0
BRDA:14,332,1,0
BRDA:14,333,0,0
BRDA:14,333,1,0
BRDA:14,334,0,0
BRDA:14,334,1,0
BRDA:14,335,0,0
BRDA:14,335,1,0
BRDA:14,336,0,0
BRDA:14,336,1,0
BRDA:14,337,0,0
BRDA:14,337,1,0
BRDA:14,338,0,0
BRDA:14,338,1,0
BRDA:14,339,0,0
BRDA:14,339,1,0
BRDA:14,339,2,0
BRDA:14,340,0,0
BRDA:14,340,1,0
BRDA:14,340,2,0
BRDA:14,341,0,0
BRDA:14,341,1,0
BRDA:14,341,2,0
BRDA:14,341,3,0
BRDA:14,341,4,0
BRDA:14,342,0,0
BRDA:14,342,1,0
BRDA:14,342,2,0
BRDA:14,342,3,0
BRDA:14,342,4,0
BRDA:14,342,5,0
BRDA:14,343,0,0
BRDA:14,343,1,0
BRDA:14,344,0,0
BRDA:14,344,1,0
BRDA:14,345,0,0
BRDA:14,345,1,0
BRDA:14,346,0,0
BRDA:14,346,1,0
BRDA:14,346,2,0
BRDA:14,347,0,0
BRDA:14,347,1,0
BRDA:14,348,0,0
BRDA:14,348,1,0
BRDA:14,349,0,0
BRDA:14,349,1,0
BRDA:14,349,2,0
BRDA:14,350,0,0
BRDA:14,350,1,0
BRDA:14,351,0,0
BRDA:14,351,1,0
BRDA:14,352,0,0
BRDA:14,352,1,0
BRDA:14,353,0,0
BRDA:14,353,1,0
BRDA:14,354,0,0
BRDA:14,354,1,0
BRDA:14,354,2,0
BRDA:14,355,0,0
BRDA:14,355,1,0
BRDA:14,356,0,0
BRDA:14,356,1,0
BRDA:14,357,0,0
BRDA:14,357,1,0
BRDA:14,358,0,0
BRDA:14,358,1,0
BRDA:14,359,0,0
BRDA:14,359,1,0
BRDA:14,359,2,0
BRDA:14,359,3,0
BRDA:14,360,0,0
BRDA:14,360,1,0
BRDA:14,361,0,0
BRDA:14,361,1,0
BRDA:14,362,0,0
BRDA:14,362,1,0
BRDA:14,363,0,0
BRDA:14,363,1,0
BRDA:14,364,0,0
BRDA:14,364,1,0
BRDA:14,365,0,0
BRDA:14,365,1,0
BRDA:14,365,2,0
BRDA:14,366,0,0
BRDA:14,366,1,0
BRDA:14,366,2,0
BRDA:14,366,3,0
BRDA:14,367,0,0
BRDA:14,367,1,0
BRDA:14,368,0,0
BRDA:14,368,1,0
BRDA:14,368,2,0
BRDA:14,369,0,0
BRDA:14,369,1,0
BRDA:14,369,2,0
BRDA:14,370,0,0
BRDA:14,370,1,0
BRDA:14,371,0,0
BRDA:14,371,1,0
BRDA:14,372,0,0
BRDA:14,372,1,0
BRDA:14,373,0,0
BRDA:14,373,1,0
BRDA:14,374,0,0
BRDA:14,374,1,0
BRDA:14,375,0,0
BRDA:14,375,1,0
BRDA:14,376,0,0
BRDA:14,376,1,0
BRDA:14,377,0,0
BRDA:14,377,1,0
BRDA:14,377,2,0
BRDA:14,378,0,0
BRDA:14,378,1,0
BRDA:14,379,0,0
BRDA:14,379,1,0
BRDA:14,380,0,0
BRDA:14,380,1,0
BRDA:14,381,0,0
BRDA:14,381,1,0
BRDA:14,382,0,0
BRDA:14,382,1,0
BRDA:14,383,0,0
BRDA:14,383,1,0
BRDA:14,384,0,0
BRDA:14,384,1,0
BRDA:14,385,0,0
BRDA:14,385,1,0
BRDA:14,385,2,0
BRDA:14,386,0,0
BRDA:14,386,1,0
BRDA:14,387,0,0
BRDA:14,387,1,0
BRDA:14,388,0,0
BRDA:14,388,1,0
BRDA:14,389,0,0
BRDA:14,389,1,0
BRDA:14,390,0,0
BRDA:14,390,1,0
BRDA:14,391,0,0
BRDA:14,391,1,0
BRDA:14,391,2,0
BRDA:14,392,0,0
BRDA:14,392,1,0
BRDA:14,393,0,0
BRDA:14,393,1,0
BRDA:14,393,2,0
BRDA:14,393,3,0
BRDA:14,394,0,0
BRDA:14,394,1,0
BRDA:14,395,0,0
BRDA:14,395,1,0
BRDA:14,396,0,0
BRDA:14,396,1,0
BRDA:14,397,0,0
BRDA:14,397,1,0
BRDA:14,397,2,0
BRDA:14,398,0,0
BRDA:14,398,1,0
BRDA:14,399,0,0
BRDA:14,399,1,0
BRDA:14,400,0,0
BRDA:14,400,1,0
BRDA:14,401,0,0
BRDA:14,401,1,0
BRDA:14,402,0,0
BRDA:14,402,1,0
BRDA:14,403,0,0
BRDA:14,403,1,0
BRDA:14,404,0,0
BRDA:14,404,1,0
BRDA:14,405,0,0
BRDA:14,405,1,0
BRDA:14,406,0,0
BRDA:14,406,1,0
BRDA:14,407,0,0
BRDA:14,407,1,0
BRDA:14,408,0,0
BRDA:14,408,1,0
BRDA:14,409,0,0
BRDA:14,409,1,0
BRDA:14,410,0,0
BRDA:14,410,1,0
BRDA:14,411,0,0
BRDA:14,411,1,0
BRDA:14,412,0,0
BRDA:14,412,1,0
BRDA:14,413,0,0
BRDA:14,413,1,0
BRDA:14,414,0,0
BRDA:14,414,1,0
BRDA:14,415,0,0
BRDA:14,415,1,0
BRDA:14,416,0,0
BRDA:14,416,1,0
BRDA:14,417,0,0
BRDA:14,417,1,0
BRDA:14,418,0,0
BRDA:14,418,1,0
BRDA:14,419,0,0
BRDA:14,419,1,0
BRDA:14,419,2,0
BRDA:14,420,0,0
BRDA:14,420,1,0
BRDA:14,421,0,0
BRDA:14,421,1,0
BRDA:14,422,0,0
BRDA:14,422,1,0
BRDA:14,423,0,0
BRDA:14,423,1,0
BRDA:14,423,2,0
BRDA:14,423,3,0
BRDA:14,424,0,0
BRDA:14,424,1,0
BRDA:14,425,0,0
BRDA:14,425,1,0
BRDA:14,426,0,0
BRDA:14,427,0,0
BRDA:14,427,1,0
BRDA:14,428,0,0
BRDA:14,428,1,0
BRDA:14,428,2,0
BRDA:14,429,0,0
BRDA:14,429,1,0
BRDA:14,429,2,0
BRDA:14,429,3,0
BRDA:14,429,4,0
BRDA:14,430,0,0
BRDA:14,430,1,0
BRDA:14,431,0,0
BRDA:14,431,1,0
BRDA:14,432,0,0
BRDA:14,432,1,0
BRDA:14,433,0,0
BRDA:14,433,1,0
BRDA:14,434,0,0
BRDA:14,434,1,0
BRDA:14,434,2,0
BRDA:14,435,0,0
BRDA:14,435,1,0
BRDA:14,436,0,0
BRDA:14,436,1,0
BRDA:14,437,0,0
BRDA:14,437,1,0
BRDA:14,438,0,0
BRDA:14,438,1,0
BRDA:14,438,2,0
BRDA:14,438,3,0
BRDA:14,438,4,0
BRDA:14,438,5,0
BRDA:14,439,0,0
BRDA:14,439,1,0
BRDA:14,440,0,0
BRDA:14,440,1,0
BRDA:14,441,0,0
BRDA:14,441,1,0
BRDA:14,441,2,0
BRDA:14,442,0,0
BRDA:14,442,1,0
BRDA:14,443,0,0
BRDA:14,443,1,0
BRDA:14,444,0,0
BRDA:14,444,1,0
BRDA:14,444,2,0
BRDA:14,444,3,0
BRDA:14,445,0,0
BRDA:14,445,1,0
BRDA:14,446,0,0
BRDA:14,446,1,0
BRDA:14,447,0,0
BRDA:14,447,1,0
BRDA:14,448,0,0
BRDA:14,448,1,0
BRDA:14,449,0,0
BRDA:14,449,1,0
BRDA:14,449,2,0
BRDA:14,449,3,0
BRDA:14,450,0,0
BRDA:14,450,1,0
BRDA:14,451,0,0
BRDA:14,451,1,0
BRDA:14,452,0,0
BRDA:14,452,1,0
BRDA:14,453,0,0
BRDA:14,453,1,0
BRDA:14,454,0,0
BRDA:14,454,1,0
BRDA:14,454,2,0
BRDA:14,455,0,0
BRDA:14,455,1,0
BRDA:14,456,0,0
BRDA:14,456,1,0
BRDA:14,457,0,0
BRDA:14,457,1,0
BRDA:14,458,0,0
BRDA:14,458,1,0
BRDA:14,459,0,0
BRDA:14,459,1,0
BRDA:14,460,0,0
BRDA:14,460,1,0
BRDA:14,461,0,0
BRDA:14,461,1,0
BRDA:14,462,0,0
BRDA:14,462,1,0
BRDA:14,462,2,0
BRDA:14,463,0,0
BRDA:14,463,1,0
BRDA:14,464,0,0
BRDA:14,464,1,0
BRDA:14,465,0,0
BRDA:14,465,1,0
BRDA:14,466,0,0
BRDA:14,466,1,0
BRDA:14,467,0,0
BRDA:14,467,1,0
BRDA:14,468,0,0
BRDA:14,468,1,0
BRDA:14,469,0,0
BRDA:14,469,1,0
BRDA:14,470,0,0
BRDA:14,470,1,0
BRDA:14,471,0,0
BRDA:14,471,1,0
BRDA:14,472,0,0
BRDA:14,472,1,0
BRDA:14,473,0,0
BRDA:14,473,1,0
BRDA:14,473,2,0
BRDA:14,473,3,0
BRDA:14,474,0,0
BRDA:14,474,1,0
BRDA:14,475,0,0
BRDA:14,475,1,0
BRDA:14,476,0,0
BRDA:14,476,1,0
BRDA:14,477,0,0
BRDA:14,477,1,0
BRDA:14,477,2,0
BRDA:14,478,0,0
BRDA:14,478,1,0
BRDA:14,478,2,0
BRDA:14,479,0,0
BRDA:14,479,1,0
BRDA:14,480,0,0
BRDA:14,480,1,0
BRDA:14,481,0,0
BRDA:14,481,1,0
BRDA:14,482,0,0
BRDA:14,482,1,0
BRDA:14,482,2,0
BRDA:14,483,0,0
BRDA:14,483,1,0
BRDA:14,484,0,0
BRDA:14,484,1,0
BRDA:14,485,0,0
BRDA:14,485,1,0
BRDA:14,485,2,0
BRDA:14,485,3,0
BRDA:14,485,4,0
BRDA:14,485,5,0
BRDA:14,486,0,0
BRDA:14,486,1,0
BRDA:14,487,0,0
BRDA:14,487,1,0
BRDA:14,488,0,0
BRDA:14,488,1,0
BRDA:14,489,0,0
BRDA:14,489,1,0
BRDA:14,489,2,0
BRDA:14,490,0,0
BRDA:14,490,1,0
BRDA:14,491,0,0
BRDA:14,491,1,0
BRDA:14,492,0,0
BRDA:14,492,1,0
BRDA:14,493,0,0
BRDA:14,493,1,0
BRDA:14,493,2,0
BRDA:14,494,0,0
BRDA:14,494,1,0
BRDA:14,495,0,0
BRDA:14,495,1,0
BRDA:14,496,0,0
BRDA:14,496,1,0
BRDA:14,497,0,0
BRDA:14,497,1,0
BRDA:14,498,0,0
BRDA:14,498,1,0
BRDA:14,498,2,0
BRDA:14,499,0,0
BRDA:14,499,1,0
BRDA:14,500,0,0
BRDA:14,500,1,0
BRDA:14,501,0,0
BRDA:14,501,1,0
BRDA:14,502,0,0
BRDA:14,502,1,0
BRDA:14,503,0,0
BRDA:14,503,1,0
BRDA:14,503,2,0
BRDA:14,504,0,0
BRDA:14,504,1,0
BRDA:14,505,0,0
BRDA:14,505,1,0
BRDA:14,506,0,0
BRDA:14,506,1,0
BRDA:14,506,2,0
BRDA:14,506,3,0
BRDA:14,506,4,0
BRDA:14,507,0,0
BRDA:14,507,1,0
BRDA:14,508,0,0
BRDA:14,508,1,0
BRDA:14,509,0,0
BRDA:14,509,1,0
BRDA:14,509,2,0
BRDA:14,509,3,0
BRDA:14,509,4,0
BRDA:14,509,5,0
BRDA:14,510,0,0
BRDA:14,510,1,0
BRDA:14,511,0,0
BRDA:14,511,1,0
BRDA:14,512,0,0
BRDA:14,512,1,0
BRDA:14,513,0,0
BRDA:14,513,1,0
BRDA:14,514,0,0
BRDA:14,514,1,0
BRDA:14,515,0,0
BRDA:14,515,1,0
BRDA:14,516,0,0
BRDA:14,516,1,0
BRDA:14,516,2,0
BRDA:14,516,3,0
BRDA:14,516,4,0
BRDA:14,517,0,0
BRDA:14,517,1,0
BRDA:14,518,0,0
BRDA:14,518,1,0
BRDA:14,519,0,0
BRDA:14,519,1,0
BRDA:14,520,0,0
BRDA:14,520,1,0
BRDA:14,521,0,0
BRDA:14,521,1,0
BRDA:14,522,0,0
BRDA:14,522,1,0
BRDA:14,523,0,0
BRDA:14,523,1,0
BRDA:14,524,0,0
BRDA:14,524,1,0
BRDA:14,525,0,0
BRDA:14,525,1,0
BRDA:14,526,0,0
BRDA:14,526,1,0
BRDA:14,527,0,0
BRDA:14,527,1,0
BRDA:14,528,0,0
BRDA:14,528,1,0
BRDA:14,529,0,0
BRDA:14,529,1,0
BRDA:14,530,0,0
BRDA:14,530,1,0
BRDA:14,531,0,0
BRDA:14,531,1,0
BRDA:14,532,0,0
BRDA:14,532,1,0
BRDA:14,533,0,0
BRDA:14,533,1,0
BRDA:14,534,0,0
BRDA:14,534,1,0
BRDA:14,535,0,0
BRDA:14,535,1,0
BRDA:14,536,0,0
BRDA:14,536,1,0
BRDA:14,537,0,0
BRDA:14,537,1,0
BRDA:14,538,0,0
BRDA:14,538,1,0
BRDA:14,539,0,0
BRDA:14,539,1,0
BRDA:14,540,0,0
BRDA:14,540,1,0
BRDA:14,541,0,0
BRDA:14,541,1,0
BRDA:14,542,0,0
BRDA:14,542,1,0
BRDA:14,543,0,0
BRDA:14,543,1,0
BRDA:14,544,0,0
BRDA:14,544,1,0
BRDA:14,545,0,0
BRDA:14,545,1,0
BRDA:14,546,0,0
BRDA:14,546,1,0
BRDA:14,547,0,0
BRDA:14,547,1,0
BRDA:14,548,0,0
BRDA:14,548,1,0
BRDA:14,549,0,0
BRDA:14,549,1,0
BRDA:14,550,0,0
BRDA:14,550,1,0
BRDA:14,551,0,0
BRDA:14,551,1,0
BRDA:14,552,0,0
BRDA:14,552,1,0
BRDA:14,553,0,0
BRDA:14,553,1,0
BRDA:14,554,0,0
BRDA:14,554,1,0
BRDA:14,555,0,0
BRDA:14,555,1,0
BRDA:14,556,0,0
BRDA:14,556,1,0
BRDA:14,557,0,0
BRDA:14,557,1,0
BRDA:14,558,0,0
BRDA:14,558,1,0
BRDA:14,559,0,0
BRDA:14,559,1,0
BRDA:14,559,2,0
BRDA:14,560,0,0
BRDA:14,560,1,0
BRDA:14,561,0,0
BRDA:14,561,1,0
BRDA:14,562,0,0
BRDA:14,562,1,0
BRDA:14,563,0,0
BRDA:14,563,1,0
BRDA:14,564,0,0
BRDA:14,564,1,0
BRDA:14,565,0,0
BRDA:14,565,1,0
BRDA:14,566,0,0
BRDA:14,566,1,0
BRDA:14,567,0,0
BRDA:14,567,1,0
BRDA:14,568,0,0
BRDA:14,568,1,0
BRDA:14,569,0,0
BRDA:14,569,1,0
BRDA:14,570,0,0
BRDA:14,570,1,0
BRDA:14,571,0,0
BRDA:14,571,1,0
BRDA:14,572,0,0
BRDA:14,572,1,0
BRDA:14,573,0,0
BRDA:14,573,1,0
BRDA:14,574,0,0
BRDA:14,574,1,0
BRDA:14,575,0,0
BRDA:14,575,1,0
BRDA:14,576,0,0
BRDA:14,576,1,0
BRDA:14,577,0,0
BRDA:14,577,1,0
BRDA:14,578,0,0
BRDA:14,578,1,0
BRDA:14,579,0,0
BRDA:14,579,1,0
BRDA:14,580,0,0
BRDA:14,580,1,0
BRDA:14,581,0,0
BRDA:14,581,1,0
BRDA:14,582,0,0
BRDA:14,582,1,0
BRDA:14,583,0,0
BRDA:14,583,1,0
BRDA:14,584,0,0
BRDA:14,584,1,0
BRDA:14,584,2,0
BRDA:14,584,3,0
BRDA:14,584,4,0
BRDA:14,584,5,0
BRDA:14,584,6,0
BRDA:14,584,7,0
BRDA:14,584,8,0
BRDA:14,584,9,0
BRDA:14,584,10,0
BRDA:14,584,11,0
BRDA:14,584,12,0
BRDA:14,584,13,0
BRDA:14,584,14,0
BRDA:14,584,15,0
BRDA:14,584,16,0
BRDA:14,584,17,0
BRDA:14,584,18,0
BRDA:14,584,19,0
BRDA:14,584,20,0
BRDA:14,584,21,0
BRDA:14,584,22,0
BRDA:14,584,23,0
BRDA:14,584,24,0
BRDA:14,584,25,0
BRDA:14,584,26,0
BRDA:14,584,27,0
BRDA:14,584,28,0
BRDA:14,584,29,0
BRDA:14,584,30,0
BRDA:14,584,31,0
BRDA:14,584,32,0
BRDA:14,584,33,0
BRDA:14,584,34,0
BRDA:14,585,0,0
BRDA:14,585,1,0
BRDA:14,586,0,0
BRDA:14,586,1,0
BRDA:14,587,0,0
BRDA:14,587,1,0
BRDA:14,588,0,0
BRDA:14,588,1,0
BRDA:14,589,0,0
BRDA:14,589,1,0
BRDA:14,590,0,0
BRDA:14,590,1,0
BRDA:14,591,0,0
BRDA:14,591,1,0
BRDA:14,592,0,0
BRDA:14,592,1,0
BRDA:14,593,0,0
BRDA:14,593,1,0
BRDA:14,594,0,0
BRDA:14,594,1,0
BRDA:14,595,0,0
BRDA:14,595,1,0
BRDA:14,596,0,0
BRDA:14,596,1,0
BRDA:14,596,2,0
BRDA:14,596,3,0
BRDA:14,597,0,0
BRDA:14,597,1,0
BRDA:14,598,0,0
BRDA:14,598,1,0
BRDA:14,599,0,0
BRDA:14,599,1,0
BRDA:14,600,0,0
BRDA:14,600,1,0
BRDA:14,601,0,0
BRDA:14,601,1,0
BRDA:14,602,0,0
BRDA:14,602,1,0
BRDA:14,603,0,0
BRDA:14,603,1,0
BRDA:14,604,0,0
BRDA:14,604,1,0
BRDA:14,605,0,0
BRDA:14,605,1,0
BRDA:14,606,0,0
BRDA:14,606,1,0
BRDA:14,607,0,0
BRDA:14,607,1,0
BRDA:14,608,0,0
BRDA:14,608,1,0
BRDA:14,609,0,0
BRDA:14,609,1,0
BRDA:14,609,2,0
BRDA:14,610,0,0
BRDA:14,610,1,0
BRDA:14,610,2,0
BRDA:14,610,3,0
BRDA:14,610,4,0
BRDA:14,611,0,0
BRDA:14,611,1,0
BRDA:14,611,2,0
BRDA:14,612,0,0
BRDA:14,612,1,0
BRDA:14,613,0,0
BRDA:14,613,1,0
BRDA:14,613,2,0
BRDA:14,614,0,0
BRDA:14,614,1,0
BRDA:14,615,0,0
BRDA:14,615,1,0
BRDA:14,616,0,0
BRDA:14,616,1,0
BRDA:14,617,0,0
BRDA:14,617,1,0
BRDA:14,618,0,0
BRDA:14,618,1,0
BRDA:14,619,0,0
BRDA:14,619,1,0
BRDA:14,620,0,0
BRDA:14,620,1,0
BRDA:14,621,0,0
BRDA:14,621,1,0
BRDA:14,622,0,0
BRDA:14,622,1,0
BRDA:14,623,0,0
BRDA:14,623,1,0
BRDA:14,624,0,0
BRDA:14,624,1,0
BRDA:14,625,0,0
BRDA:14,625,1,0
BRDA:14,625,2,0
BRDA:14,625,3,0
BRDA:14,625,4,0
BRDA:14,625,5,0
BRDA:14,625,6,0
BRDA:14,625,7,0
BRDA:14,626,0,0
BRDA:14,626,1,0
BRDA:14,627,0,0
BRDA:14,627,1,0
BRDA:14,627,2,0
BRDA:14,628,0,0
BRDA:14,628,1,0
BRDA:14,629,0,0
BRDA:14,629,1,0
BRDA:14,630,0,0
BRDA:14,630,1,0
BRDA:14,631,0,0
BRDA:14,631,1,0
BRDA:14,632,0,0
BRDA:14,632,1,0
BRDA:14,633,0,0
BRDA:14,633,1,0
BRDA:14,634,0,0
BRDA:14,634,1,0
BRDA:14,634,2,0
BRDA:14,634,3,0
BRDA:14,634,4,0
BRDA:14,634,5,0
BRDA:14,635,0,0
BRDA:14,635,1,0
BRDA:14,636,0,0
BRDA:14,636,1,0
BRDA:14,637,0,0
BRDA:14,637,1,0
BRDA:14,637,2,0
BRDA:14,637,3,0
BRDA:14,638,0,0
BRDA:14,638,1,0
BRDA:14,639,0,0
BRDA:14,640,0,0
BRDA:14,641,0,0
BRDA:14,641,1,0
BRDA:14,642,0,0
BRDA:14,642,1,0
BRDA:14,643,0,0
BRDA:14,643,1,0
BRDA:14,644,0,0
BRDA:14,644,1,0
BRDA:14,645,0,0
BRDA:14,645,1,0
BRDA:14,645,2,0
BRDA:14,646,0,0
BRDA:14,646,1,0
BRDA:14,647,0,0
BRDA:14,647,1,0
BRDA:14,648,0,0
BRDA:14,648,1,0
BRDA:14,649,0,0
BRDA:14,649,1,0
BRDA:14,650,0,0
BRDA:14,650,1,0
BRDA:14,651,0,0
BRDA:14,651,1,0
BRDA:14,652,0,0
BRDA:14,652,1,0
BRDA:14,653,0,0
BRDA:14,653,1,0
BRDA:14,654,0,0
BRDA:14,654,1,0
BRDA:14,654,2,0
BRDA:14,655,0,0
BRDA:14,655,1,0
BRDA:14,656,0,0
BRDA:14,656,1,0
BRDA:14,657,0,0
BRDA:14,657,1,0
BRDA:14,657,2,0
BRDA:14,658,0,0
BRDA:14,658,1,0
BRDA:14,659,0,0
BRDA:14,659,1,0
BRDA:14,660,0,0
BRDA:14,660,1,0
BRDA:14,661,0,0
BRDA:14,661,1,0
BRDA:14,662,0,0
BRDA:14,662,1,0
BRDA:14,663,0,0
BRDA:14,663,1,0
BRDA:14,664,0,0
BRDA:14,664,1,0
BRDA:14,665,0,0
BRDA:14,665,1,0
BRDA:14,666,0,0
BRDA:14,666,1,0
BRDA:14,667,0,0
BRDA:14,667,1,0
BRDA:14,668,0,0
BRDA:14,668,1,0
BRDA:14,669,0,0
BRDA:14,669,1,0
BRDA:14,670,0,0
BRDA:14,670,1,0
BRDA:14,670,2,0
BRDA:14,670,3,0
BRDA:14,671,0,0
BRDA:14,671,1,0
BRDA:14,672,0,0
BRDA:14,672,1,0
BRDA:14,673,0,0
BRDA:14,673,1,0
BRDA:14,674,0,0
BRDA:14,674,1,0
BRDA:14,675,0,0
BRDA:14,675,1,0
BRDA:14,675,2,0
BRDA:14,676,0,0
BRDA:14,676,1,0
BRDA:14,677,0,0
BRDA:14,677,1,0
BRDA:14,678,0,0
BRDA:14,678,1,0
BRDA:14,679,0,0
BRDA:14,679,1,0
BRDA:14,680,0,0
BRDA:14,680,1,0
BRDA:14,681,0,0
BRDA:14,681,1,0
BRDA:14,681,2,0
BRDA:14,682,0,0
BRDA:14,682,1,0
BRDA:14,683,0,0
BRDA:14,683,1,0
BRDA:14,684,0,0
BRDA:14,684,1,0
BRDA:14,685,0,0
BRDA:14,685,1,0
BRDA:14,686,0,0
BRDA:14,686,1,0
BRDA:14,687,0,0
BRDA:14,687,1,0
BRDA:14,688,0,0
BRDA:14,688,1,0
BRDA:14,689,0,0
BRDA:14,689,1,0
BRDA:14,690,0,0
BRDA:14,690,1,0
BRDA:14,691,0,0
BRDA:14,691,1,0
BRDA:14,692,0,0
BRDA:14,692,1,0
BRDA:14,693,0,0
BRDA:14,693,1,0
BRDA:14,694,0,0
BRDA:14,694,1,0
BRDA:14,694,2,0
BRDA:14,695,0,0
BRDA:14,695,1,0
BRDA:14,696,0,0
BRDA:14,696,1,0
BRDA:14,697,0,0
BRDA:14,697,1,0
BRDA:14,698,0,0
BRDA:14,698,1,0
BRDA:14,699,0,0
BRDA:14,699,1,0
BRDA:14,700,0,0
BRDA:14,700,1,0
BRDA:14,700,2,0
BRDA:14,700,3,0
BRDA:14,701,0,0
BRDA:14,701,1,0
BRDA:14,702,0,0
BRDA:14,702,1,0
BRDA:14,703,0,0
BRDA:14,703,1,0
BRDA:14,704,0,0
BRDA:14,704,1,0
BRDA:14,705,0,0
BRDA:14,705,1,0
BRDA:14,706,0,0
BRDA:14,706,1,0
BRDA:14,707,0,0
BRDA:14,707,1,0
BRDA:14,708,0,0
BRDA:14,708,1,0
BRDA:14,709,0,0
BRDA:14,709,1,0
BRDA:14,710,0,0
BRDA:14,710,1,0
BRDA:14,711,0,0
BRDA:14,711,1,0
BRDA:14,712,0,0
BRDA:14,712,1,0
BRDA:14,713,0,0
BRDA:14,713,1,0
BRDA:14,714,0,0
BRDA:14,714,1,0
BRDA:14,715,0,0
BRDA:14,715,1,0
BRDA:14,716,0,0
BRDA:14,716,1,0
BRDA:14,717,0,0
BRDA:14,717,1,0
BRDA:14,718,0,0
BRDA:14,718,1,0
BRDA:14,719,0,0
BRDA:14,719,1,0
BRDA:14,720,0,0
BRDA:14,720,1,0
BRDA:14,721,0,0
BRDA:14,721,1,0
BRDA:14,722,0,0
BRDA:14,722,1,0
BRDA:14,723,0,0
BRDA:14,723,1,0
BRDA:14,724,0,0
BRDA:14,724,1,0
BRDA:14,725,0,0
BRDA:14,725,1,0
BRDA:14,726,0,0
BRDA:14,726,1,0
BRDA:14,727,0,0
BRDA:14,727,1,0
BRDA:14,728,0,0
BRDA:14,728,1,0
BRDA:14,729,0,0
BRDA:14,729,1,0
BRDA:14,730,0,0
BRDA:14,730,1,0
BRDA:14,731,0,0
BRDA:14,731,1,0
BRDA:14,732,0,0
BRDA:14,732,1,0
BRDA:14,733,0,0
BRDA:14,733,1,0
BRDA:14,734,0,0
BRDA:14,734,1,0
BRDA:14,735,0,0
BRDA:14,735,1,0
BRDA:14,736,0,0
BRDA:14,736,1,0
BRDA:14,737,0,0
BRDA:14,737,1,0
BRDA:14,738,0,0
BRDA:14,738,1,0
BRDA:14,739,0,0
BRDA:14,739,1,0
BRDA:14,740,0,0
BRDA:14,740,1,0
BRDA:14,741,0,0
BRDA:14,741,1,0
BRDA:14,742,0,0
BRDA:14,742,1,0
BRDA:14,742,2,0
BRDA:14,742,3,0
BRDA:14,743,0,0
BRDA:14,743,1,0
BRDA:14,744,0,0
BRDA:14,744,1,0
BRDA:14,745,0,0
BRDA:14,745,1,0
BRDA:14,746,0,0
BRDA:14,746,1,0
BRDA:14,747,0,0
BRDA:14,747,1,0
BRDA:14,748,0,0
BRDA:14,748,1,0
BRDA:14,749,0,0
BRDA:14,749,1,0
BRDA:14,750,0,0
BRDA:14,750,1,0
BRDA:14,751,0,0
BRDA:14,751,1,0
BRDA:14,752,0,0
BRDA:14,752,1,0
BRDA:14,753,0,0
BRDA:14,753,1,0
BRDA:14,753,2,0
BRDA:14,753,3,0
BRDA:14,754,0,0
BRDA:14,754,1,0
BRDA:14,755,0,0
BRDA:14,755,1,0
BRDA:14,756,0,0
BRDA:14,756,1,0
BRDA:14,757,0,0
BRDA:14,757,1,0
BRDA:14,758,0,0
BRDA:14,758,1,0
BRDA:14,758,2,0
BRDA:14,758,3,0
BRDA:14,758,4,0
BRDA:14,759,0,0
BRDA:14,759,1,0
BRDA:14,760,0,0
BRDA:14,760,1,0
BRDA:14,761,0,0
BRDA:14,761,1,0
BRDA:14,762,0,0
BRDA:14,762,1,0
BRDA:14,763,0,0
BRDA:14,763,1,0
BRDA:14,764,0,0
BRDA:14,764,1,0
BRDA:14,765,0,0
BRDA:14,765,1,0
BRDA:14,766,0,0
BRDA:14,766,1,0
BRDA:14,767,0,0
BRDA:14,767,1,0
BRDA:14,768,0,0
BRDA:14,768,1,0
BRDA:14,769,0,0
BRDA:14,769,1,0
BRDA:14,769,2,0
BRDA:14,770,0,0
BRDA:14,770,1,0
BRDA:14,771,0,0
BRDA:14,771,1,0
BRDA:14,772,0,0
BRDA:14,772,1,0
BRDA:14,773,0,0
BRDA:14,773,1,0
BRDA:14,774,0,0
BRDA:14,774,1,0
BRDA:14,775,0,0
BRDA:14,775,1,0
BRDA:14,776,0,0
BRDA:14,776,1,0
BRDA:14,777,0,0
BRDA:14,777,1,0
BRDA:14,778,0,0
BRDA:14,778,1,0
BRDA:14,779,0,0
BRDA:14,779,1,0
BRDA:14,780,0,0
BRDA:14,780,1,0
BRDA:14,780,2,0
BRDA:14,781,0,0
BRDA:14,781,1,0
BRDA:14,782,0,0
BRDA:14,782,1,0
BRDA:14,782,2,0
BRDA:14,782,3,0
BRDA:14,782,4,0
BRDA:14,783,0,0
BRDA:14,783,1,0
BRDA:14,784,0,0
BRDA:14,784,1,0
BRDA:14,785,0,0
BRDA:14,785,1,0
BRDA:14,786,0,0
BRDA:14,786,1,0
BRDA:14,787,0,0
BRDA:14,787,1,0
BRDA:14,788,0,0
BRDA:14,788,1,0
BRDA:14,789,0,0
BRDA:14,789,1,0
BRDA:14,790,0,0
BRDA:14,790,1,0
BRDA:14,791,0,0
BRDA:14,791,1,0
BRDA:14,791,2,0
BRDA:14,792,0,0
BRDA:14,792,1,0
BRDA:14,793,0,0
BRDA:14,793,1,0
BRDA:14,794,0,0
BRDA:14,794,1,0
BRDA:14,795,0,0
BRDA:14,795,1,0
BRDA:14,796,0,0
BRDA:14,796,1,0
BRDA:14,796,2,0
BRDA:14,796,3,0
BRDA:14,797,0,0
BRDA:14,797,1,0
BRDA:14,798,0,0
BRDA:14,798,1,0
BRDA:14,799,0,0
BRDA:14,799,1,0
BRDA:14,800,0,0
BRDA:14,800,1,0
BRDA:14,801,0,0
BRDA:14,801,1,0
BRDA:14,802,0,0
BRDA:14,802,1,0
BRDA:14,803,0,0
BRDA:14,803,1,0
BRDA:14,804,0,0
BRDA:14,804,1,0
BRDA:14,805,0,0
BRDA:14,805,1,0
BRDA:14,805,2,0
BRDA:14,806,0,0
BRDA:14,806,1,0
BRDA:14,807,0,0
BRDA:14,807,1,0
BRDA:14,807,2,0
BRDA:14,808,0,0
BRDA:14,808,1,0
BRDA:14,809,0,0
BRDA:14,809,1,0
BRDA:14,809,2,0
BRDA:14,809,3,0
BRDA:14,810,0,0
BRDA:14,810,1,0
BRDA:14,811,0,0
BRDA:14,811,1,0
BRDA:14,812,0,0
BRDA:14,812,1,0
BRDA:14,813,0,0
BRDA:14,813,1,0
BRDA:14,814,0,0
BRDA:14,814,1,0
BRDA:14,815,0,0
BRDA:14,815,1,0
BRDA:14,816,0,0
BRDA:14,816,1,0
BRDA:14,817,0,0
BRDA:14,817,1,0
BRDA:14,818,0,0
BRDA:14,818,1,0
BRDA:14,819,0,0
BRDA:14,819,1,0
BRDA:14,820,0,0
BRDA:14,820,1,0
BRDA:14,820,2,0
BRDA:14,821,0,0
BRDA:14,821,1,0
BRDA:14,822,0,0
BRDA:14,822,1,0
BRDA:14,822,2,0
BRDA:14,822,3,0
BRDA:14,822,4,0
BRDA:14,823,0,0
BRDA:14,823,1,0
BRDA:14,824,0,0
BRDA:14,824,1,0
BRDA:14,825,0,0
BRDA:14,825,1,0
BRDA:14,826,0,0
BRDA:14,826,1,0
BRDA:14,827,0,0
BRDA:14,827,1,0
BRDA:14,828,0,0
BRDA:14,828,1,0
BRDA:14,828,2,0
BRDA:14,828,3,0
BRDA:14,828,4,0
BRDA:14,828,5,0
BRDA:14,829,0,0
BRDA:14,829,1,0
BRDA:14,830,0,0
BRDA:14,830,1,0
BRDA:14,831,0,0
BRDA:14,831,1,0
BRDA:14,832,0,0
BRDA:14,832,1,0
BRDA:14,833,0,0
BRDA:14,833,1,0
BRDA:14,834,0,0
BRDA:14,834,1,0
BRDA:14,835,0,0
BRDA:14,835,1,0
BRDA:14,836,0,0
BRDA:14,836,1,0
BRDA:14,837,0,0
BRDA:14,837,1,0
BRDA:14,838,0,0
BRDA:14,838,1,0
BRDA:14,838,2,0
BRDA:14,838,3,0
BRDA:14,838,4,0
BRDA:14,839,0,0
BRDA:14,839,1,0
BRDA:14,840,0,0
BRDA:14,840,1,0
BRDA:14,840,2,0
BRDA:14,840,3,0
BRDA:14,841,0,0
BRDA:14,841,1,0
BRDA:14,842,0,0
BRDA:14,842,1,0
BRDA:14,843,0,0
BRDA:14,843,1,0
BRDA:14,844,0,0
BRDA:14,844,1,0
BRDA:14,845,0,0
BRDA:14,845,1,0
BRDA:14,846,0,0
BRDA:14,846,1,0
BRDA:14,846,2,0
BRDA:14,846,3,0
BRDA:14,846,4,0
BRDA:14,846,5,0
BRDA:14,847,0,0
BRDA:14,847,1,0
BRDA:14,848,0,0
BRDA:14,848,1,0
BRDA:14,849,0,0
BRDA:14,849,1,0
BRDA:14,850,0,0
BRDA:14,850,1,0
BRDA:14,851,0,0
BRDA:14,851,1,0
BRDA:14,852,0,0
BRDA:14,852,1,0
BRDA:14,853,0,0
BRDA:14,853,1,0
BRDA:14,854,0,0
BRDA:14,854,1,0
BRDA:14,855,0,0
BRDA:14,855,1,0
BRDA:14,856,0,0
BRDA:14,856,1,0
BRDA:14,856,2,0
BRDA:14,856,3,0
BRDA:14,856,4,0
BRDA:14,857,0,0
BRDA:14,857,1,0
BRDA:14,858,0,0
BRDA:14,858,1,0
BRDA:14,858,2,0
BRDA:14,858,3,0
BRDA:14,859,0,0
BRDA:14,859,1,0
BRDA:14,860,0,0
BRDA:14,860,1,0
BRDA:14,861,0,0
BRDA:14,861,1,0
BRDA:14,862,0,0
BRDA:14,862,1,0
BRDA:14,863,0,0
BRDA:14,863,1,0
BRDA:14,863,2,0
BRDA:14,863,3,0
BRDA:14,864,0,0
BRDA:14,864,1,0
BRDA:14,864,2,0
BRDA:14,864,3,0
BRDA:14,865,0,0
BRDA:14,865,1,0
BRDA:14,865,2,0
BRDA:14,865,3,0
BRDA:14,866,0,0
BRDA:14,866,1,0
BRDA:14,866,2,0
BRDA:14,866,3,0
BRDA:14,867,0,0
BRDA:14,867,1,0
BRDA:14,868,0,0
BRDA:14,868,1,0
BRDA:14,869,0,0
BRDA:14,869,1,0
BRDA:14,869,2,0
BRDA:14,869,3,0
BRDA:14,870,0,0
BRDA:14,870,1,0
BRDA:14,870,2,0
BRDA:14,870,3,0
BRDA:14,870,4,0
BRDA:14,870,5,0
BRDA:14,870,6,0
BRDA:14,870,7,0
BRDA:14,870,8,0
BRDA:14,870,9,0
BRDA:14,870,10,0
BRDA:14,870,11,0
BRDA:14,870,12,0
BRDA:14,870,13,0
BRDA:14,870,14,0
BRDA:14,870,15,0
BRDA:14,871,0,0
BRDA:14,871,1,0
BRDA:14,872,0,0
BRDA:14,872,1,0
BRDA:14,873,0,0
BRDA:14,873,1,0
BRDA:14,873,2,0
BRDA:14,873,3,0
BRDA:14,874,0,0
BRDA:14,874,1,0
BRDA:14,875,0,0
BRDA:14,875,1,0
BRDA:14,876,0,0
BRDA:14,876,1,0
BRDA:14,876,2,0
BRDA:14,876,3,0
BRDA:14,877,0,0
BRDA:14,877,1,0
BRDA:14,878,0,0
BRDA:14,878,1,0
BRDA:14,879,0,0
BRDA:14,879,1,0
BRDA:14,880,0,0
BRDA:14,880,1,0
BRDA:14,881,0,0
BRDA:14,881,1,0
BRDA:14,881,2,0
BRDA:14,882,0,0
BRDA:14,882,1,0
BRDA:14,883,0,0
BRDA:14,883,1,0
BRDA:14,884,0,0
BRDA:14,884,1,0
BRDA:14,885,0,0
BRDA:14,885,1,0
BRDA:14,886,0,0
BRDA:14,886,1,0
BRDA:14,887,0,0
BRDA:14,887,1,0
BRDA:14,887,2,0
BRDA:14,887,3,0
BRDA:14,888,0,0
BRDA:14,888,1,0
BRDA:14,889,0,0
BRDA:14,889,1,0
BRDA:14,890,0,0
BRDA:14,890,1,0
BRDA:14,891,0,0
BRDA:14,891,1,0
BRDA:14,891,2,0
BRDA:14,892,0,0
BRDA:14,892,1,0
BRDA:14,893,0,0
BRDA:14,893,1,0
BRDA:14,894,0,0
BRDA:14,894,1,0
BRDA:14,895,0,0
BRDA:14,895,1,0
BRDA:14,896,0,0
BRDA:14,896,1,0
BRDA:14,896,2,0
BRDA:14,897,0,0
BRDA:14,897,1,0
BRDA:14,898,0,0
BRDA:14,898,1,0
BRDA:14,898,2,0
BRDA:14,899,0,0
BRDA:14,899,1,0
BRDA:14,900,0,0
BRDA:14,900,1,0
BRDA:14,900,2,0
BRDA:14,901,0,0
BRDA:14,901,1,0
BRDA:14,902,0,0
BRDA:14,902,1,0
BRDA:14,903,0,0
BRDA:14,903,1,0
BRDA:14,904,0,0
BRDA:14,904,1,0
BRDA:14,905,0,0
BRDA:14,905,1,0
BRDA:14,906,0,0
BRDA:14,906,1,0
BRDA:14,907,0,0
BRDA:14,907,1,0
BRDA:14,908,0,0
BRDA:14,908,1,0
BRDA:14,908,2,0
BRDA:14,909,0,0
BRDA:14,909,1,0
BRDA:14,910,0,0
BRDA:14,910,1,0
BRDA:14,911,0,0
BRDA:14,911,1,0
BRDA:14,912,0,0
BRDA:14,912,1,0
BRDA:14,913,0,0
BRDA:14,913,1,0
BRDA:14,914,0,0
BRDA:14,914,1,0
BRDA:14,915,0,0
BRDA:14,915,1,0
BRDA:14,915,2,0
BRDA:14,915,3,0
BRDA:14,915,4,0
BRDA:14,916,0,0
BRDA:14,916,1,0
BRDA:14,917,0,0
BRDA:14,917,1,0
BRDA:14,918,0,0
BRDA:14,918,1,0
BRDA:14,919,0,0
BRDA:14,919,1,0
BRDA:14,920,0,0
BRDA:14,920,1,0
BRDA:14,921,0,0
BRDA:14,921,1,0
BRDA:14,921,2,0
BRDA:14,922,0,0
BRDA:14,922,1,0
BRDA:14,923,0,0
BRDA:14,923,1,0
BRDA:14,923,2,0
BRDA:14,924,0,0
BRDA:14,924,1,0
BRDA:14,925,0,0
BRDA:14,925,1,0
BRDA:14,926,0,0
BRDA:14,926,1,0
BRDA:14,927,0,0
BRDA:14,927,1,0
BRDA:14,927,2,0
BRDA:14,928,0,0
BRDA:14,928,1,0
BRDA:14,928,2,0
BRDA:14,929,0,0
BRDA:14,929,1,0
BRDA:14,929,2,0
BRDA:14,930,0,0
BRDA:14,930,1,0
BRDA:14,931,0,0
BRDA:14,931,1,0
BRDA:14,932,0,0
BRDA:14,932,1,0
BRDA:14,933,0,0
BRDA:14,933,1,0
BRDA:14,934,0,0
BRDA:14,934,1,0
BRDA:14,935,0,0
BRDA:14,935,1,0
BRDA:14,935,2,0
BRDA:14,936,0,0
BRDA:14,936,1,0
BRDA:14,937,0,0
BRDA:14,937,1,0
BRDA:14,938,0,0
BRDA:14,938,1,0
BRDA:14,939,0,0
BRDA:14,939,1,0
BRDA:14,939,2,0
BRDA:14,940,0,0
BRDA:14,940,1,0
BRDA:14,941,0,0
BRDA:14,941,1,0
BRDA:14,942,0,0
BRDA:14,942,1,0
BRDA:14,943,0,0
BRDA:14,943,1,0
BRDA:14,944,0,0
BRDA:14,944,1,0
BRDA:14,945,0,0
BRDA:14,945,1,0
BRDA:14,946,0,0
BRDA:14,946,1,0
BRDA:14,947,0,0
BRDA:14,947,1,0
BRDA:14,948,0,0
BRDA:14,948,1,0
BRDA:14,949,0,0
BRDA:14,949,1,0
BRDA:14,950,0,0
BRDA:14,950,1,0
BRDA:14,951,0,0
BRDA:14,951,1,0
BRDA:14,952,0,0
BRDA:14,952,1,0
BRDA:14,952,2,0
BRDA:14,952,3,0
BRDA:14,953,0,0
BRDA:14,953,1,0
BRDA:14,954,0,0
BRDA:14,954,1,0
BRDA:14,955,0,0
BRDA:14,955,1,0
BRDA:14,956,0,0
BRDA:14,956,1,0
BRDA:14,957,0,0
BRDA:14,957,1,0
BRDA:14,958,0,0
BRDA:14,958,1,0
BRDA:14,959,0,0
BRDA:14,959,1,0
BRDA:14,960,0,0
BRDA:14,960,1,0
BRDA:14,960,2,0
BRDA:14,961,0,0
BRDA:14,961,1,0
BRDA:14,962,0,0
BRDA:14,962,1,0
BRDA:14,963,0,0
BRDA:14,963,1,0
BRDA:14,963,2,0
BRDA:14,964,0,0
BRDA:14,964,1,0
BRDA:14,965,0,0
BRDA:14,965,1,0
BRDA:14,966,0,0
BRDA:14,966,1,0
BRDA:14,967,0,0
BRDA:14,967,1,0
BRDA:14,968,0,0
BRDA:14,968,1,0
BRDA:14,969,0,0
BRDA:14,969,1,0
BRDA:14,970,0,0
BRDA:14,970,1,0
BRDA:14,970,2,0
BRDA:14,970,3,0
BRDA:14,971,0,0
BRDA:14,971,1,0
BRDA:14,972,0,0
BRDA:14,972,1,0
BRDA:14,972,2,0
BRDA:14,973,0,0
BRDA:14,973,1,0
BRDA:14,973,2,0
BRDA:14,973,3,0
BRDA:14,974,0,0
BRDA:14,974,1,0
BRDA:14,975,0,0
BRDA:14,975,1,0
BRDA:14,975,2,0
BRDA:14,975,3,0
BRDA:14,976,0,0
BRDA:14,976,1,0
BRDA:14,976,2,0
BRDA:14,976,3,0
BRDA:14,977,0,0
BRDA:14,977,1,0
BRDA:14,978,0,0
BRDA:14,978,1,0
BRDA:14,979,0,0
BRDA:14,979,1,0
BRDA:14,980,0,0
BRDA:14,980,1,0
BRDA:14,981,0,0
BRDA:14,981,1,0
BRDA:14,982,0,0
BRDA:14,982,1,0
BRDA:14,982,2,0
BRDA:14,983,0,0
BRDA:14,983,1,0
BRDA:14,984,0,0
BRDA:14,984,1,0
BRDA:14,985,0,0
BRDA:14,985,1,0
BRDA:14,986,0,0
BRDA:14,986,1,0
BRDA:14,987,0,0
BRDA:14,987,1,0
BRDA:14,988,0,0
BRDA:14,988,1,0
BRDA:14,989,0,0
BRDA:14,989,1,0
BRDA:14,990,0,0
BRDA:14,990,1,0
BRDA:14,990,2,0
BRDA:14,991,0,0
BRDA:14,991,1,0
BRDA:14,992,0,0
BRDA:14,992,1,0
BRDA:14,993,0,0
BRDA:14,993,1,0
BRDA:14,994,0,0
BRDA:14,994,1,0
BRDA:14,994,2,0
BRDA:14,995,0,0
BRDA:14,995,1,0
BRDA:14,996,0,0
BRDA:14,996,1,0
BRDA:14,996,2,0
BRDA:14,997,0,0
BRDA:14,997,1,0
BRDA:14,998,0,0
BRDA:14,998,1,0
BRDA:14,998,2,0
BRDA:14,998,3,0
BRDA:14,998,4,0
BRDA:14,998,5,0
BRDA:14,999,0,0
BRDA:14,999,1,0
BRDA:14,999,2,0
BRDA:14,999,3,0
BRDA:14,1000,0,0
BRDA:14,1000,1,0
BRDA:14,1001,0,0
BRDA:14,1001,1,0
BRDA:14,1002,0,0
BRDA:14,1002,1,0
BRDA:14,1003,0,0
BRDA:14,1003,1,0
BRDA:14,1004,0,0
BRDA:14,1004,1,0
BRDA:14,1005,0,0
BRDA:14,1005,1,0
BRDA:14,1006,0,0
BRDA:14,1006,1,0
BRDA:14,1007,0,0
BRDA:14,1007,1,0
BRDA:14,1008,0,0
BRDA:14,1008,1,0
BRDA:14,1009,0,0
BRDA:14,1009,1,0
BRDA:14,1010,0,0
BRDA:14,1010,1,0
BRDA:14,1011,0,0
BRDA:14,1011,1,0
BRDA:14,1012,0,0
BRDA:14,1012,1,0
BRDA:14,1013,0,0
BRDA:14,1013,1,0
BRDA:14,1013,2,0
BRDA:14,1014,0,0
BRDA:14,1014,1,0
BRDA:14,1015,0,0
BRDA:14,1015,1,0
BRDA:14,1016,0,0
BRDA:14,1016,1,0
BRDA:14,1017,0,0
BRDA:14,1017,1,0
BRDA:14,1018,0,0
BRDA:14,1018,1,0
BRDA:14,1019,0,0
BRDA:14,1019,1,0
BRDA:14,1020,0,0
BRDA:14,1020,1,0
BRDA:14,1021,0,0
BRDA:14,1021,1,0
BRDA:14,1022,0,0
BRDA:14,1022,1,0
BRDA:14,1023,0,0
BRDA:14,1023,1,0
BRDA:14,1024,0,0
BRDA:14,1024,1,0
BRDA:14,1025,0,0
BRDA:14,1025,1,0
BRDA:14,1025,2,0
BRDA:14,1025,3,0
BRDA:14,1026,0,0
BRDA:14,1026,1,0
BRDA:14,1027,0,0
BRDA:14,1027,1,0
BRDA:14,1028,0,0
BRDA:14,1028,1,0
BRDA:14,1029,0,0
BRDA:14,1029,1,0
BRDA:14,1030,0,0
BRDA:14,1030,1,0
BRDA:14,1031,0,0
BRDA:14,1031,1,0
BRDA:14,1032,0,0
BRDA:14,1032,1,0
BRDA:14,1033,0,0
BRDA:14,1033,1,0
BRDA:14,1034,0,0
BRDA:14,1034,1,0
BRDA:14,1035,0,0
BRDA:14,1035,1,0
BRDA:14,1036,0,0
BRDA:14,1036,1,0
BRDA:14,1037,0,0
BRDA:14,1037,1,0
BRDA:14,1038,0,0
BRDA:14,1038,1,0
BRDA:14,1039,0,0
BRDA:14,1039,1,0
BRDA:14,1040,0,0
BRDA:14,1040,1,0
BRDA:14,1041,0,0
BRDA:14,1041,1,0
BRDA:14,1042,0,0
BRDA:14,1042,1,0
BRDA:14,1043,0,0
BRDA:14,1043,1,0
BRDA:14,1044,0,0
BRDA:14,1044,1,0
BRDA:14,1045,0,0
BRDA:14,1045,1,0
BRDA:14,1046,0,0
BRDA:14,1046,1,0
BRDA:14,1047,0,0
BRDA:14,1047,1,0
BRDA:14,1048,0,0
BRDA:14,1048,1,0
BRDA:14,1049,0,0
BRDA:14,1049,1,0
BRDA:14,1050,0,0
BRDA:14,1050,1,0
BRDA:14,1051,0,0
BRDA:14,1051,1,0
BRDA:14,1052,0,0
BRDA:14,1052,1,0
BRDA:14,1053,0,0
BRDA:14,1053,1,0
BRDA:14,1054,0,0
BRDA:14,1054,1,0
BRDA:14,1055,0,0
BRDA:14,1055,1,0
BRDA:14,1055,2,0
BRDA:14,1056,0,0
BRDA:14,1056,1,0
BRDA:14,1057,0,0
BRDA:14,1057,1,0
BRDA:14,1058,0,0
BRDA:14,1058,1,0
BRDA:14,1059,0,0
BRDA:14,1059,1,0
BRDA:14,1060,0,0
BRDA:14,1060,1,0
BRDA:14,1061,0,0
BRDA:14,1061,1,0
BRDA:14,1061,2,0
BRDA:14,1062,0,0
BRDA:14,1062,1,0
BRDA:14,1063,0,0
BRDA:14,1063,1,0
BRDA:14,1064,0,0
BRDA:14,1064,1,0
BRDA:14,1064,2,0
BRDA:14,1065,0,0
BRDA:14,1065,1,0
BRDA:14,1066,0,0
BRDA:14,1066,1,0
BRDA:14,1067,0,0
BRDA:14,1067,1,0
BRDA:14,1068,0,0
BRDA:14,1068,1,0
BRDA:14,1069,0,0
BRDA:14,1069,1,0
BRDA:14,1070,0,0
BRDA:14,1070,1,0
BRDA:14,1071,0,0
BRDA:14,1071,1,0
BRDA:14,1072,0,0
BRDA:14,1072,1,0
BRDA:14,1073,0,0
BRDA:14,1073,1,0
BRDA:14,1074,0,0
BRDA:14,1074,1,0
BRDA:14,1074,2,0
BRDA:14,1074,3,0
BRDA:14,1075,0,0
BRDA:14,1075,1,0
BRDA:14,1076,0,0
BRDA:14,1076,1,0
BRDA:14,1077,0,0
BRDA:14,1077,1,0
BRDA:14,1078,0,0
BRDA:14,1078,1,0
BRDA:14,1079,0,0
BRDA:14,1079,1,0
BRDA:14,1080,0,0
BRDA:14,1080,1,0
BRDA:14,1080,2,0
BRDA:14,1080,3,0
BRDA:14,1080,4,0
BRDA:14,1080,5,0
BRDA:14,1080,6,0
BRDA:14,1080,7,0
BRDA:14,1080,8,0
BRDA:14,1080,9,0
BRDA:14,1080,10,0
BRDA:14,1080,11,0
BRDA:14,1080,12,0
BRDA:14,1080,13,0
BRDA:14,1080,14,0
BRDA:14,1080,15,0
BRDA:14,1081,0,0
BRDA:14,1081,1,0
BRDA:14,1081,2,0
BRDA:14,1082,0,0
BRDA:14,1082,1,0
BRDA:14,1083,0,0
BRDA:14,1083,1,0
BRDA:14,1084,0,0
BRDA:14,1084,1,0
BRDA:14,1084,2,0
BRDA:14,1085,0,0
BRDA:14,1085,1,0
BRDA:14,1085,2,0
BRDA:14,1086,0,0
BRDA:14,1086,1,0
BRDA:14,1087,0,0
BRDA:14,1087,1,0
BRDA:14,1088,0,0
BRDA:14,1088,1,0
BRDA:14,1089,0,0
BRDA:14,1089,1,0
BRDA:14,1090,0,0
BRDA:14,1090,1,0
BRDA:14,1091,0,0
BRDA:14,1091,1,0
BRDA:14,1092,0,0
BRDA:14,1092,1,0
BRDA:14,1093,0,0
BRDA:14,1093,1,0
BRDA:14,1094,0,0
BRDA:14,1094,1,0
BRDA:14,1095,0,0
BRDA:14,1095,1,0
BRDA:14,1096,0,0
BRDA:14,1096,1,0
BRDA:14,1097,0,0
BRDA:14,1097,1,0
BRDA:14,1098,0,0
BRDA:14,1098,1,0
BRDA:14,1099,0,0
BRDA:14,1099,1,0
BRDA:14,1100,0,0
BRDA:14,1100,1,0
BRDA:14,1101,0,0
BRDA:14,1101,1,0
BRDA:14,1102,0,0
BRDA:14,1102,1,0
BRDA:14,1103,0,0
BRDA:14,1103,1,0
BRDA:14,1104,0,0
BRDA:14,1104,1,0
BRDA:14,1105,0,0
BRDA:14,1105,1,0
BRDA:14,1106,0,0
BRDA:14,1106,1,0
BRDA:14,1107,0,0
BRDA:14,1107,1,0
BRDA:14,1108,0,0
BRDA:14,1108,1,0
BRDA:14,1109,0,0
BRDA:14,1109,1,0
BRDA:14,1110,0,0
BRDA:14,1110,1,0
BRDA:14,1110,2,0
BRDA:14,1111,0,0
BRDA:14,1111,1,0
BRDA:14,1112,0,0
BRDA:14,1112,1,0
BRDA:14,1113,0,0
BRDA:14,1113,1,0
BRDA:14,1114,0,0
BRDA:14,1114,1,0
BRDA:14,1115,0,0
BRDA:14,1115,1,0
BRDA:14,1116,0,0
BRDA:14,1116,1,0
BRDA:14,1117,0,0
BRDA:14,1117,1,0
BRDA:14,1118,0,0
BRDA:14,1118,1,0
BRDA:14,1118,2,0
BRDA:14,1118,3,0
BRDA:14,1119,0,0
BRDA:14,1119,1,0
BRDA:14,1120,0,0
BRDA:14,1120,1,0
BRDA:14,1120,2,0
BRDA:14,1120,3,0
BRDA:14,1120,4,0
BRDA:14,1120,5,0
BRDA:14,1121,0,0
BRDA:14,1121,1,0
BRDA:14,1122,0,0
BRDA:14,1122,1,0
BRDA:14,1123,0,0
BRDA:14,1123,1,0
BRDA:14,1123,2,0
BRDA:14,1123,3,0
BRDA:14,1123,4,0
BRDA:14,1124,0,0
BRDA:14,1124,1,0
BRDA:14,1125,0,0
BRDA:14,1125,1,0
BRDA:14,1126,0,0
BRDA:14,1126,1,0
BRDA:14,1126,2,0
BRDA:14,1126,3,0
BRDA:14,1127,0,0
BRDA:14,1127,1,0
BRDA:14,1128,0,0
BRDA:14,1128,1,0
BRDA:14,1129,0,0
BRDA:14,1129,1,0
BRDA:14,1129,2,0
BRDA:14,1130,0,0
BRDA:14,1130,1,0
BRDA:14,1131,0,0
BRDA:14,1131,1,0
BRDA:14,1131,2,0
BRDA:14,1132,0,0
BRDA:14,1132,1,0
BRDA:14,1133,0,0
BRDA:14,1133,1,0
BRDA:14,1134,0,0
BRDA:14,1134,1,0
BRDA:14,1135,0,0
BRDA:14,1135,1,0
BRDA:14,1136,0,0
BRDA:14,1136,1,0
BRDA:14,1137,0,0
BRDA:14,1137,1,0
BRDA:14,1138,0,0
BRDA:14,1138,1,0
BRDA:14,1139,0,0
BRDA:14,1139,1,0
BRDA:14,1140,0,0
BRDA:14,1140,1,0
BRDA:14,1141,0,0
BRDA:14,1141,1,0
BRDA:14,1142,0,0
BRDA:14,1142,1,0
BRDA:14,1143,0,0
BRDA:14,1143,1,0
BRDA:14,1144,0,0
BRDA:14,1144,1,0
BRDA:14,1144,2,0
BRDA:14,1144,3,0
BRDA:14,1144,4,0
BRDA:14,1144,5,0
BRDA:14,1145,0,0
BRDA:14,1145,1,0
BRDA:14,1146,0,0
BRDA:14,1146,1,0
BRDA:14,1147,0,0
BRDA:14,1147,1,0
BRDA:14,1148,0,0
BRDA:14,1148,1,0
BRDA:14,1148,2,0
BRDA:14,1148,3,0
BRDA:14,1149,0,0
BRDA:14,1149,1,0
BRDA:14,1150,0,0
BRDA:14,1150,1,0
BRDA:14,1151,0,0
BRDA:14,1151,1,0
BRDA:14,1152,0,0
BRDA:14,1152,1,0
BRDA:14,1153,0,0
BRDA:14,1153,1,0
BRDA:14,1154,0,0
BRDA:14,1154,1,0
BRDA:14,1155,0,0
BRDA:14,1155,1,0
BRDA:14,1156,0,0
BRDA:14,1156,1,0
BRDA:14,1157,0,0
BRDA:14,1157,1,0
BRDA:14,1158,0,0
BRDA:14,1158,1,0
BRDA:14,1159,0,0
BRDA:14,1159,1,0
BRDA:14,1160,0,0
BRDA:14,1160,1,0
BRDA:14,1161,0,0
BRDA:14,1161,1,0
BRDA:14,1162,0,0
BRDA:14,1162,1,0
BRDA:14,1163,0,0
BRDA:14,1163,1,0
BRDA:14,1164,0,0
BRDA:14,1164,1,0
BRDA:14,1165,0,0
BRDA:14,1165,1,0
BRDA:14,1166,0,0
BRDA:14,1166,1,0
BRDA:14,1167,0,0
BRDA:14,1167,1,0
BRDA:14,1168,0,0
BRDA:14,1168,1,0
BRDA:14,1168,2,0
BRDA:14,1168,3,0
BRDA:14,1168,4,0
BRDA:14,1169,0,0
BRDA:14,1169,1,0
BRDA:14,1170,0,0
BRDA:14,1170,1,0
BRDA:14,1171,0,0
BRDA:14,1171,1,0
BRDA:14,1172,0,0
BRDA:14,1172,1,0
BRDA:14,1173,0,0
BRDA:14,1173,1,0
BRDA:14,1174,0,0
BRDA:14,1174,1,0
BRDA:14,1174,2,0
BRDA:14,1174,3,0
BRDA:14,1174,4,0
BRDA:14,1174,5,0
BRDA:14,1175,0,0
BRDA:14,1175,1,0
BRDA:14,1176,0,0
BRDA:14,1176,1,0
BRDA:14,1177,0,0
BRDA:14,1177,1,0
BRDA:14,1178,0,0
BRDA:14,1178,1,0
BRDA:14,1179,0,0
BRDA:14,1179,1,0
BRDA:14,1180,0,0
BRDA:14,1180,1,0
BRDA:14,1181,0,0
BRDA:14,1181,1,0
BRDA:14,1181,2,0
BRDA:14,1182,0,0
BRDA:14,1182,1,0
BRDA:14,1182,2,0
BRDA:14,1183,0,0
BRDA:14,1183,1,0
BRDA:14,1183,2,0
BRDA:14,1184,0,0
BRDA:14,1184,1,0
BRDA:14,1185,0,0
BRDA:14,1185,1,0
BRDA:14,1186,0,0
BRDA:14,1186,1,0
BRDA:14,1186,2,0
BRDA:14,1187,0,0
BRDA:14,1187,1,0
BRDA:14,1188,0,0
BRDA:14,1188,1,0
BRDA:14,1189,0,0
BRDA:14,1189,1,0
BRDA:14,1190,0,0
BRDA:14,1190,1,0
BRDA:14,1191,0,0
BRDA:14,1191,1,0
BRDA:14,1192,0,0
BRDA:14,1192,1,0
BRDA:14,1193,0,0
BRDA:14,1193,1,0
BRDA:14,1194,0,0
BRDA:14,1194,1,0
BRDA:14,1194,2,0
BRDA:14,1195,0,0
BRDA:14,1195,1,0
BRDA:14,1196,0,0
BRDA:14,1196,1,0
BRDA:14,1197,0,0
BRDA:14,1197,1,0
BRDA:14,1198,0,0
BRDA:14,1198,1,0
BRDA:14,1198,2,0
BRDA:14,1199,0,0
BRDA:14,1199,1,0
BRDA:14,1200,0,0
BRDA:14,1200,1,0
BRDA:14,1200,2,0
BRDA:14,1200,3,0
BRDA:14,1201,0,0
BRDA:14,1201,1,0
BRDA:14,1201,2,0
BRDA:14,1202,0,0
BRDA:14,1202,1,0
BRDA:14,1202,2,0
BRDA:14,1203,0,0
BRDA:14,1203,1,0
BRDA:14,1204,0,0
BRDA:14,1204,1,0
BRDA:14,1205,0,0
BRDA:14,1205,1,0
BRDA:14,1206,0,0
BRDA:14,1206,1,0
BRDA:14,1207,0,0
BRDA:14,1207,1,0
BRDA:14,1208,0,0
BRDA:14,1208,1,0
BRDA:14,1209,0,0
BRDA:14,1209,1,0
BRDA:14,1210,0,0
BRDA:14,1210,1,0
BRDA:14,1211,0,0
BRDA:14,1211,1,0
BRDA:14,1212,0,0
BRDA:14,1212,1,0
BRDA:14,1213,0,0
BRDA:14,1213,1,0
BRDA:14,1214,0,0
BRDA:14,1214,1,0
BRDA:14,1215,0,0
BRDA:14,1215,1,0
BRDA:14,1216,0,0
BRDA:14,1216,1,0
BRDA:14,1217,0,0
BRDA:14,1217,1,0
BRDA:14,1218,0,0
BRDA:14,1218,1,0
BRDA:14,1219,0,0
BRDA:14,1219,1,0
BRDA:14,1220,0,0
BRDA:14,1220,1,0
BRDA:14,1221,0,0
BRDA:14,1221,1,0
BRDA:14,1222,0,0
BRDA:14,1222,1,0
BRDA:14,1223,0,0
BRDA:14,1223,1,0
BRDA:14,1224,0,0
BRDA:14,1224,1,0
BRDA:14,1225,0,0
BRDA:14,1225,1,0
BRDA:14,1226,0,0
BRDA:14,1226,1,0
BRDA:14,1227,0,0
BRDA:14,1227,1,0
BRDA:14,1228,0,0
BRDA:14,1228,1,0
BRDA:14,1228,2,0
BRDA:14,1229,0,0
BRDA:14,1229,1,0
BRDA:14,1230,0,0
BRDA:14,1230,1,0
BRDA:14,1231,0,0
BRDA:14,1231,1,0
BRDA:14,1232,0,0
BRDA:14,1232,1,0
BRDA:14,1233,0,0
BRDA:14,1233,1,0
BRDA:14,1234,0,0
BRDA:14,1234,1,0
BRDA:14,1235,0,0
BRDA:14,1235,1,0
BRDA:14,1236,0,0
BRDA:14,1236,1,0
BRDA:14,1237,0,0
BRDA:14,1237,1,0
BRDA:14,1238,0,0
BRDA:14,1238,1,0
BRDA:14,1239,0,0
BRDA:14,1239,1,0
BRDA:14,1240,0,0
BRDA:14,1240,1,0
BRDA:14,1241,0,0
BRDA:14,1241,1,0
BRDA:14,1242,0,0
BRDA:14,1242,1,0
BRDA:14,1243,0,0
BRDA:14,1243,1,0
BRDA:14,1244,0,0
BRDA:14,1244,1,0
BRDA:14,1245,0,0
BRDA:14,1245,1,0
BRDA:14,1246,0,0
BRDA:14,1246,1,0
BRDA:14,1247,0,0
BRDA:14,1247,1,0
BRDA:14,1248,0,0
BRDA:14,1248,1,0
BRDA:14,1249,0,0
BRDA:14,1249,1,0
BRDA:14,1250,0,0
BRDA:14,1250,1,0
BRDA:14,1250,2,0
BRDA:14,1251,0,0
BRDA:14,1251,1,0
BRDA:14,1252,0,0
BRDA:14,1252,1,0
BRDA:14,1253,0,0
BRDA:14,1253,1,0
BRDA:14,1253,2,0
BRDA:14,1253,3,0
BRDA:14,1254,0,0
BRDA:14,1254,1,0
BRDA:14,1255,0,0
BRDA:14,1255,1,0
BRDA:14,1256,0,0
BRDA:14,1256,1,0
BRDA:14,1257,0,0
BRDA:14,1257,1,0
BRDA:14,1257,2,0
BRDA:14,1258,0,0
BRDA:14,1258,1,0
BRDA:14,1259,0,0
BRDA:14,1259,1,0
BRDA:14,1260,0,0
BRDA:14,1260,1,0
BRDA:14,1261,0,0
BRDA:14,1261,1,0
BRDA:14,1262,0,0
BRDA:14,1262,1,0
BRDA:14,1263,0,0
BRDA:14,1263,1,0
BRDA:14,1264,0,0
BRDA:14,1264,1,0
BRDA:14,1265,0,0
BRDA:14,1265,1,0
BRDA:14,1266,0,0
BRDA:14,1266,1,0
BRDA:14,1267,0,0
BRDA:14,1267,1,0
BRDA:14,1268,0,0
BRDA:14,1268,1,0
BRDA:14,1269,0,0
BRDA:14,1269,1,0
BRDA:14,1270,0,0
BRDA:14,1270,1,0
BRDA:14,1271,0,0
BRDA:14,1271,1,0
BRDA:14,1272,0,0
BRDA:14,1272,1,0
BRDA:14,1272,2,0
BRDA:14,1273,0,0
BRDA:14,1273,1,0
BRDA:14,1274,0,0
BRDA:14,1274,1,0
BRDA:14,1275,0,0
BRDA:14,1275,1,0
BRDA:14,1276,0,0
BRDA:14,1276,1,0
BRDA:14,1277,0,0
BRDA:14,1277,1,0
BRDA:14,1278,0,0
BRDA:14,1278,1,0
BRDA:14,1279,0,0
BRDA:14,1279,1,0
BRDA:14,1280,0,0
BRDA:14,1280,1,0
BRDA:14,1281,0,0
BRDA:14,1281,1,0
BRDA:14,1282,0,0
BRDA:14,1282,1,0
BRDA:14,1283,0,0
BRDA:14,1283,1,0
BRDA:14,1284,0,0
BRDA:14,1284,1,0
BRDA:14,1284,2,0
BRDA:14,1285,0,0
BRDA:14,1285,1,0
BRDA:14,1286,0,0
BRDA:14,1286,1,0
BRDA:14,1286,2,0
BRDA:14,1286,3,0
BRDA:14,1287,0,0
BRDA:14,1287,1,0
BRDA:14,1288,0,0
BRDA:14,1288,1,0
BRDA:14,1289,0,0
BRDA:14,1289,1,0
BRDA:14,1289,2,0
BRDA:14,1290,0,0
BRDA:14,1290,1,0
BRDA:14,1290,2,0
BRDA:14,1291,0,0
BRDA:14,1291,1,0
BRDA:14,1292,0,0
BRDA:14,1292,1,0
BRDA:14,1292,2,0
BRDA:14,1292,3,0
BRDA:14,1292,4,0
BRDA:14,1292,5,0
BRDA:14,1292,6,0
BRDA:14,1292,7,0
BRDA:14,1292,8,0
BRDA:14,1293,0,0
BRDA:14,1293,1,0
BRDA:14,1294,0,0
BRDA:14,1294,1,0
BRDA:14,1295,0,0
BRDA:14,1295,1,0
BRDA:14,1295,2,0
BRDA:14,1296,0,0
BRDA:14,1296,1,0
BRDA:14,1297,0,0
BRDA:14,1297,1,0
BRDA:14,1298,0,0
BRDA:14,1298,1,0
BRDA:14,1299,0,0
BRDA:14,1299,1,0
BRDA:14,1300,0,0
BRDA:14,1300,1,0
BRDA:14,1301,0,0
BRDA:14,1301,1,0
BRDA:14,1302,0,0
BRDA:14,1302,1,0
BRDA:14,1303,0,0
BRDA:14,1303,1,0
BRDA:14,1304,0,0
BRDA:14,1304,1,0
BRDA:14,1305,0,0
BRDA:14,1305,1,0
BRDA:14,1306,0,0
BRDA:14,1306,1,0
BRDA:14,1307,0,0
BRDA:14,1307,1,0
BRDA:14,1308,0,0
BRDA:14,1308,1,0
BRDA:14,1309,0,0
BRDA:14,1309,1,0
BRDA:14,1310,0,0
BRDA:14,1310,1,0
BRDA:14,1310,2,0
BRDA:14,1310,3,0
BRDA:14,1310,4,0
BRDA:14,1310,5,0
BRDA:14,1310,6,0
BRDA:14,1310,7,0
BRDA:14,1310,8,0
BRDA:14,1310,9,0
BRDA:14,1310,10,0
BRDA:14,1310,11,0
BRDA:14,1310,12,0
BRDA:14,1310,13,0
BRDA:14,1310,14,0
BRDA:14,1311,0,0
BRDA:14,1311,1,0
BRDA:14,1311,2,0
BRDA:14,1311,3,0
BRDA:14,1311,4,0
BRDA:14,1312,0,0
BRDA:14,1312,1,0
BRDA:14,1313,0,0
BRDA:14,1313,1,0
BRDA:14,1314,0,0
BRDA:14,1314,1,0
BRDA:14,1315,0,0
BRDA:14,1315,1,0
BRDA:14,1316,0,0
BRDA:14,1316,1,0
BRDA:14,1316,2,0
BRDA:14,1316,3,0
BRDA:14,1316,4,0
BRDA:14,1317,0,0
BRDA:14,1317,1,0
BRDA:14,1317,2,0
BRDA:14,1318,0,0
BRDA:14,1318,1,0
BRDA:14,1319,0,0
BRDA:14,1319,1,0
BRDA:14,1320,0,0
BRDA:14,1320,1,0
BRDA:14,1320,2,0
BRDA:14,1320,3,0
BRDA:14,1321,0,0
BRDA:14,1321,1,0
BRDA:14,1322,0,0
BRDA:14,1322,1,0
BRDA:14,1323,0,0
BRDA:14,1323,1,0
BRDA:14,1324,0,0
BRDA:14,1324,1,0
BRDA:14,1325,0,0
BRDA:14,1325,1,0
BRDA:14,1326,0,0
BRDA:14,1326,1,0
BRDA:14,1327,0,0
BRDA:14,1327,1,0
BRDA:14,1328,0,0
BRDA:14,1328,1,0
BRDA:14,1328,2,0
BRDA:14,1329,0,0
BRDA:14,1329,1,0
BRDA:14,1330,0,0
BRDA:14,1330,1,0
BRDA:14,1331,0,0
BRDA:14,1331,1,0
BRDA:14,1331,2,0
BRDA:14,1331,3,0
BRDA:14,1332,0,0
BRDA:14,1332,1,0
BRDA:14,1333,0,0
BRDA:14,1333,1,0
BRDA:14,1333,2,0
BRDA:14,1334,0,0
BRDA:14,1334,1,0
BRDA:14,1335,0,0
BRDA:14,1335,1,0
BRDA:14,1336,0,0
BRDA:14,1336,1,0
BRDA:14,1336,2,0
BRDA:14,1337,0,0
BRDA:14,1337,1,0
BRDA:14,1338,0,0
BRDA:14,1338,1,0
BRDA:14,1339,0,0
BRDA:14,1339,1,0
BRDA:14,1340,0,0
BRDA:14,1340,1,0
BRDA:14,1340,2,0
BRDA:14,1340,3,0
BRDA:14,1341,0,0
BRDA:14,1341,1,0
BRDA:14,1342,0,0
BRDA:14,1342,1,0
BRDA:14,1343,0,0
BRDA:14,1343,1,0
BRDA:14,1344,0,0
BRDA:14,1344,1,0
BRDA:14,1344,2,0
BRDA:14,1345,0,0
BRDA:14,1345,1,0
BRDA:14,1346,0,0
BRDA:14,1346,1,0
BRDA:14,1347,0,0
BRDA:14,1347,1,0
BRDA:14,1348,0,0
BRDA:14,1348,1,0
BRDA:14,1349,0,0
BRDA:14,1349,1,0
BRDA:14,1349,2,0
BRDA:14,1349,3,0
BRDA:14,1349,4,0
BRDA:14,1349,5,0
BRDA:14,1349,6,0
BRDA:14,1349,7,0
BRDA:14,1349,8,0
BRDA:14,1349,9,0
BRDA:14,1349,10,0
BRDA:14,1349,11,0
BRDA:14,1349,12,0
BRDA:14,1350,0,0
BRDA:14,1350,1,0
BRDA:14,1350,2,0
BRDA:14,1350,3,0
BRDA:14,1350,4,0
BRDA:14,1351,0,0
BRDA:14,1351,1,0
BRDA:14,1352,0,0
BRDA:14,1352,1,0
BRDA:14,1352,2,0
BRDA:14,1353,0,0
BRDA:14,1353,1,0
BRDA:14,1354,0,0
BRDA:14,1354,1,0
BRDA:14,1355,0,0
BRDA:14,1355,1,0
BRDA:14,1356,0,0
BRDA:14,1356,1,0
BRDA:14,1357,0,0
BRDA:14,1357,1,0
BRDA:14,1358,0,0
BRDA:14,1358,1,0
BRDA:14,1359,0,0
BRDA:14,1359,1,0
BRDA:14,1359,2,0
BRDA:14,1359,3,0
BRDA:14,1359,4,0
BRDA:14,1359,5,0
BRDA:14,1360,0,0
BRDA:14,1360,1,0
BRDA:14,1360,2,0
BRDA:14,1360,3,0
BRDA:14,1361,0,0
BRDA:14,1361,1,0
BRDA:14,1362,0,0
BRDA:14,1362,1,0
BRDA:14,1363,0,0
BRDA:14,1363,1,0
BRDA:14,1364,0,0
BRDA:14,1364,1,0
BRDA:14,1365,0,0
BRDA:14,1365,1,0
BRDA:14,1365,2,0
BRDA:14,1366,0,0
BRDA:14,1366,1,0
BRDA:14,1367,0,0
BRDA:14,1367,1,0
BRDA:14,1368,0,0
BRDA:14,1368,1,0
BRDA:14,1369,0,0
BRDA:14,1369,1,0
BRDA:14,1369,2,0
BRDA:14,1370,0,0
BRDA:14,1370,1,0
BRDA:14,1371,0,0
BRDA:14,1371,1,0
BRDA:14,1372,0,0
BRDA:14,1372,1,0
BRDA:14,1373,0,0
BRDA:14,1373,1,0
BRDA:14,1374,0,0
BRDA:14,1374,1,0
BRDA:14,1375,0,0
BRDA:14,1375,1,0
BRDA:14,1376,0,0
BRDA:14,1376,1,0
BRDA:14,1377,0,0
BRDA:14,1377,1,0
BRDA:14,1378,0,0
BRDA:14,1378,1,0
BRDA:14,1379,0,0
BRDA:14,1379,1,0
BRDA:14,1380,0,0
BRDA:14,1380,1,0
BRDA:14,1381,0,0
BRDA:14,1381,1,0
BRDA:14,1382,0,0
BRDA:14,1382,1,0
BRDA:14,1383,0,0
BRDA:14,1383,1,0
BRDA:14,1384,0,0
BRDA:14,1384,1,0
BRDA:14,1385,0,0
BRDA:14,1385,1,0
BRDA:14,1386,0,0
BRDA:14,1386,1,0
BRDA:14,1386,2,0
BRDA:14,1387,0,0
BRDA:14,1387,1,0
BRDA:14,1388,0,0
BRDA:14,1388,1,0
BRDA:14,1389,0,0
BRDA:14,1389,1,0
BRDA:14,1390,0,0
BRDA:14,1390,1,0
BRDA:14,1391,0,0
BRDA:14,1391,1,0
BRDA:14,1392,0,0
BRDA:14,1392,1,0
BRDA:14,1393,0,0
BRDA:14,1393,1,0
BRDA:14,1394,0,0
BRDA:14,1394,1,0
BRDA:14,1395,0,0
BRDA:14,1395,1,0
BRDA:14,1395,2,0
BRDA:14,1395,3,0
BRDA:14,1396,0,0
BRDA:14,1396,1,0
BRDA:14,1396,2,0
BRDA:14,1396,3,0
BRDA:14,1397,0,0
BRDA:14,1397,1,0
BRDA:14,1398,0,0
BRDA:14,1398,1,0
BRDA:14,1399,0,0
BRDA:14,1399,1,0
BRDA:14,1400,0,0
BRDA:14,1400,1,0
BRDA:14,1400,2,0
BRDA:14,1401,0,0
BRDA:14,1401,1,0
BRDA:14,1401,2,0
BRDA:14,1402,0,0
BRDA:14,1402,1,0
BRDA:14,1403,0,0
BRDA:14,1403,1,0
BRDA:14,1404,0,0
BRDA:14,1404,1,0
BRDA:14,1405,0,0
BRDA:14,1405,1,0
BRDA:14,1406,0,0
BRDA:14,1406,1,0
BRDA:14,1407,0,0
BRDA:14,1407,1,0
BRDA:14,1408,0,0
BRDA:14,1408,1,0
BRDA:14,1409,0,0
BRDA:14,1409,1,0
BRDA:14,1410,0,0
BRDA:14,1410,1,0
BRDA:14,1411,0,0
BRDA:14,1411,1,0
BRDA:14,1412,0,0
BRDA:14,1412,1,0
BRDA:14,1412,2,0
BRDA:14,1413,0,0
BRDA:14,1413,1,0
BRDA:14,1414,0,0
BRDA:14,1414,1,0
BRDA:14,1414,2,0
BRDA:14,1414,3,0
BRDA:14,1414,4,0
BRDA:14,1414,5,0
BRDA:14,1414,6,0
BRDA:14,1415,0,0
BRDA:14,1415,1,0
BRDA:14,1416,0,0
BRDA:14,1416,1,0
BRDA:14,1416,2,0
BRDA:14,1416,3,0
BRDA:14,1416,4,0
BRDA:14,1416,5,0
BRDA:14,1417,0,0
BRDA:14,1417,1,0
BRDA:14,1418,0,0
BRDA:14,1418,1,0
BRDA:14,1419,0,0
BRDA:14,1419,1,0
BRDA:14,1420,0,0
BRDA:14,1420,1,0
BRDA:14,1421,0,0
BRDA:14,1421,1,0
BRDA:14,1422,0,0
BRDA:14,1422,1,0
BRDA:14,1423,0,0
BRDA:14,1423,1,0
BRDA:14,1424,0,0
BRDA:14,1424,1,0
BRDA:14,1425,0,0
BRDA:14,1425,1,0
BRDA:14,1425,2,0
BRDA:14,1426,0,0
BRDA:14,1426,1,0
BRDA:14,1426,2,0
BRDA:14,1427,0,0
BRDA:14,1427,1,0
BRDA:14,1428,0,0
BRDA:14,1428,1,0
BRDA:14,1429,0,0
BRDA:14,1429,1,0
BRDA:14,1430,0,0
BRDA:14,1430,1,0
BRDA:14,1431,0,0
BRDA:14,1431,1,0
BRDA:14,1432,0,0
BRDA:14,1432,1,0
BRDA:14,1433,0,0
BRDA:14,1433,1,0
BRDA:14,1434,0,0
BRDA:14,1434,1,0
BRDA:14,1434,2,0
BRDA:14,1435,0,0
BRDA:14,1435,1,0
BRDA:14,1436,0,0
BRDA:14,1436,1,0
BRDA:14,1437,0,0
BRDA:14,1437,1,0
BRDA:14,1438,0,0
BRDA:14,1438,1,0
BRDA:14,1439,0,0
BRDA:14,1439,1,0
BRDA:14,1440,0,0
BRDA:14,1440,1,0
BRDA:14,1441,0,0
BRDA:14,1441,1,0
BRDA:14,1442,0,0
BRDA:14,1442,1,0
BRDA:14,1443,0,0
BRDA:14,1443,1,0
BRDA:14,1444,0,0
BRDA:14,1444,1,0
BRDA:14,1445,0,0
BRDA:14,1445,1,0
BRDA:14,1446,0,0
BRDA:14,1446,1,0
BRDA:14,1446,2,0
BRDA:14,1447,0,0
BRDA:14,1447,1,0
BRDA:14,1448,0,0
BRDA:14,1448,1,0
BRDA:14,1449,0,0
BRDA:14,1449,1,0
BRDA:14,1450,0,0
BRDA:14,1450,1,0
BRDA:14,1450,2,0
BRDA:14,1451,0,0
BRDA:14,1451,1,0
BRDA:22,1452,0,0
BRDA:22,1452,1,0
BRDA:22,1453,0,0
BRDA:22,1453,1,0
BRDA:22,1454,0,0
BRDA:22,1454,1,0
BRDA:22,1455,0,0
BRDA:22,1455,1,0
BRDA:22,1456,0,0
BRDA:22,1456,1,0
BRDA:22,1457,0,0
BRDA:22,1457,1,0
BRDA:22,1458,0,0
BRDA:22,1458,1,0
BRDA:22,1459,0,0
BRDA:22,1459,1,0
BRDA:22,1460,0,0
BRDA:22,1460,1,0
BRDA:22,1461,0,0
BRDA:22,1461,1,0
BRDA:22,1462,0,0
BRDA:22,1462,1,0
BRDA:22,1463,0,0
BRDA:22,1463,1,0
BRDA:22,1464,0,0
BRDA:22,1464,1,0
BRDA:22,1464,2,0
BRDA:22,1464,3,0
BRDA:22,1465,0,0
BRDA:22,1465,1,0
BRDA:22,1466,0,0
BRDA:22,1466,1,0
BRDA:22,1467,0,0
BRDA:22,1467,1,0
BRDA:22,1468,0,0
BRDA:22,1468,1,0
BRDA:22,1469,0,0
BRDA:22,1469,1,0
BRDA:22,1470,0,0
BRDA:22,1470,1,0
BRDA:22,1471,0,0
BRDA:22,1471,1,0
BRDA:22,1472,0,0
BRDA:22,1472,1,0
BRDA:22,1472,2,0
BRDA:22,1473,0,0
BRDA:22,1473,1,0
BRDA:22,1474,0,0
BRDA:22,1474,1,0
BRDA:22,1475,0,0
BRDA:22,1475,1,0
BRDA:22,1476,0,0
BRDA:22,1476,1,0
BRDA:22,1476,2,0
BRDA:22,1477,0,0
BRDA:22,1477,1,0
BRDA:22,1478,0,0
BRDA:22,1478,1,0
BRDA:22,1478,2,0
BRDA:22,1479,0,0
BRDA:22,1479,1,0
BRDA:22,1480,0,0
BRDA:22,1480,1,0
BRDA:22,1481,0,0
BRDA:22,1481,1,0
BRDA:22,1482,0,0
BRDA:22,1482,1,0
BRDA:22,1483,0,0
BRDA:22,1483,1,0
BRDA:22,1484,0,0
BRDA:22,1484,1,0
BRDA:22,1485,0,0
BRDA:22,1485,1,0
BRDA:22,1486,0,0
BRDA:22,1486,1,0
BRDA:22,1487,0,0
BRDA:22,1487,1,0
BRDA:22,1488,0,0
BRDA:22,1488,1,0
BRDA:22,1488,2,0
BRDA:22,1489,0,0
BRDA:22,1489,1,0
BRDA:22,1490,0,0
BRDA:22,1490,1,0
BRDA:22,1491,0,0
BRDA:22,1491,1,0
BRDA:22,1492,0,0
BRDA:22,1492,1,0
BRDA:22,1492,2,0
BRDA:22,1493,0,0
BRDA:22,1493,1,0
BRDA:22,1494,0,0
BRDA:22,1494,1,0
BRDA:22,1495,0,0
BRDA:22,1495,1,0
BRDA:22,1496,0,0
BRDA:22,1496,1,0
BRDA:22,1497,0,0
BRDA:22,1497,1,0
BRDA:22,1497,2,0
BRDA:22,1498,0,0
BRDA:22,1498,1,0
BRDA:22,1499,0,0
BRDA:22,1499,1,0
BRDA:22,1500,0,0
BRDA:22,1500,1,0
BRDA:22,1501,0,0
BRDA:22,1501,1,0
BRDA:22,1502,0,0
BRDA:22,1502,1,0
BRDA:22,1503,0,0
BRDA:22,1503,1,0
BRDA:22,1504,0,0
BRDA:22,1504,1,0
BRDA:22,1505,0,0
BRDA:22,1505,1,0
BRDA:22,1506,0,0
BRDA:22,1506,1,0
BRDA:22,1506,2,0
BRDA:22,1507,0,0
BRDA:22,1507,1,0
BRDA:22,1508,0,0
BRDA:22,1508,1,0
BRDA:22,1509,0,0
BRDA:22,1509,1,0
BRDA:22,1510,0,0
BRDA:22,1510,1,0
BRDA:22,1510,2,0
BRDA:22,1511,0,0
BRDA:22,1511,1,0
BRDA:22,1512,0,0
BRDA:22,1512,1,0
BRDA:22,1513,0,0
BRDA:22,1513,1,0
BRDA:22,1513,2,0
BRDA:22,1514,0,0
BRDA:22,1514,1,0
BRDA:22,1515,0,0
BRDA:22,1515,1,0
BRDA:22,1516,0,0
BRDA:22,1516,1,0
BRF:3490
BRH:0
end_of_record
TN:
SF:C:\Users\Lizaveta_Sasinovich\Desktop\Cources\react-task\jest\fileMock.js
FNF:0
FNH:0
DA:1,1
LF:1
LH:1
BRF:0
BRH:0
end_of_record
TN:
SF:C:\Users\Lizaveta_Sasinovich\Desktop\Cources\react-task\jest\setupTests.js
FN:2,_interopRequireDefault
FNF:1
FNH:1
FNDA:20,_interopRequireDefault
DA:2,20
DA:7,10
DA:8,10
LF:3
LH:3
BRDA:2,0,0,0
BRDA:2,0,1,20
BRDA:2,1,0,20
BRDA:2,1,1,20
BRF:4
BRH:3
end_of_record
TN:
SF:C:\Users\Lizaveta_Sasinovich\Desktop\Cources\react-task\jest\styleMock.js
FNF:0
FNH:0
DA:1,9
LF:1
LH:1
BRF:0
BRH:0
end_of_record
